{"total": {"lines":{"total":13206,"covered":1792,"skipped":0,"pct":13.56},"statements":{"total":13824,"covered":1842,"skipped":0,"pct":13.32},"functions":{"total":3119,"covered":393,"skipped":0,"pct":12.6},"branches":{"total":8849,"covered":840,"skipped":0,"pct":9.49},"branchesTrue":{"total":0,"covered":0,"skipped":0,"pct":100}}
,"C:\\Users\\Admin\\Downloads\\projects\\goose\\ui\\desktop\\src\\App.tsx": {"lines":{"total":262,"covered":91,"skipped":0,"pct":34.73},"functions":{"total":68,"covered":24,"skipped":0,"pct":35.29},"statements":{"total":268,"covered":93,"skipped":0,"pct":34.7},"branches":{"total":82,"covered":1,"skipped":0,"pct":1.21}}
,"C:\\Users\\Admin\\Downloads\\projects\\goose\\ui\\desktop\\src\\config.ts": {"lines":{"total":4,"covered":0,"skipped":0,"pct":0},"functions":{"total":1,"covered":0,"skipped":0,"pct":0},"statements":{"total":4,"covered":0,"skipped":0,"pct":0},"branches":{"total":4,"covered":0,"skipped":0,"pct":0}}
,"C:\\Users\\Admin\\Downloads\\projects\\goose\\ui\\desktop\\src\\goosed.ts": {"lines":{"total":101,"covered":0,"skipped":0,"pct":0},"functions":{"total":20,"covered":0,"skipped":0,"pct":0},"statements":{"total":103,"covered":0,"skipped":0,"pct":0},"branches":{"total":48,"covered":0,"skipped":0,"pct":0}}
,"C:\\Users\\Admin\\Downloads\\projects\\goose\\ui\\desktop\\src\\main.ts": {"lines":{"total":1023,"covered":0,"skipped":0,"pct":0},"functions":{"total":155,"covered":0,"skipped":0,"pct":0},"statements":{"total":1048,"covered":0,"skipped":0,"pct":0},"branches":{"total":568,"covered":0,"skipped":0,"pct":0}}
,"C:\\Users\\Admin\\Downloads\\projects\\goose\\ui\\desktop\\src\\preload.ts": {"lines":{"total":68,"covered":0,"skipped":0,"pct":0},"functions":{"total":62,"covered":0,"skipped":0,"pct":0},"statements":{"total":71,"covered":0,"skipped":0,"pct":0},"branches":{"total":9,"covered":0,"skipped":0,"pct":0}}
,"C:\\Users\\Admin\\Downloads\\projects\\goose\\ui\\desktop\\src\\renderer.tsx": {"lines":{"total":17,"covered":0,"skipped":0,"pct":0},"functions":{"total":2,"covered":0,"skipped":0,"pct":0},"statements":{"total":19,"covered":0,"skipped":0,"pct":0},"branches":{"total":4,"covered":0,"skipped":0,"pct":0}}
,"C:\\Users\\Admin\\Downloads\\projects\\goose\\ui\\desktop\\src\\schedule.ts": {"lines":{"total":59,"covered":0,"skipped":0,"pct":0},"functions":{"total":10,"covered":0,"skipped":0,"pct":0},"statements":{"total":59,"covered":0,"skipped":0,"pct":0},"branches":{"total":26,"covered":0,"skipped":0,"pct":0}}
,"C:\\Users\\Admin\\Downloads\\projects\\goose\\ui\\desktop\\src\\sessionLinks.ts": {"lines":{"total":25,"covered":0,"skipped":0,"pct":0},"functions":{"total":1,"covered":0,"skipped":0,"pct":0},"statements":{"total":25,"covered":0,"skipped":0,"pct":0},"branches":{"total":14,"covered":0,"skipped":0,"pct":0}}
,"C:\\Users\\Admin\\Downloads\\projects\\goose\\ui\\desktop\\src\\sessions.ts": {"lines":{"total":28,"covered":0,"skipped":0,"pct":0},"functions":{"total":4,"covered":0,"skipped":0,"pct":0},"statements":{"total":28,"covered":0,"skipped":0,"pct":0},"branches":{"total":20,"covered":0,"skipped":0,"pct":0}}
,"C:\\Users\\Admin\\Downloads\\projects\\goose\\ui\\desktop\\src\\sharedSessions.ts": {"lines":{"total":20,"covered":0,"skipped":0,"pct":0},"functions":{"total":2,"covered":0,"skipped":0,"pct":0},"statements":{"total":20,"covered":0,"skipped":0,"pct":0},"branches":{"total":10,"covered":0,"skipped":0,"pct":0}}
,"C:\\Users\\Admin\\Downloads\\projects\\goose\\ui\\desktop\\src\\suspense-loader.tsx": {"lines":{"total":1,"covered":0,"skipped":0,"pct":0},"functions":{"total":1,"covered":0,"skipped":0,"pct":0},"statements":{"total":1,"covered":0,"skipped":0,"pct":0},"branches":{"total":0,"covered":0,"skipped":0,"pct":100}}
,"C:\\Users\\Admin\\Downloads\\projects\\goose\\ui\\desktop\\src\\toasts.tsx": {"lines":{"total":45,"covered":7,"skipped":0,"pct":15.55},"functions":{"total":14,"covered":1,"skipped":0,"pct":7.14},"statements":{"total":46,"covered":7,"skipped":0,"pct":15.21},"branches":{"total":55,"covered":1,"skipped":0,"pct":1.81}}
,"C:\\Users\\Admin\\Downloads\\projects\\goose\\ui\\desktop\\src\\updates.ts": {"lines":{"total":5,"covered":5,"skipped":0,"pct":100},"functions":{"total":0,"covered":0,"skipped":0,"pct":100},"statements":{"total":5,"covered":5,"skipped":0,"pct":100},"branches":{"total":0,"covered":0,"skipped":0,"pct":100}}
,"C:\\Users\\Admin\\Downloads\\projects\\goose\\ui\\desktop\\src\\utils.ts": {"lines":{"total":3,"covered":1,"skipped":0,"pct":33.33},"functions":{"total":3,"covered":1,"skipped":0,"pct":33.33},"statements":{"total":3,"covered":1,"skipped":0,"pct":33.33},"branches":{"total":0,"covered":0,"skipped":0,"pct":100}}
,"C:\\Users\\Admin\\Downloads\\projects\\goose\\ui\\desktop\\src\\api\\client.gen.ts": {"lines":{"total":1,"covered":1,"skipped":0,"pct":100},"functions":{"total":0,"covered":0,"skipped":0,"pct":100},"statements":{"total":1,"covered":1,"skipped":0,"pct":100},"branches":{"total":0,"covered":0,"skipped":0,"pct":100}}
,"C:\\Users\\Admin\\Downloads\\projects\\goose\\ui\\desktop\\src\\api\\sdk.gen.ts": {"lines":{"total":94,"covered":94,"skipped":0,"pct":100},"functions":{"total":94,"covered":1,"skipped":0,"pct":1.06},"statements":{"total":188,"covered":95,"skipped":0,"pct":50.53},"branches":{"total":188,"covered":2,"skipped":0,"pct":1.06}}
,"C:\\Users\\Admin\\Downloads\\projects\\goose\\ui\\desktop\\src\\api\\types.gen.ts": {"lines":{"total":0,"covered":0,"skipped":0,"pct":0},"functions":{"total":0,"covered":0,"skipped":0,"pct":0},"statements":{"total":0,"covered":0,"skipped":0,"pct":0},"branches":{"total":0,"covered":0,"skipped":0,"pct":0}}
,"C:\\Users\\Admin\\Downloads\\projects\\goose\\ui\\desktop\\src\\api\\client\\client.gen.ts": {"lines":{"total":90,"covered":26,"skipped":0,"pct":28.88},"functions":{"total":10,"covered":6,"skipped":0,"pct":60},"statements":{"total":93,"covered":28,"skipped":0,"pct":30.1},"branches":{"total":77,"covered":11,"skipped":0,"pct":14.28}}
,"C:\\Users\\Admin\\Downloads\\projects\\goose\\ui\\desktop\\src\\api\\client\\types.gen.ts": {"lines":{"total":0,"covered":0,"skipped":0,"pct":0},"functions":{"total":0,"covered":0,"skipped":0,"pct":0},"statements":{"total":0,"covered":0,"skipped":0,"pct":0},"branches":{"total":0,"covered":0,"skipped":0,"pct":0}}
,"C:\\Users\\Admin\\Downloads\\projects\\goose\\ui\\desktop\\src\\api\\client\\utils.gen.ts": {"lines":{"total":108,"covered":36,"skipped":0,"pct":33.33},"functions":{"total":19,"covered":8,"skipped":0,"pct":42.1},"statements":{"total":112,"covered":37,"skipped":0,"pct":33.03},"branches":{"total":80,"covered":13,"skipped":0,"pct":16.25}}
,"C:\\Users\\Admin\\Downloads\\projects\\goose\\ui\\desktop\\src\\api\\core\\auth.gen.ts": {"lines":{"total":9,"covered":1,"skipped":0,"pct":11.11},"functions":{"total":1,"covered":0,"skipped":0,"pct":0},"statements":{"total":9,"covered":1,"skipped":0,"pct":11.11},"branches":{"total":8,"covered":0,"skipped":0,"pct":0}}
,"C:\\Users\\Admin\\Downloads\\projects\\goose\\ui\\desktop\\src\\api\\core\\bodySerializer.gen.ts": {"lines":{"total":31,"covered":5,"skipped":0,"pct":16.12},"functions":{"total":10,"covered":0,"skipped":0,"pct":0},"statements":{"total":33,"covered":5,"skipped":0,"pct":15.15},"branches":{"total":22,"covered":0,"skipped":0,"pct":0}}
,"C:\\Users\\Admin\\Downloads\\projects\\goose\\ui\\desktop\\src\\api\\core\\params.gen.ts": {"lines":{"total":52,"covered":5,"skipped":0,"pct":9.61},"functions":{"total":4,"covered":0,"skipped":0,"pct":0},"statements":{"total":52,"covered":5,"skipped":0,"pct":9.61},"branches":{"total":43,"covered":0,"skipped":0,"pct":0}}
,"C:\\Users\\Admin\\Downloads\\projects\\goose\\ui\\desktop\\src\\api\\core\\pathSerializer.gen.ts": {"lines":{"total":56,"covered":6,"skipped":0,"pct":10.71},"functions":{"total":10,"covered":0,"skipped":0,"pct":0},"statements":{"total":56,"covered":6,"skipped":0,"pct":10.71},"branches":{"total":58,"covered":0,"skipped":0,"pct":0}}
,"C:\\Users\\Admin\\Downloads\\projects\\goose\\ui\\desktop\\src\\api\\core\\queryKeySerializer.gen.ts": {"lines":{"total":51,"covered":5,"skipped":0,"pct":9.8},"functions":{"total":6,"covered":0,"skipped":0,"pct":0},"statements":{"total":51,"covered":5,"skipped":0,"pct":9.8},"branches":{"total":45,"covered":0,"skipped":0,"pct":0}}
,"C:\\Users\\Admin\\Downloads\\projects\\goose\\ui\\desktop\\src\\api\\core\\serverSentEvents.gen.ts": {"lines":{"total":76,"covered":1,"skipped":0,"pct":1.31},"functions":{"total":5,"covered":0,"skipped":0,"pct":0},"statements":{"total":80,"covered":1,"skipped":0,"pct":1.25},"branches":{"total":50,"covered":0,"skipped":0,"pct":0}}
,"C:\\Users\\Admin\\Downloads\\projects\\goose\\ui\\desktop\\src\\api\\core\\types.gen.ts": {"lines":{"total":0,"covered":0,"skipped":0,"pct":0},"functions":{"total":0,"covered":0,"skipped":0,"pct":0},"statements":{"total":0,"covered":0,"skipped":0,"pct":0},"branches":{"total":0,"covered":0,"skipped":0,"pct":0}}
,"C:\\Users\\Admin\\Downloads\\projects\\goose\\ui\\desktop\\src\\api\\core\\utils.gen.ts": {"lines":{"total":54,"covered":34,"skipped":0,"pct":62.96},"functions":{"total":3,"covered":3,"skipped":0,"pct":100},"statements":{"total":54,"covered":34,"skipped":0,"pct":62.96},"branches":{"total":46,"covered":21,"skipped":0,"pct":45.65}}
,"C:\\Users\\Admin\\Downloads\\projects\\goose\\ui\\desktop\\src\\components\\AnimatedIcons.tsx": {"lines":{"total":10,"covered":2,"skipped":0,"pct":20},"functions":{"total":5,"covered":0,"skipped":0,"pct":0},"statements":{"total":12,"covered":2,"skipped":0,"pct":16.66},"branches":{"total":5,"covered":0,"skipped":0,"pct":0}}
,"C:\\Users\\Admin\\Downloads\\projects\\goose\\ui\\desktop\\src\\components\\AnnouncementModal.tsx": {"lines":{"total":52,"covered":0,"skipped":0,"pct":0},"functions":{"total":14,"covered":0,"skipped":0,"pct":0},"statements":{"total":60,"covered":0,"skipped":0,"pct":0},"branches":{"total":28,"covered":0,"skipped":0,"pct":0}}
,"C:\\Users\\Admin\\Downloads\\projects\\goose\\ui\\desktop\\src\\components\\ApiKeyTester.tsx": {"lines":{"total":28,"covered":0,"skipped":0,"pct":0},"functions":{"total":5,"covered":0,"skipped":0,"pct":0},"statements":{"total":28,"covered":0,"skipped":0,"pct":0},"branches":{"total":22,"covered":0,"skipped":0,"pct":0}}
,"C:\\Users\\Admin\\Downloads\\projects\\goose\\ui\\desktop\\src\\components\\BaseChat.tsx": {"lines":{"total":123,"covered":1,"skipped":0,"pct":0.81},"functions":{"total":36,"covered":0,"skipped":0,"pct":0},"statements":{"total":126,"covered":1,"skipped":0,"pct":0.79},"branches":{"total":122,"covered":0,"skipped":0,"pct":0}}
,"C:\\Users\\Admin\\Downloads\\projects\\goose\\ui\\desktop\\src\\components\\ChatInput.tsx": {"lines":{"total":545,"covered":4,"skipped":0,"pct":0.73},"functions":{"total":139,"covered":0,"skipped":0,"pct":0},"statements":{"total":590,"covered":4,"skipped":0,"pct":0.67},"branches":{"total":406,"covered":0,"skipped":0,"pct":0}}
,"C:\\Users\\Admin\\Downloads\\projects\\goose\\ui\\desktop\\src\\components\\ChatSessionsContainer.tsx": {"lines":{"total":10,"covered":4,"skipped":0,"pct":40},"functions":{"total":3,"covered":1,"skipped":0,"pct":33.33},"statements":{"total":11,"covered":4,"skipped":0,"pct":36.36},"branches":{"total":12,"covered":5,"skipped":0,"pct":41.66}}
,"C:\\Users\\Admin\\Downloads\\projects\\goose\\ui\\desktop\\src\\components\\ConfigContext.tsx": {"lines":{"total":109,"covered":0,"skipped":0,"pct":0},"functions":{"total":21,"covered":0,"skipped":0,"pct":0},"statements":{"total":110,"covered":0,"skipped":0,"pct":0},"branches":{"total":45,"covered":0,"skipped":0,"pct":0}}
,"C:\\Users\\Admin\\Downloads\\projects\\goose\\ui\\desktop\\src\\components\\ElicitationRequest.tsx": {"lines":{"total":31,"covered":1,"skipped":0,"pct":3.22},"functions":{"total":6,"covered":0,"skipped":0,"pct":0},"statements":{"total":33,"covered":1,"skipped":0,"pct":3.03},"branches":{"total":19,"covered":0,"skipped":0,"pct":0}}
,"C:\\Users\\Admin\\Downloads\\projects\\goose\\ui\\desktop\\src\\components\\ErrorBoundary.tsx": {"lines":{"total":21,"covered":0,"skipped":0,"pct":0},"functions":{"total":9,"covered":0,"skipped":0,"pct":0},"statements":{"total":21,"covered":0,"skipped":0,"pct":0},"branches":{"total":14,"covered":0,"skipped":0,"pct":0}}
,"C:\\Users\\Admin\\Downloads\\projects\\goose\\ui\\desktop\\src\\components\\ExtensionInstallModal.tsx": {"lines":{"total":102,"covered":86,"skipped":0,"pct":84.31},"functions":{"total":22,"covered":17,"skipped":0,"pct":77.27},"statements":{"total":108,"covered":89,"skipped":0,"pct":82.4},"branches":{"total":52,"covered":41,"skipped":0,"pct":78.84}}
,"C:\\Users\\Admin\\Downloads\\projects\\goose\\ui\\desktop\\src\\components\\FlyingBird.tsx": {"lines":{"total":8,"covered":1,"skipped":0,"pct":12.5},"functions":{"total":5,"covered":0,"skipped":0,"pct":0},"statements":{"total":10,"covered":1,"skipped":0,"pct":10},"branches":{"total":2,"covered":0,"skipped":0,"pct":0}}
,"C:\\Users\\Admin\\Downloads\\projects\\goose\\ui\\desktop\\src\\components\\GooseLogo.tsx": {"lines":{"total":3,"covered":0,"skipped":0,"pct":0},"functions":{"total":1,"covered":0,"skipped":0,"pct":0},"statements":{"total":3,"covered":0,"skipped":0,"pct":0},"branches":{"total":7,"covered":0,"skipped":0,"pct":0}}
,"C:\\Users\\Admin\\Downloads\\projects\\goose\\ui\\desktop\\src\\components\\GooseMessage.tsx": {"lines":{"total":54,"covered":0,"skipped":0,"pct":0},"functions":{"total":13,"covered":0,"skipped":0,"pct":0},"statements":{"total":62,"covered":0,"skipped":0,"pct":0},"branches":{"total":52,"covered":0,"skipped":0,"pct":0}}
,"C:\\Users\\Admin\\Downloads\\projects\\goose\\ui\\desktop\\src\\components\\GroupedExtensionLoadingToast.tsx": {"lines":{"total":31,"covered":25,"skipped":0,"pct":80.64},"functions":{"total":10,"covered":7,"skipped":0,"pct":70},"statements":{"total":34,"covered":27,"skipped":0,"pct":79.41},"branches":{"total":35,"covered":27,"skipped":0,"pct":77.14}}
,"C:\\Users\\Admin\\Downloads\\projects\\goose\\ui\\desktop\\src\\components\\Hub.tsx": {"lines":{"total":17,"covered":0,"skipped":0,"pct":0},"functions":{"total":4,"covered":0,"skipped":0,"pct":0},"statements":{"total":17,"covered":0,"skipped":0,"pct":0},"branches":{"total":11,"covered":0,"skipped":0,"pct":0}}
,"C:\\Users\\Admin\\Downloads\\projects\\goose\\ui\\desktop\\src\\components\\ImagePreview.tsx": {"lines":{"total":7,"covered":0,"skipped":0,"pct":0},"functions":{"total":3,"covered":0,"skipped":0,"pct":0},"statements":{"total":7,"covered":0,"skipped":0,"pct":0},"branches":{"total":6,"covered":0,"skipped":0,"pct":0}}
,"C:\\Users\\Admin\\Downloads\\projects\\goose\\ui\\desktop\\src\\components\\InterruptionHandler.tsx": {"lines":{"total":45,"covered":0,"skipped":0,"pct":0},"functions":{"total":8,"covered":0,"skipped":0,"pct":0},"statements":{"total":45,"covered":0,"skipped":0,"pct":0},"branches":{"total":42,"covered":0,"skipped":0,"pct":0}}
,"C:\\Users\\Admin\\Downloads\\projects\\goose\\ui\\desktop\\src\\components\\ItemIcon.tsx": {"lines":{"total":44,"covered":2,"skipped":0,"pct":4.54},"functions":{"total":2,"covered":0,"skipped":0,"pct":0},"statements":{"total":44,"covered":2,"skipped":0,"pct":4.54},"branches":{"total":52,"covered":0,"skipped":0,"pct":0}}
,"C:\\Users\\Admin\\Downloads\\projects\\goose\\ui\\desktop\\src\\components\\LauncherView.tsx": {"lines":{"total":15,"covered":5,"skipped":0,"pct":33.33},"functions":{"total":5,"covered":1,"skipped":0,"pct":20},"statements":{"total":15,"covered":5,"skipped":0,"pct":33.33},"branches":{"total":4,"covered":0,"skipped":0,"pct":0}}
,"C:\\Users\\Admin\\Downloads\\projects\\goose\\ui\\desktop\\src\\components\\LoadingGoose.tsx": {"lines":{"total":6,"covered":3,"skipped":0,"pct":50},"functions":{"total":1,"covered":0,"skipped":0,"pct":0},"statements":{"total":6,"covered":3,"skipped":0,"pct":50},"branches":{"total":3,"covered":0,"skipped":0,"pct":0}}
,"C:\\Users\\Admin\\Downloads\\projects\\goose\\ui\\desktop\\src\\components\\MCPUIResourceRenderer.tsx": {"lines":{"total":81,"covered":12,"skipped":0,"pct":14.81},"functions":{"total":11,"covered":1,"skipped":0,"pct":9.09},"statements":{"total":82,"covered":13,"skipped":0,"pct":15.85},"branches":{"total":25,"covered":2,"skipped":0,"pct":8}}
,"C:\\Users\\Admin\\Downloads\\projects\\goose\\ui\\desktop\\src\\components\\MarkdownContent.tsx": {"lines":{"total":51,"covered":29,"skipped":0,"pct":56.86},"functions":{"total":12,"covered":9,"skipped":0,"pct":75},"statements":{"total":54,"covered":29,"skipped":0,"pct":53.7},"branches":{"total":25,"covered":11,"skipped":0,"pct":44}}
,"C:\\Users\\Admin\\Downloads\\projects\\goose\\ui\\desktop\\src\\components\\MentionPopover.tsx": {"lines":{"total":157,"covered":4,"skipped":0,"pct":2.54},"functions":{"total":26,"covered":0,"skipped":0,"pct":0},"statements":{"total":166,"covered":4,"skipped":0,"pct":2.4},"branches":{"total":141,"covered":0,"skipped":0,"pct":0}}
,"C:\\Users\\Admin\\Downloads\\projects\\goose\\ui\\desktop\\src\\components\\MessageCopyLink.tsx": {"lines":{"total":20,"covered":0,"skipped":0,"pct":0},"functions":{"total":5,"covered":0,"skipped":0,"pct":0},"statements":{"total":23,"covered":0,"skipped":0,"pct":0},"branches":{"total":4,"covered":0,"skipped":0,"pct":0}}
,"C:\\Users\\Admin\\Downloads\\projects\\goose\\ui\\desktop\\src\\components\\MessageQueue.tsx": {"lines":{"total":76,"covered":1,"skipped":0,"pct":1.31},"functions":{"total":24,"covered":0,"skipped":0,"pct":0},"statements":{"total":84,"covered":1,"skipped":0,"pct":1.19},"branches":{"total":88,"covered":0,"skipped":0,"pct":0}}
,"C:\\Users\\Admin\\Downloads\\projects\\goose\\ui\\desktop\\src\\components\\ModelAndProviderContext.tsx": {"lines":{"total":80,"covered":0,"skipped":0,"pct":0},"functions":{"total":11,"covered":0,"skipped":0,"pct":0},"statements":{"total":80,"covered":0,"skipped":0,"pct":0},"branches":{"total":18,"covered":0,"skipped":0,"pct":0}}
,"C:\\Users\\Admin\\Downloads\\projects\\goose\\ui\\desktop\\src\\components\\OllamaSetup.tsx": {"lines":{"total":53,"covered":42,"skipped":0,"pct":79.24},"functions":{"total":9,"covered":7,"skipped":0,"pct":77.77},"statements":{"total":53,"covered":42,"skipped":0,"pct":79.24},"branches":{"total":33,"covered":23,"skipped":0,"pct":69.69}}
,"C:\\Users\\Admin\\Downloads\\projects\\goose\\ui\\desktop\\src\\components\\ParameterInputModal.tsx": {"lines":{"total":46,"covered":1,"skipped":0,"pct":2.17},"functions":{"total":17,"covered":0,"skipped":0,"pct":0},"statements":{"total":48,"covered":1,"skipped":0,"pct":2.08},"branches":{"total":46,"covered":0,"skipped":0,"pct":0}}
,"C:\\Users\\Admin\\Downloads\\projects\\goose\\ui\\desktop\\src\\components\\PopularChatTopics.tsx": {"lines":{"total":8,"covered":1,"skipped":0,"pct":12.5},"functions":{"total":5,"covered":0,"skipped":0,"pct":0},"statements":{"total":8,"covered":1,"skipped":0,"pct":12.5},"branches":{"total":0,"covered":0,"skipped":0,"pct":100}}
,"C:\\Users\\Admin\\Downloads\\projects\\goose\\ui\\desktop\\src\\components\\ProgressiveMessageList.tsx": {"lines":{"total":68,"covered":0,"skipped":0,"pct":0},"functions":{"total":22,"covered":0,"skipped":0,"pct":0},"statements":{"total":74,"covered":0,"skipped":0,"pct":0},"branches":{"total":62,"covered":0,"skipped":0,"pct":0}}
,"C:\\Users\\Admin\\Downloads\\projects\\goose\\ui\\desktop\\src\\components\\ProviderGuard.tsx": {"lines":{"total":143,"covered":0,"skipped":0,"pct":0},"functions":{"total":26,"covered":0,"skipped":0,"pct":0},"statements":{"total":146,"covered":0,"skipped":0,"pct":0},"branches":{"total":61,"covered":0,"skipped":0,"pct":0}}
,"C:\\Users\\Admin\\Downloads\\projects\\goose\\ui\\desktop\\src\\components\\RecipeHeader.tsx": {"lines":{"total":1,"covered":0,"skipped":0,"pct":0},"functions":{"total":1,"covered":0,"skipped":0,"pct":0},"statements":{"total":1,"covered":0,"skipped":0,"pct":0},"branches":{"total":0,"covered":0,"skipped":0,"pct":100}}
,"C:\\Users\\Admin\\Downloads\\projects\\goose\\ui\\desktop\\src\\components\\SessionIndicators.tsx": {"lines":{"total":9,"covered":2,"skipped":0,"pct":22.22},"functions":{"total":1,"covered":0,"skipped":0,"pct":0},"statements":{"total":9,"covered":2,"skipped":0,"pct":22.22},"branches":{"total":6,"covered":0,"skipped":0,"pct":0}}
,"C:\\Users\\Admin\\Downloads\\projects\\goose\\ui\\desktop\\src\\components\\SetupModal.tsx": {"lines":{"total":7,"covered":0,"skipped":0,"pct":0},"functions":{"total":4,"covered":0,"skipped":0,"pct":0},"statements":{"total":8,"covered":0,"skipped":0,"pct":0},"branches":{"total":11,"covered":0,"skipped":0,"pct":0}}
,"C:\\Users\\Admin\\Downloads\\projects\\goose\\ui\\desktop\\src\\components\\TelemetryOptOutModal.tsx": {"lines":{"total":39,"covered":1,"skipped":0,"pct":2.56},"functions":{"total":6,"covered":0,"skipped":0,"pct":0},"statements":{"total":40,"covered":1,"skipped":0,"pct":2.5},"branches":{"total":22,"covered":0,"skipped":0,"pct":0}}
,"C:\\Users\\Admin\\Downloads\\projects\\goose\\ui\\desktop\\src\\components\\ToolApprovalButtons.tsx": {"lines":{"total":27,"covered":1,"skipped":0,"pct":3.7},"functions":{"total":7,"covered":0,"skipped":0,"pct":0},"statements":{"total":27,"covered":1,"skipped":0,"pct":3.7},"branches":{"total":15,"covered":0,"skipped":0,"pct":0}}
,"C:\\Users\\Admin\\Downloads\\projects\\goose\\ui\\desktop\\src\\components\\ToolCallArguments.tsx": {"lines":{"total":18,"covered":0,"skipped":0,"pct":0},"functions":{"total":9,"covered":0,"skipped":0,"pct":0},"statements":{"total":19,"covered":0,"skipped":0,"pct":0},"branches":{"total":20,"covered":0,"skipped":0,"pct":0}}
,"C:\\Users\\Admin\\Downloads\\projects\\goose\\ui\\desktop\\src\\components\\ToolCallConfirmation.tsx": {"lines":{"total":3,"covered":0,"skipped":0,"pct":0},"functions":{"total":1,"covered":0,"skipped":0,"pct":0},"statements":{"total":3,"covered":0,"skipped":0,"pct":0},"branches":{"total":4,"covered":0,"skipped":0,"pct":0}}
,"C:\\Users\\Admin\\Downloads\\projects\\goose\\ui\\desktop\\src\\components\\ToolCallStatusIndicator.tsx": {"lines":{"total":10,"covered":2,"skipped":0,"pct":20},"functions":{"total":3,"covered":0,"skipped":0,"pct":0},"statements":{"total":10,"covered":2,"skipped":0,"pct":20},"branches":{"total":5,"covered":0,"skipped":0,"pct":0}}
,"C:\\Users\\Admin\\Downloads\\projects\\goose\\ui\\desktop\\src\\components\\ToolCallWithResponse.tsx": {"lines":{"total":275,"covered":7,"skipped":0,"pct":2.54},"functions":{"total":54,"covered":0,"skipped":0,"pct":0},"statements":{"total":291,"covered":7,"skipped":0,"pct":2.4},"branches":{"total":309,"covered":0,"skipped":0,"pct":0}}
,"C:\\Users\\Admin\\Downloads\\projects\\goose\\ui\\desktop\\src\\components\\UserMessage.tsx": {"lines":{"total":64,"covered":0,"skipped":0,"pct":0},"functions":{"total":14,"covered":0,"skipped":0,"pct":0},"statements":{"total":64,"covered":0,"skipped":0,"pct":0},"branches":{"total":42,"covered":0,"skipped":0,"pct":0}}
,"C:\\Users\\Admin\\Downloads\\projects\\goose\\ui\\desktop\\src\\components\\WaveformVisualizer.tsx": {"lines":{"total":55,"covered":0,"skipped":0,"pct":0},"functions":{"total":4,"covered":0,"skipped":0,"pct":0},"statements":{"total":61,"covered":0,"skipped":0,"pct":0},"branches":{"total":13,"covered":0,"skipped":0,"pct":0}}
,"C:\\Users\\Admin\\Downloads\\projects\\goose\\ui\\desktop\\src\\components\\WelcomeGooseLogo.tsx": {"lines":{"total":1,"covered":0,"skipped":0,"pct":0},"functions":{"total":1,"covered":0,"skipped":0,"pct":0},"statements":{"total":1,"covered":0,"skipped":0,"pct":0},"branches":{"total":1,"covered":0,"skipped":0,"pct":0}}
,"C:\\Users\\Admin\\Downloads\\projects\\goose\\ui\\desktop\\src\\components\\GooseSidebar\\AppSidebar.tsx": {"lines":{"total":190,"covered":73,"skipped":0,"pct":38.42},"functions":{"total":56,"covered":15,"skipped":0,"pct":26.78},"statements":{"total":217,"covered":74,"skipped":0,"pct":34.1},"branches":{"total":96,"covered":17,"skipped":0,"pct":17.7}}
,"C:\\Users\\Admin\\Downloads\\projects\\goose\\ui\\desktop\\src\\components\\GooseSidebar\\EnvironmentBadge.tsx": {"lines":{"total":8,"covered":1,"skipped":0,"pct":12.5},"functions":{"total":1,"covered":0,"skipped":0,"pct":0},"statements":{"total":8,"covered":1,"skipped":0,"pct":12.5},"branches":{"total":9,"covered":0,"skipped":0,"pct":0}}
,"C:\\Users\\Admin\\Downloads\\projects\\goose\\ui\\desktop\\src\\components\\GooseSidebar\\ThemeSelector.tsx": {"lines":{"total":6,"covered":1,"skipped":0,"pct":16.66},"functions":{"total":4,"covered":0,"skipped":0,"pct":0},"statements":{"total":6,"covered":1,"skipped":0,"pct":16.66},"branches":{"total":17,"covered":0,"skipped":0,"pct":0}}
,"C:\\Users\\Admin\\Downloads\\projects\\goose\\ui\\desktop\\src\\components\\Layout\\AppLayout.tsx": {"lines":{"total":44,"covered":17,"skipped":0,"pct":38.63},"functions":{"total":5,"covered":2,"skipped":0,"pct":40},"statements":{"total":44,"covered":17,"skipped":0,"pct":38.63},"branches":{"total":26,"covered":8,"skipped":0,"pct":30.76}}
,"C:\\Users\\Admin\\Downloads\\projects\\goose\\ui\\desktop\\src\\components\\Layout\\MainPanelLayout.tsx": {"lines":{"total":2,"covered":1,"skipped":0,"pct":50},"functions":{"total":1,"covered":0,"skipped":0,"pct":0},"statements":{"total":2,"covered":1,"skipped":0,"pct":50},"branches":{"total":4,"covered":0,"skipped":0,"pct":0}}
,"C:\\Users\\Admin\\Downloads\\projects\\goose\\ui\\desktop\\src\\components\\McpApps\\McpAppRenderer.tsx": {"lines":{"total":68,"covered":0,"skipped":0,"pct":0},"functions":{"total":6,"covered":0,"skipped":0,"pct":0},"statements":{"total":69,"covered":0,"skipped":0,"pct":0},"branches":{"total":71,"covered":0,"skipped":0,"pct":0}}
,"C:\\Users\\Admin\\Downloads\\projects\\goose\\ui\\desktop\\src\\components\\McpApps\\types.ts": {"lines":{"total":0,"covered":0,"skipped":0,"pct":0},"functions":{"total":0,"covered":0,"skipped":0,"pct":0},"statements":{"total":0,"covered":0,"skipped":0,"pct":0},"branches":{"total":0,"covered":0,"skipped":0,"pct":0}}
,"C:\\Users\\Admin\\Downloads\\projects\\goose\\ui\\desktop\\src\\components\\McpApps\\useSandboxBridge.ts": {"lines":{"total":84,"covered":0,"skipped":0,"pct":0},"functions":{"total":18,"covered":0,"skipped":0,"pct":0},"statements":{"total":95,"covered":0,"skipped":0,"pct":0},"branches":{"total":65,"covered":0,"skipped":0,"pct":0}}
,"C:\\Users\\Admin\\Downloads\\projects\\goose\\ui\\desktop\\src\\components\\McpApps\\utils.ts": {"lines":{"total":20,"covered":1,"skipped":0,"pct":5},"functions":{"total":1,"covered":0,"skipped":0,"pct":0},"statements":{"total":20,"covered":1,"skipped":0,"pct":5},"branches":{"total":12,"covered":0,"skipped":0,"pct":0}}
,"C:\\Users\\Admin\\Downloads\\projects\\goose\\ui\\desktop\\src\\components\\alerts\\AlertBox.tsx": {"lines":{"total":101,"covered":54,"skipped":0,"pct":53.46},"functions":{"total":18,"covered":9,"skipped":0,"pct":50},"statements":{"total":103,"covered":55,"skipped":0,"pct":53.39},"branches":{"total":63,"covered":33,"skipped":0,"pct":52.38}}
,"C:\\Users\\Admin\\Downloads\\projects\\goose\\ui\\desktop\\src\\components\\alerts\\types.ts": {"lines":{"total":4,"covered":4,"skipped":0,"pct":100},"functions":{"total":1,"covered":1,"skipped":0,"pct":100},"statements":{"total":5,"covered":5,"skipped":0,"pct":100},"branches":{"total":2,"covered":2,"skipped":0,"pct":100}}
,"C:\\Users\\Admin\\Downloads\\projects\\goose\\ui\\desktop\\src\\components\\alerts\\useAlerts.ts": {"lines":{"total":9,"covered":8,"skipped":0,"pct":88.88},"functions":{"total":7,"covered":4,"skipped":0,"pct":57.14},"statements":{"total":12,"covered":9,"skipped":0,"pct":75},"branches":{"total":0,"covered":0,"skipped":0,"pct":100}}
,"C:\\Users\\Admin\\Downloads\\projects\\goose\\ui\\desktop\\src\\components\\alerts\\useToolCount.ts": {"lines":{"total":11,"covered":1,"skipped":0,"pct":9.09},"functions":{"total":3,"covered":0,"skipped":0,"pct":0},"statements":{"total":11,"covered":1,"skipped":0,"pct":9.09},"branches":{"total":4,"covered":0,"skipped":0,"pct":0}}
,"C:\\Users\\Admin\\Downloads\\projects\\goose\\ui\\desktop\\src\\components\\apps\\AppsView.tsx": {"lines":{"total":92,"covered":1,"skipped":0,"pct":1.08},"functions":{"total":18,"covered":0,"skipped":0,"pct":0},"statements":{"total":96,"covered":1,"skipped":0,"pct":1.04},"branches":{"total":47,"covered":0,"skipped":0,"pct":0}}
,"C:\\Users\\Admin\\Downloads\\projects\\goose\\ui\\desktop\\src\\components\\apps\\StandaloneAppView.tsx": {"lines":{"total":53,"covered":30,"skipped":0,"pct":56.6},"functions":{"total":10,"covered":8,"skipped":0,"pct":80},"statements":{"total":53,"covered":30,"skipped":0,"pct":56.6},"branches":{"total":39,"covered":14,"skipped":0,"pct":35.89}}
,"C:\\Users\\Admin\\Downloads\\projects\\goose\\ui\\desktop\\src\\components\\bottom_menu\\BottomMenuAlertPopover.tsx": {"lines":{"total":108,"covered":0,"skipped":0,"pct":0},"functions":{"total":30,"covered":0,"skipped":0,"pct":0},"statements":{"total":115,"covered":0,"skipped":0,"pct":0},"branches":{"total":69,"covered":0,"skipped":0,"pct":0}}
,"C:\\Users\\Admin\\Downloads\\projects\\goose\\ui\\desktop\\src\\components\\bottom_menu\\BottomMenuExtensionSelection.tsx": {"lines":{"total":113,"covered":1,"skipped":0,"pct":0.88},"functions":{"total":31,"covered":0,"skipped":0,"pct":0},"statements":{"total":118,"covered":1,"skipped":0,"pct":0.84},"branches":{"total":60,"covered":0,"skipped":0,"pct":0}}
,"C:\\Users\\Admin\\Downloads\\projects\\goose\\ui\\desktop\\src\\components\\bottom_menu\\BottomMenuModeSelection.tsx": {"lines":{"total":26,"covered":1,"skipped":0,"pct":3.84},"functions":{"total":9,"covered":0,"skipped":0,"pct":0},"statements":{"total":28,"covered":1,"skipped":0,"pct":3.57},"branches":{"total":8,"covered":0,"skipped":0,"pct":0}}
,"C:\\Users\\Admin\\Downloads\\projects\\goose\\ui\\desktop\\src\\components\\bottom_menu\\CostTracker.tsx": {"lines":{"total":79,"covered":0,"skipped":0,"pct":0},"functions":{"total":12,"covered":0,"skipped":0,"pct":0},"statements":{"total":80,"covered":0,"skipped":0,"pct":0},"branches":{"total":76,"covered":0,"skipped":0,"pct":0}}
,"C:\\Users\\Admin\\Downloads\\projects\\goose\\ui\\desktop\\src\\components\\bottom_menu\\DirSwitcher.tsx": {"lines":{"total":35,"covered":1,"skipped":0,"pct":2.85},"functions":{"total":4,"covered":0,"skipped":0,"pct":0},"statements":{"total":37,"covered":1,"skipped":0,"pct":2.7},"branches":{"total":20,"covered":0,"skipped":0,"pct":0}}
,"C:\\Users\\Admin\\Downloads\\projects\\goose\\ui\\desktop\\src\\components\\common\\Greeting.tsx": {"lines":{"total":8,"covered":0,"skipped":0,"pct":0},"functions":{"total":2,"covered":0,"skipped":0,"pct":0},"statements":{"total":8,"covered":0,"skipped":0,"pct":0},"branches":{"total":4,"covered":0,"skipped":0,"pct":0}}
,"C:\\Users\\Admin\\Downloads\\projects\\goose\\ui\\desktop\\src\\components\\common\\InlineEditText.tsx": {"lines":{"total":68,"covered":1,"skipped":0,"pct":1.47},"functions":{"total":12,"covered":0,"skipped":0,"pct":0},"statements":{"total":70,"covered":1,"skipped":0,"pct":1.42},"branches":{"total":49,"covered":0,"skipped":0,"pct":0}}
,"C:\\Users\\Admin\\Downloads\\projects\\goose\\ui\\desktop\\src\\components\\context_management\\SystemNotificationInline.tsx": {"lines":{"total":6,"covered":1,"skipped":0,"pct":16.66},"functions":{"total":2,"covered":0,"skipped":0,"pct":0},"statements":{"total":6,"covered":1,"skipped":0,"pct":16.66},"branches":{"total":4,"covered":0,"skipped":0,"pct":0}}
,"C:\\Users\\Admin\\Downloads\\projects\\goose\\ui\\desktop\\src\\components\\conversation\\SearchBar.tsx": {"lines":{"total":62,"covered":1,"skipped":0,"pct":1.61},"functions":{"total":16,"covered":0,"skipped":0,"pct":0},"statements":{"total":62,"covered":1,"skipped":0,"pct":1.61},"branches":{"total":43,"covered":0,"skipped":0,"pct":0}}
,"C:\\Users\\Admin\\Downloads\\projects\\goose\\ui\\desktop\\src\\components\\conversation\\SearchView.tsx": {"lines":{"total":143,"covered":1,"skipped":0,"pct":0.69},"functions":{"total":28,"covered":0,"skipped":0,"pct":0},"statements":{"total":145,"covered":1,"skipped":0,"pct":0.68},"branches":{"total":95,"covered":0,"skipped":0,"pct":0}}
,"C:\\Users\\Admin\\Downloads\\projects\\goose\\ui\\desktop\\src\\components\\extensions\\ExtensionsView.tsx": {"lines":{"total":33,"covered":0,"skipped":0,"pct":0},"functions":{"total":15,"covered":0,"skipped":0,"pct":0},"statements":{"total":36,"covered":0,"skipped":0,"pct":0},"branches":{"total":12,"covered":0,"skipped":0,"pct":0}}
,"C:\\Users\\Admin\\Downloads\\projects\\goose\\ui\\desktop\\src\\components\\icons\\Anthropic.tsx": {"lines":{"total":1,"covered":0,"skipped":0,"pct":0},"functions":{"total":1,"covered":0,"skipped":0,"pct":0},"statements":{"total":1,"covered":0,"skipped":0,"pct":0},"branches":{"total":1,"covered":0,"skipped":0,"pct":0}}
,"C:\\Users\\Admin\\Downloads\\projects\\goose\\ui\\desktop\\src\\components\\icons\\ArrowDown.tsx": {"lines":{"total":1,"covered":0,"skipped":0,"pct":0},"functions":{"total":1,"covered":0,"skipped":0,"pct":0},"statements":{"total":1,"covered":0,"skipped":0,"pct":0},"branches":{"total":1,"covered":0,"skipped":0,"pct":0}}
,"C:\\Users\\Admin\\Downloads\\projects\\goose\\ui\\desktop\\src\\components\\icons\\ArrowRight.tsx": {"lines":{"total":1,"covered":0,"skipped":0,"pct":0},"functions":{"total":1,"covered":0,"skipped":0,"pct":0},"statements":{"total":1,"covered":0,"skipped":0,"pct":0},"branches":{"total":1,"covered":0,"skipped":0,"pct":0}}
,"C:\\Users\\Admin\\Downloads\\projects\\goose\\ui\\desktop\\src\\components\\icons\\ArrowUp.tsx": {"lines":{"total":1,"covered":0,"skipped":0,"pct":0},"functions":{"total":1,"covered":0,"skipped":0,"pct":0},"statements":{"total":1,"covered":0,"skipped":0,"pct":0},"branches":{"total":1,"covered":0,"skipped":0,"pct":0}}
,"C:\\Users\\Admin\\Downloads\\projects\\goose\\ui\\desktop\\src\\components\\icons\\Attach.tsx": {"lines":{"total":1,"covered":0,"skipped":0,"pct":0},"functions":{"total":1,"covered":0,"skipped":0,"pct":0},"statements":{"total":1,"covered":0,"skipped":0,"pct":0},"branches":{"total":1,"covered":0,"skipped":0,"pct":0}}
,"C:\\Users\\Admin\\Downloads\\projects\\goose\\ui\\desktop\\src\\components\\icons\\Back.tsx": {"lines":{"total":1,"covered":0,"skipped":0,"pct":0},"functions":{"total":1,"covered":0,"skipped":0,"pct":0},"statements":{"total":1,"covered":0,"skipped":0,"pct":0},"branches":{"total":1,"covered":0,"skipped":0,"pct":0}}
,"C:\\Users\\Admin\\Downloads\\projects\\goose\\ui\\desktop\\src\\components\\icons\\Bird1.tsx": {"lines":{"total":1,"covered":0,"skipped":0,"pct":0},"functions":{"total":1,"covered":0,"skipped":0,"pct":0},"statements":{"total":1,"covered":0,"skipped":0,"pct":0},"branches":{"total":1,"covered":0,"skipped":0,"pct":0}}
,"C:\\Users\\Admin\\Downloads\\projects\\goose\\ui\\desktop\\src\\components\\icons\\Bird2.tsx": {"lines":{"total":1,"covered":0,"skipped":0,"pct":0},"functions":{"total":1,"covered":0,"skipped":0,"pct":0},"statements":{"total":1,"covered":0,"skipped":0,"pct":0},"branches":{"total":1,"covered":0,"skipped":0,"pct":0}}
,"C:\\Users\\Admin\\Downloads\\projects\\goose\\ui\\desktop\\src\\components\\icons\\Bird3.tsx": {"lines":{"total":1,"covered":0,"skipped":0,"pct":0},"functions":{"total":1,"covered":0,"skipped":0,"pct":0},"statements":{"total":1,"covered":0,"skipped":0,"pct":0},"branches":{"total":1,"covered":0,"skipped":0,"pct":0}}
,"C:\\Users\\Admin\\Downloads\\projects\\goose\\ui\\desktop\\src\\components\\icons\\Bird4.tsx": {"lines":{"total":1,"covered":0,"skipped":0,"pct":0},"functions":{"total":1,"covered":0,"skipped":0,"pct":0},"statements":{"total":1,"covered":0,"skipped":0,"pct":0},"branches":{"total":1,"covered":0,"skipped":0,"pct":0}}
,"C:\\Users\\Admin\\Downloads\\projects\\goose\\ui\\desktop\\src\\components\\icons\\Bird5.tsx": {"lines":{"total":1,"covered":0,"skipped":0,"pct":0},"functions":{"total":1,"covered":0,"skipped":0,"pct":0},"statements":{"total":1,"covered":0,"skipped":0,"pct":0},"branches":{"total":1,"covered":0,"skipped":0,"pct":0}}
,"C:\\Users\\Admin\\Downloads\\projects\\goose\\ui\\desktop\\src\\components\\icons\\Bird6.tsx": {"lines":{"total":1,"covered":0,"skipped":0,"pct":0},"functions":{"total":1,"covered":0,"skipped":0,"pct":0},"statements":{"total":1,"covered":0,"skipped":0,"pct":0},"branches":{"total":1,"covered":0,"skipped":0,"pct":0}}
,"C:\\Users\\Admin\\Downloads\\projects\\goose\\ui\\desktop\\src\\components\\icons\\ChatGPT.tsx": {"lines":{"total":1,"covered":0,"skipped":0,"pct":0},"functions":{"total":1,"covered":0,"skipped":0,"pct":0},"statements":{"total":1,"covered":0,"skipped":0,"pct":0},"branches":{"total":1,"covered":0,"skipped":0,"pct":0}}
,"C:\\Users\\Admin\\Downloads\\projects\\goose\\ui\\desktop\\src\\components\\icons\\ChatSmart.tsx": {"lines":{"total":1,"covered":0,"skipped":0,"pct":0},"functions":{"total":1,"covered":0,"skipped":0,"pct":0},"statements":{"total":1,"covered":0,"skipped":0,"pct":0},"branches":{"total":1,"covered":0,"skipped":0,"pct":0}}
,"C:\\Users\\Admin\\Downloads\\projects\\goose\\ui\\desktop\\src\\components\\icons\\Check.tsx": {"lines":{"total":1,"covered":0,"skipped":0,"pct":0},"functions":{"total":1,"covered":0,"skipped":0,"pct":0},"statements":{"total":1,"covered":0,"skipped":0,"pct":0},"branches":{"total":1,"covered":0,"skipped":0,"pct":0}}
,"C:\\Users\\Admin\\Downloads\\projects\\goose\\ui\\desktop\\src\\components\\icons\\ChevronDown.tsx": {"lines":{"total":1,"covered":0,"skipped":0,"pct":0},"functions":{"total":1,"covered":0,"skipped":0,"pct":0},"statements":{"total":1,"covered":0,"skipped":0,"pct":0},"branches":{"total":0,"covered":0,"skipped":0,"pct":100}}
,"C:\\Users\\Admin\\Downloads\\projects\\goose\\ui\\desktop\\src\\components\\icons\\ChevronRight.tsx": {"lines":{"total":1,"covered":0,"skipped":0,"pct":0},"functions":{"total":1,"covered":0,"skipped":0,"pct":0},"statements":{"total":1,"covered":0,"skipped":0,"pct":0},"branches":{"total":1,"covered":0,"skipped":0,"pct":0}}
,"C:\\Users\\Admin\\Downloads\\projects\\goose\\ui\\desktop\\src\\components\\icons\\ChevronUp.tsx": {"lines":{"total":1,"covered":0,"skipped":0,"pct":0},"functions":{"total":1,"covered":0,"skipped":0,"pct":0},"statements":{"total":1,"covered":0,"skipped":0,"pct":0},"branches":{"total":1,"covered":0,"skipped":0,"pct":0}}
,"C:\\Users\\Admin\\Downloads\\projects\\goose\\ui\\desktop\\src\\components\\icons\\Close.tsx": {"lines":{"total":1,"covered":0,"skipped":0,"pct":0},"functions":{"total":1,"covered":0,"skipped":0,"pct":0},"statements":{"total":1,"covered":0,"skipped":0,"pct":0},"branches":{"total":0,"covered":0,"skipped":0,"pct":100}}
,"C:\\Users\\Admin\\Downloads\\projects\\goose\\ui\\desktop\\src\\components\\icons\\CodeXml.tsx": {"lines":{"total":1,"covered":0,"skipped":0,"pct":0},"functions":{"total":1,"covered":0,"skipped":0,"pct":0},"statements":{"total":1,"covered":0,"skipped":0,"pct":0},"branches":{"total":1,"covered":0,"skipped":0,"pct":0}}
,"C:\\Users\\Admin\\Downloads\\projects\\goose\\ui\\desktop\\src\\components\\icons\\Cog.tsx": {"lines":{"total":1,"covered":0,"skipped":0,"pct":0},"functions":{"total":1,"covered":0,"skipped":0,"pct":0},"statements":{"total":1,"covered":0,"skipped":0,"pct":0},"branches":{"total":1,"covered":0,"skipped":0,"pct":0}}
,"C:\\Users\\Admin\\Downloads\\projects\\goose\\ui\\desktop\\src\\components\\icons\\CoinIcon.tsx": {"lines":{"total":1,"covered":0,"skipped":0,"pct":0},"functions":{"total":1,"covered":0,"skipped":0,"pct":0},"statements":{"total":1,"covered":0,"skipped":0,"pct":0},"branches":{"total":2,"covered":0,"skipped":0,"pct":0}}
,"C:\\Users\\Admin\\Downloads\\projects\\goose\\ui\\desktop\\src\\components\\icons\\Copy.tsx": {"lines":{"total":1,"covered":0,"skipped":0,"pct":0},"functions":{"total":1,"covered":0,"skipped":0,"pct":0},"statements":{"total":1,"covered":0,"skipped":0,"pct":0},"branches":{"total":1,"covered":0,"skipped":0,"pct":0}}
,"C:\\Users\\Admin\\Downloads\\projects\\goose\\ui\\desktop\\src\\components\\icons\\Discord.tsx": {"lines":{"total":1,"covered":0,"skipped":0,"pct":0},"functions":{"total":1,"covered":0,"skipped":0,"pct":0},"statements":{"total":1,"covered":0,"skipped":0,"pct":0},"branches":{"total":1,"covered":0,"skipped":0,"pct":0}}
,"C:\\Users\\Admin\\Downloads\\projects\\goose\\ui\\desktop\\src\\components\\icons\\Document.tsx": {"lines":{"total":1,"covered":0,"skipped":0,"pct":0},"functions":{"total":1,"covered":0,"skipped":0,"pct":0},"statements":{"total":1,"covered":0,"skipped":0,"pct":0},"branches":{"total":1,"covered":0,"skipped":0,"pct":0}}
,"C:\\Users\\Admin\\Downloads\\projects\\goose\\ui\\desktop\\src\\components\\icons\\Edit.tsx": {"lines":{"total":1,"covered":0,"skipped":0,"pct":0},"functions":{"total":1,"covered":0,"skipped":0,"pct":0},"statements":{"total":1,"covered":0,"skipped":0,"pct":0},"branches":{"total":1,"covered":0,"skipped":0,"pct":0}}
,"C:\\Users\\Admin\\Downloads\\projects\\goose\\ui\\desktop\\src\\components\\icons\\Fuel.tsx": {"lines":{"total":1,"covered":0,"skipped":0,"pct":0},"functions":{"total":1,"covered":0,"skipped":0,"pct":0},"statements":{"total":1,"covered":0,"skipped":0,"pct":0},"branches":{"total":1,"covered":0,"skipped":0,"pct":0}}
,"C:\\Users\\Admin\\Downloads\\projects\\goose\\ui\\desktop\\src\\components\\icons\\GalleryHorizontalEnd.tsx": {"lines":{"total":1,"covered":0,"skipped":0,"pct":0},"functions":{"total":1,"covered":0,"skipped":0,"pct":0},"statements":{"total":1,"covered":0,"skipped":0,"pct":0},"branches":{"total":1,"covered":0,"skipped":0,"pct":0}}
,"C:\\Users\\Admin\\Downloads\\projects\\goose\\ui\\desktop\\src\\components\\icons\\Gavel.tsx": {"lines":{"total":1,"covered":0,"skipped":0,"pct":0},"functions":{"total":1,"covered":0,"skipped":0,"pct":0},"statements":{"total":1,"covered":0,"skipped":0,"pct":0},"branches":{"total":1,"covered":0,"skipped":0,"pct":0}}
,"C:\\Users\\Admin\\Downloads\\projects\\goose\\ui\\desktop\\src\\components\\icons\\Gear.tsx": {"lines":{"total":1,"covered":1,"skipped":0,"pct":100},"functions":{"total":1,"covered":1,"skipped":0,"pct":100},"statements":{"total":1,"covered":1,"skipped":0,"pct":100},"branches":{"total":1,"covered":1,"skipped":0,"pct":100}}
,"C:\\Users\\Admin\\Downloads\\projects\\goose\\ui\\desktop\\src\\components\\icons\\Geese.tsx": {"lines":{"total":1,"covered":1,"skipped":0,"pct":100},"functions":{"total":1,"covered":1,"skipped":0,"pct":100},"statements":{"total":1,"covered":1,"skipped":0,"pct":100},"branches":{"total":0,"covered":0,"skipped":0,"pct":100}}
,"C:\\Users\\Admin\\Downloads\\projects\\goose\\ui\\desktop\\src\\components\\icons\\GlassWater.tsx": {"lines":{"total":1,"covered":0,"skipped":0,"pct":0},"functions":{"total":1,"covered":0,"skipped":0,"pct":0},"statements":{"total":1,"covered":0,"skipped":0,"pct":0},"branches":{"total":1,"covered":0,"skipped":0,"pct":0}}
,"C:\\Users\\Admin\\Downloads\\projects\\goose\\ui\\desktop\\src\\components\\icons\\Goose.tsx": {"lines":{"total":2,"covered":0,"skipped":0,"pct":0},"functions":{"total":2,"covered":0,"skipped":0,"pct":0},"statements":{"total":2,"covered":0,"skipped":0,"pct":0},"branches":{"total":2,"covered":0,"skipped":0,"pct":0}}
,"C:\\Users\\Admin\\Downloads\\projects\\goose\\ui\\desktop\\src\\components\\icons\\Grape.tsx": {"lines":{"total":1,"covered":0,"skipped":0,"pct":0},"functions":{"total":1,"covered":0,"skipped":0,"pct":0},"statements":{"total":1,"covered":0,"skipped":0,"pct":0},"branches":{"total":1,"covered":0,"skipped":0,"pct":0}}
,"C:\\Users\\Admin\\Downloads\\projects\\goose\\ui\\desktop\\src\\components\\icons\\Idea.tsx": {"lines":{"total":1,"covered":0,"skipped":0,"pct":0},"functions":{"total":1,"covered":0,"skipped":0,"pct":0},"statements":{"total":1,"covered":0,"skipped":0,"pct":0},"branches":{"total":1,"covered":0,"skipped":0,"pct":0}}
,"C:\\Users\\Admin\\Downloads\\projects\\goose\\ui\\desktop\\src\\components\\icons\\Key.tsx": {"lines":{"total":1,"covered":0,"skipped":0,"pct":0},"functions":{"total":1,"covered":0,"skipped":0,"pct":0},"statements":{"total":1,"covered":0,"skipped":0,"pct":0},"branches":{"total":1,"covered":0,"skipped":0,"pct":0}}
,"C:\\Users\\Admin\\Downloads\\projects\\goose\\ui\\desktop\\src\\components\\icons\\LinkedIn.tsx": {"lines":{"total":1,"covered":0,"skipped":0,"pct":0},"functions":{"total":1,"covered":0,"skipped":0,"pct":0},"statements":{"total":1,"covered":0,"skipped":0,"pct":0},"branches":{"total":1,"covered":0,"skipped":0,"pct":0}}
,"C:\\Users\\Admin\\Downloads\\projects\\goose\\ui\\desktop\\src\\components\\icons\\Microphone.tsx": {"lines":{"total":2,"covered":1,"skipped":0,"pct":50},"functions":{"total":1,"covered":0,"skipped":0,"pct":0},"statements":{"total":2,"covered":1,"skipped":0,"pct":50},"branches":{"total":2,"covered":0,"skipped":0,"pct":0}}
,"C:\\Users\\Admin\\Downloads\\projects\\goose\\ui\\desktop\\src\\components\\icons\\More.tsx": {"lines":{"total":1,"covered":0,"skipped":0,"pct":0},"functions":{"total":1,"covered":0,"skipped":0,"pct":0},"statements":{"total":1,"covered":0,"skipped":0,"pct":0},"branches":{"total":1,"covered":0,"skipped":0,"pct":0}}
,"C:\\Users\\Admin\\Downloads\\projects\\goose\\ui\\desktop\\src\\components\\icons\\Ollama.tsx": {"lines":{"total":1,"covered":1,"skipped":0,"pct":100},"functions":{"total":1,"covered":1,"skipped":0,"pct":100},"statements":{"total":1,"covered":1,"skipped":0,"pct":100},"branches":{"total":1,"covered":1,"skipped":0,"pct":100}}
,"C:\\Users\\Admin\\Downloads\\projects\\goose\\ui\\desktop\\src\\components\\icons\\OpenAI.tsx": {"lines":{"total":1,"covered":0,"skipped":0,"pct":0},"functions":{"total":1,"covered":0,"skipped":0,"pct":0},"statements":{"total":1,"covered":0,"skipped":0,"pct":0},"branches":{"total":1,"covered":0,"skipped":0,"pct":0}}
,"C:\\Users\\Admin\\Downloads\\projects\\goose\\ui\\desktop\\src\\components\\icons\\OpenRouter.tsx": {"lines":{"total":1,"covered":0,"skipped":0,"pct":0},"functions":{"total":1,"covered":0,"skipped":0,"pct":0},"statements":{"total":1,"covered":0,"skipped":0,"pct":0},"branches":{"total":1,"covered":0,"skipped":0,"pct":0}}
,"C:\\Users\\Admin\\Downloads\\projects\\goose\\ui\\desktop\\src\\components\\icons\\Refresh.tsx": {"lines":{"total":1,"covered":0,"skipped":0,"pct":0},"functions":{"total":1,"covered":0,"skipped":0,"pct":0},"statements":{"total":1,"covered":0,"skipped":0,"pct":0},"branches":{"total":1,"covered":0,"skipped":0,"pct":0}}
,"C:\\Users\\Admin\\Downloads\\projects\\goose\\ui\\desktop\\src\\components\\icons\\Send.tsx": {"lines":{"total":1,"covered":0,"skipped":0,"pct":0},"functions":{"total":1,"covered":0,"skipped":0,"pct":0},"statements":{"total":1,"covered":0,"skipped":0,"pct":0},"branches":{"total":1,"covered":0,"skipped":0,"pct":0}}
,"C:\\Users\\Admin\\Downloads\\projects\\goose\\ui\\desktop\\src\\components\\icons\\SensitiveHidden.tsx": {"lines":{"total":1,"covered":0,"skipped":0,"pct":0},"functions":{"total":1,"covered":0,"skipped":0,"pct":0},"statements":{"total":1,"covered":0,"skipped":0,"pct":0},"branches":{"total":1,"covered":0,"skipped":0,"pct":0}}
,"C:\\Users\\Admin\\Downloads\\projects\\goose\\ui\\desktop\\src\\components\\icons\\SensitiveVisible.tsx": {"lines":{"total":1,"covered":0,"skipped":0,"pct":0},"functions":{"total":1,"covered":0,"skipped":0,"pct":0},"statements":{"total":1,"covered":0,"skipped":0,"pct":0},"branches":{"total":1,"covered":0,"skipped":0,"pct":0}}
,"C:\\Users\\Admin\\Downloads\\projects\\goose\\ui\\desktop\\src\\components\\icons\\Settings.tsx": {"lines":{"total":1,"covered":0,"skipped":0,"pct":0},"functions":{"total":1,"covered":0,"skipped":0,"pct":0},"statements":{"total":1,"covered":0,"skipped":0,"pct":0},"branches":{"total":1,"covered":0,"skipped":0,"pct":0}}
,"C:\\Users\\Admin\\Downloads\\projects\\goose\\ui\\desktop\\src\\components\\icons\\Tetrate.tsx": {"lines":{"total":1,"covered":0,"skipped":0,"pct":0},"functions":{"total":1,"covered":0,"skipped":0,"pct":0},"statements":{"total":1,"covered":0,"skipped":0,"pct":0},"branches":{"total":1,"covered":0,"skipped":0,"pct":0}}
,"C:\\Users\\Admin\\Downloads\\projects\\goose\\ui\\desktop\\src\\components\\icons\\Time.tsx": {"lines":{"total":1,"covered":0,"skipped":0,"pct":0},"functions":{"total":1,"covered":0,"skipped":0,"pct":0},"statements":{"total":1,"covered":0,"skipped":0,"pct":0},"branches":{"total":1,"covered":0,"skipped":0,"pct":0}}
,"C:\\Users\\Admin\\Downloads\\projects\\goose\\ui\\desktop\\src\\components\\icons\\TrashIcon.tsx": {"lines":{"total":2,"covered":1,"skipped":0,"pct":50},"functions":{"total":1,"covered":0,"skipped":0,"pct":0},"statements":{"total":2,"covered":1,"skipped":0,"pct":50},"branches":{"total":0,"covered":0,"skipped":0,"pct":100}}
,"C:\\Users\\Admin\\Downloads\\projects\\goose\\ui\\desktop\\src\\components\\icons\\Watch0.tsx": {"lines":{"total":1,"covered":0,"skipped":0,"pct":0},"functions":{"total":1,"covered":0,"skipped":0,"pct":0},"statements":{"total":1,"covered":0,"skipped":0,"pct":0},"branches":{"total":1,"covered":0,"skipped":0,"pct":0}}
,"C:\\Users\\Admin\\Downloads\\projects\\goose\\ui\\desktop\\src\\components\\icons\\Watch1.tsx": {"lines":{"total":1,"covered":0,"skipped":0,"pct":0},"functions":{"total":1,"covered":0,"skipped":0,"pct":0},"statements":{"total":1,"covered":0,"skipped":0,"pct":0},"branches":{"total":1,"covered":0,"skipped":0,"pct":0}}
,"C:\\Users\\Admin\\Downloads\\projects\\goose\\ui\\desktop\\src\\components\\icons\\Watch2.tsx": {"lines":{"total":1,"covered":0,"skipped":0,"pct":0},"functions":{"total":1,"covered":0,"skipped":0,"pct":0},"statements":{"total":1,"covered":0,"skipped":0,"pct":0},"branches":{"total":1,"covered":0,"skipped":0,"pct":0}}
,"C:\\Users\\Admin\\Downloads\\projects\\goose\\ui\\desktop\\src\\components\\icons\\Watch3.tsx": {"lines":{"total":1,"covered":0,"skipped":0,"pct":0},"functions":{"total":1,"covered":0,"skipped":0,"pct":0},"statements":{"total":1,"covered":0,"skipped":0,"pct":0},"branches":{"total":1,"covered":0,"skipped":0,"pct":0}}
,"C:\\Users\\Admin\\Downloads\\projects\\goose\\ui\\desktop\\src\\components\\icons\\Watch4.tsx": {"lines":{"total":1,"covered":0,"skipped":0,"pct":0},"functions":{"total":1,"covered":0,"skipped":0,"pct":0},"statements":{"total":1,"covered":0,"skipped":0,"pct":0},"branches":{"total":1,"covered":0,"skipped":0,"pct":0}}
,"C:\\Users\\Admin\\Downloads\\projects\\goose\\ui\\desktop\\src\\components\\icons\\Watch5.tsx": {"lines":{"total":1,"covered":0,"skipped":0,"pct":0},"functions":{"total":1,"covered":0,"skipped":0,"pct":0},"statements":{"total":1,"covered":0,"skipped":0,"pct":0},"branches":{"total":1,"covered":0,"skipped":0,"pct":0}}
,"C:\\Users\\Admin\\Downloads\\projects\\goose\\ui\\desktop\\src\\components\\icons\\Watch6.tsx": {"lines":{"total":1,"covered":0,"skipped":0,"pct":0},"functions":{"total":1,"covered":0,"skipped":0,"pct":0},"statements":{"total":1,"covered":0,"skipped":0,"pct":0},"branches":{"total":1,"covered":0,"skipped":0,"pct":0}}
,"C:\\Users\\Admin\\Downloads\\projects\\goose\\ui\\desktop\\src\\components\\icons\\Youtube.tsx": {"lines":{"total":1,"covered":0,"skipped":0,"pct":0},"functions":{"total":1,"covered":0,"skipped":0,"pct":0},"statements":{"total":1,"covered":0,"skipped":0,"pct":0},"branches":{"total":1,"covered":0,"skipped":0,"pct":0}}
,"C:\\Users\\Admin\\Downloads\\projects\\goose\\ui\\desktop\\src\\components\\icons\\toolcalls\\Archive.tsx": {"lines":{"total":2,"covered":1,"skipped":0,"pct":50},"functions":{"total":1,"covered":0,"skipped":0,"pct":0},"statements":{"total":2,"covered":1,"skipped":0,"pct":50},"branches":{"total":0,"covered":0,"skipped":0,"pct":100}}
,"C:\\Users\\Admin\\Downloads\\projects\\goose\\ui\\desktop\\src\\components\\icons\\toolcalls\\Brain.tsx": {"lines":{"total":2,"covered":1,"skipped":0,"pct":50},"functions":{"total":1,"covered":0,"skipped":0,"pct":0},"statements":{"total":2,"covered":1,"skipped":0,"pct":50},"branches":{"total":0,"covered":0,"skipped":0,"pct":100}}
,"C:\\Users\\Admin\\Downloads\\projects\\goose\\ui\\desktop\\src\\components\\icons\\toolcalls\\Camera.tsx": {"lines":{"total":2,"covered":1,"skipped":0,"pct":50},"functions":{"total":1,"covered":0,"skipped":0,"pct":0},"statements":{"total":2,"covered":1,"skipped":0,"pct":50},"branches":{"total":0,"covered":0,"skipped":0,"pct":100}}
,"C:\\Users\\Admin\\Downloads\\projects\\goose\\ui\\desktop\\src\\components\\icons\\toolcalls\\Code2.tsx": {"lines":{"total":2,"covered":1,"skipped":0,"pct":50},"functions":{"total":1,"covered":0,"skipped":0,"pct":0},"statements":{"total":2,"covered":1,"skipped":0,"pct":50},"branches":{"total":0,"covered":0,"skipped":0,"pct":100}}
,"C:\\Users\\Admin\\Downloads\\projects\\goose\\ui\\desktop\\src\\components\\icons\\toolcalls\\Eye.tsx": {"lines":{"total":2,"covered":1,"skipped":0,"pct":50},"functions":{"total":1,"covered":0,"skipped":0,"pct":0},"statements":{"total":2,"covered":1,"skipped":0,"pct":50},"branches":{"total":0,"covered":0,"skipped":0,"pct":100}}
,"C:\\Users\\Admin\\Downloads\\projects\\goose\\ui\\desktop\\src\\components\\icons\\toolcalls\\FileEdit.tsx": {"lines":{"total":2,"covered":1,"skipped":0,"pct":50},"functions":{"total":1,"covered":0,"skipped":0,"pct":0},"statements":{"total":2,"covered":1,"skipped":0,"pct":50},"branches":{"total":0,"covered":0,"skipped":0,"pct":100}}
,"C:\\Users\\Admin\\Downloads\\projects\\goose\\ui\\desktop\\src\\components\\icons\\toolcalls\\FilePlus.tsx": {"lines":{"total":2,"covered":1,"skipped":0,"pct":50},"functions":{"total":1,"covered":0,"skipped":0,"pct":0},"statements":{"total":2,"covered":1,"skipped":0,"pct":50},"branches":{"total":0,"covered":0,"skipped":0,"pct":100}}
,"C:\\Users\\Admin\\Downloads\\projects\\goose\\ui\\desktop\\src\\components\\icons\\toolcalls\\FileText.tsx": {"lines":{"total":2,"covered":1,"skipped":0,"pct":50},"functions":{"total":1,"covered":0,"skipped":0,"pct":0},"statements":{"total":2,"covered":1,"skipped":0,"pct":50},"branches":{"total":0,"covered":0,"skipped":0,"pct":100}}
,"C:\\Users\\Admin\\Downloads\\projects\\goose\\ui\\desktop\\src\\components\\icons\\toolcalls\\Globe.tsx": {"lines":{"total":2,"covered":1,"skipped":0,"pct":50},"functions":{"total":1,"covered":0,"skipped":0,"pct":0},"statements":{"total":2,"covered":1,"skipped":0,"pct":50},"branches":{"total":0,"covered":0,"skipped":0,"pct":100}}
,"C:\\Users\\Admin\\Downloads\\projects\\goose\\ui\\desktop\\src\\components\\icons\\toolcalls\\Harddrive.tsx": {"lines":{"total":2,"covered":1,"skipped":0,"pct":50},"functions":{"total":1,"covered":0,"skipped":0,"pct":0},"statements":{"total":2,"covered":1,"skipped":0,"pct":50},"branches":{"total":0,"covered":0,"skipped":0,"pct":100}}
,"C:\\Users\\Admin\\Downloads\\projects\\goose\\ui\\desktop\\src\\components\\icons\\toolcalls\\Monitor.tsx": {"lines":{"total":2,"covered":1,"skipped":0,"pct":50},"functions":{"total":1,"covered":0,"skipped":0,"pct":0},"statements":{"total":2,"covered":1,"skipped":0,"pct":50},"branches":{"total":0,"covered":0,"skipped":0,"pct":100}}
,"C:\\Users\\Admin\\Downloads\\projects\\goose\\ui\\desktop\\src\\components\\icons\\toolcalls\\Numbers.tsx": {"lines":{"total":2,"covered":1,"skipped":0,"pct":50},"functions":{"total":1,"covered":0,"skipped":0,"pct":0},"statements":{"total":2,"covered":1,"skipped":0,"pct":50},"branches":{"total":0,"covered":0,"skipped":0,"pct":100}}
,"C:\\Users\\Admin\\Downloads\\projects\\goose\\ui\\desktop\\src\\components\\icons\\toolcalls\\Save.tsx": {"lines":{"total":2,"covered":1,"skipped":0,"pct":50},"functions":{"total":1,"covered":0,"skipped":0,"pct":0},"statements":{"total":2,"covered":1,"skipped":0,"pct":50},"branches":{"total":0,"covered":0,"skipped":0,"pct":100}}
,"C:\\Users\\Admin\\Downloads\\projects\\goose\\ui\\desktop\\src\\components\\icons\\toolcalls\\Search.tsx": {"lines":{"total":2,"covered":1,"skipped":0,"pct":50},"functions":{"total":1,"covered":0,"skipped":0,"pct":0},"statements":{"total":2,"covered":1,"skipped":0,"pct":50},"branches":{"total":0,"covered":0,"skipped":0,"pct":100}}
,"C:\\Users\\Admin\\Downloads\\projects\\goose\\ui\\desktop\\src\\components\\icons\\toolcalls\\Settings.tsx": {"lines":{"total":2,"covered":1,"skipped":0,"pct":50},"functions":{"total":1,"covered":0,"skipped":0,"pct":0},"statements":{"total":2,"covered":1,"skipped":0,"pct":50},"branches":{"total":0,"covered":0,"skipped":0,"pct":100}}
,"C:\\Users\\Admin\\Downloads\\projects\\goose\\ui\\desktop\\src\\components\\icons\\toolcalls\\Terminal.tsx": {"lines":{"total":2,"covered":1,"skipped":0,"pct":50},"functions":{"total":1,"covered":0,"skipped":0,"pct":0},"statements":{"total":2,"covered":1,"skipped":0,"pct":50},"branches":{"total":0,"covered":0,"skipped":0,"pct":100}}
,"C:\\Users\\Admin\\Downloads\\projects\\goose\\ui\\desktop\\src\\components\\icons\\toolcalls\\Tool.tsx": {"lines":{"total":2,"covered":1,"skipped":0,"pct":50},"functions":{"total":1,"covered":0,"skipped":0,"pct":0},"statements":{"total":2,"covered":1,"skipped":0,"pct":50},"branches":{"total":0,"covered":0,"skipped":0,"pct":100}}
,"C:\\Users\\Admin\\Downloads\\projects\\goose\\ui\\desktop\\src\\components\\parameter\\ParameterInput.tsx": {"lines":{"total":19,"covered":11,"skipped":0,"pct":57.89},"functions":{"total":10,"covered":6,"skipped":0,"pct":60},"statements":{"total":19,"covered":11,"skipped":0,"pct":57.89},"branches":{"total":32,"covered":24,"skipped":0,"pct":75}}
,"C:\\Users\\Admin\\Downloads\\projects\\goose\\ui\\desktop\\src\\components\\recipes\\CreateEditRecipeModal.tsx": {"lines":{"total":115,"covered":0,"skipped":0,"pct":0},"functions":{"total":23,"covered":0,"skipped":0,"pct":0},"statements":{"total":118,"covered":0,"skipped":0,"pct":0},"branches":{"total":101,"covered":0,"skipped":0,"pct":0}}
,"C:\\Users\\Admin\\Downloads\\projects\\goose\\ui\\desktop\\src\\components\\recipes\\CreateRecipeFromSessionModal.tsx": {"lines":{"total":76,"covered":65,"skipped":0,"pct":85.52},"functions":{"total":17,"covered":13,"skipped":0,"pct":76.47},"statements":{"total":77,"covered":66,"skipped":0,"pct":85.71},"branches":{"total":62,"covered":43,"skipped":0,"pct":69.35}}
,"C:\\Users\\Admin\\Downloads\\projects\\goose\\ui\\desktop\\src\\components\\recipes\\ImportRecipeForm.tsx": {"lines":{"total":61,"covered":1,"skipped":0,"pct":1.63},"functions":{"total":20,"covered":0,"skipped":0,"pct":0},"statements":{"total":63,"covered":1,"skipped":0,"pct":1.58},"branches":{"total":58,"covered":0,"skipped":0,"pct":0}}
,"C:\\Users\\Admin\\Downloads\\projects\\goose\\ui\\desktop\\src\\components\\recipes\\RecipeActivities.tsx": {"lines":{"total":10,"covered":0,"skipped":0,"pct":0},"functions":{"total":4,"covered":0,"skipped":0,"pct":0},"statements":{"total":11,"covered":0,"skipped":0,"pct":0},"branches":{"total":17,"covered":0,"skipped":0,"pct":0}}
,"C:\\Users\\Admin\\Downloads\\projects\\goose\\ui\\desktop\\src\\components\\recipes\\RecipeActivityEditor.tsx": {"lines":{"total":30,"covered":21,"skipped":0,"pct":70},"functions":{"total":14,"covered":10,"skipped":0,"pct":71.42},"statements":{"total":31,"covered":22,"skipped":0,"pct":70.96},"branches":{"total":17,"covered":10,"skipped":0,"pct":58.82}}
,"C:\\Users\\Admin\\Downloads\\projects\\goose\\ui\\desktop\\src\\components\\recipes\\RecipeExpandableInfo.tsx": {"lines":{"total":16,"covered":0,"skipped":0,"pct":0},"functions":{"total":4,"covered":0,"skipped":0,"pct":0},"statements":{"total":16,"covered":0,"skipped":0,"pct":0},"branches":{"total":22,"covered":0,"skipped":0,"pct":0}}
,"C:\\Users\\Admin\\Downloads\\projects\\goose\\ui\\desktop\\src\\components\\recipes\\RecipeInfoModal.tsx": {"lines":{"total":13,"covered":0,"skipped":0,"pct":0},"functions":{"total":5,"covered":0,"skipped":0,"pct":0},"statements":{"total":14,"covered":0,"skipped":0,"pct":0},"branches":{"total":7,"covered":0,"skipped":0,"pct":0}}
,"C:\\Users\\Admin\\Downloads\\projects\\goose\\ui\\desktop\\src\\components\\recipes\\RecipesView.tsx": {"lines":{"total":231,"covered":0,"skipped":0,"pct":0},"functions":{"total":49,"covered":0,"skipped":0,"pct":0},"statements":{"total":239,"covered":0,"skipped":0,"pct":0},"branches":{"total":101,"covered":0,"skipped":0,"pct":0}}
,"C:\\Users\\Admin\\Downloads\\projects\\goose\\ui\\desktop\\src\\components\\recipes\\shared\\InstructionsEditor.tsx": {"lines":{"total":19,"covered":8,"skipped":0,"pct":42.1},"functions":{"total":7,"covered":2,"skipped":0,"pct":28.57},"statements":{"total":20,"covered":9,"skipped":0,"pct":45},"branches":{"total":10,"covered":3,"skipped":0,"pct":30}}
,"C:\\Users\\Admin\\Downloads\\projects\\goose\\ui\\desktop\\src\\components\\recipes\\shared\\JsonSchemaEditor.tsx": {"lines":{"total":29,"covered":9,"skipped":0,"pct":31.03},"functions":{"total":7,"covered":2,"skipped":0,"pct":28.57},"statements":{"total":30,"covered":10,"skipped":0,"pct":33.33},"branches":{"total":17,"covered":3,"skipped":0,"pct":17.64}}
,"C:\\Users\\Admin\\Downloads\\projects\\goose\\ui\\desktop\\src\\components\\recipes\\shared\\RecipeFormFields.tsx": {"lines":{"total":119,"covered":101,"skipped":0,"pct":84.87},"functions":{"total":53,"covered":44,"skipped":0,"pct":83.01},"statements":{"total":125,"covered":107,"skipped":0,"pct":85.6},"branches":{"total":76,"covered":58,"skipped":0,"pct":76.31}}
,"C:\\Users\\Admin\\Downloads\\projects\\goose\\ui\\desktop\\src\\components\\recipes\\shared\\RecipeNameField.tsx": {"lines":{"total":8,"covered":0,"skipped":0,"pct":0},"functions":{"total":3,"covered":0,"skipped":0,"pct":0},"statements":{"total":8,"covered":0,"skipped":0,"pct":0},"branches":{"total":11,"covered":0,"skipped":0,"pct":0}}
,"C:\\Users\\Admin\\Downloads\\projects\\goose\\ui\\desktop\\src\\components\\recipes\\shared\\recipeFormSchema.ts": {"lines":{"total":2,"covered":2,"skipped":0,"pct":100},"functions":{"total":0,"covered":0,"skipped":0,"pct":100},"statements":{"total":2,"covered":2,"skipped":0,"pct":100},"branches":{"total":0,"covered":0,"skipped":0,"pct":100}}
,"C:\\Users\\Admin\\Downloads\\projects\\goose\\ui\\desktop\\src\\components\\recipes\\shared\\recipeNameUtils.ts": {"lines":{"total":6,"covered":0,"skipped":0,"pct":0},"functions":{"total":2,"covered":0,"skipped":0,"pct":0},"statements":{"total":6,"covered":0,"skipped":0,"pct":0},"branches":{"total":2,"covered":0,"skipped":0,"pct":0}}
,"C:\\Users\\Admin\\Downloads\\projects\\goose\\ui\\desktop\\src\\components\\schedule\\CronPicker.tsx": {"lines":{"total":87,"covered":4,"skipped":0,"pct":4.59},"functions":{"total":15,"covered":0,"skipped":0,"pct":0},"statements":{"total":87,"covered":4,"skipped":0,"pct":4.59},"branches":{"total":71,"covered":0,"skipped":0,"pct":0}}
,"C:\\Users\\Admin\\Downloads\\projects\\goose\\ui\\desktop\\src\\components\\schedule\\ScheduleDetailView.tsx": {"lines":{"total":121,"covered":1,"skipped":0,"pct":0.82},"functions":{"total":18,"covered":0,"skipped":0,"pct":0},"statements":{"total":127,"covered":1,"skipped":0,"pct":0.78},"branches":{"total":85,"covered":0,"skipped":0,"pct":0}}
,"C:\\Users\\Admin\\Downloads\\projects\\goose\\ui\\desktop\\src\\components\\schedule\\ScheduleFromRecipeModal.tsx": {"lines":{"total":30,"covered":0,"skipped":0,"pct":0},"functions":{"total":10,"covered":0,"skipped":0,"pct":0},"statements":{"total":32,"covered":0,"skipped":0,"pct":0},"branches":{"total":12,"covered":0,"skipped":0,"pct":0}}
,"C:\\Users\\Admin\\Downloads\\projects\\goose\\ui\\desktop\\src\\components\\schedule\\ScheduleModal.tsx": {"lines":{"total":82,"covered":2,"skipped":0,"pct":2.43},"functions":{"total":10,"covered":0,"skipped":0,"pct":0},"statements":{"total":84,"covered":2,"skipped":0,"pct":2.38},"branches":{"total":66,"covered":0,"skipped":0,"pct":0}}
,"C:\\Users\\Admin\\Downloads\\projects\\goose\\ui\\desktop\\src\\components\\schedule\\SchedulesView.tsx": {"lines":{"total":176,"covered":2,"skipped":0,"pct":1.13},"functions":{"total":36,"covered":0,"skipped":0,"pct":0},"statements":{"total":185,"covered":2,"skipped":0,"pct":1.08},"branches":{"total":64,"covered":0,"skipped":0,"pct":0}}
,"C:\\Users\\Admin\\Downloads\\projects\\goose\\ui\\desktop\\src\\components\\sessions\\SessionHistoryView.tsx": {"lines":{"total":57,"covered":5,"skipped":0,"pct":8.77},"functions":{"total":15,"covered":0,"skipped":0,"pct":0},"statements":{"total":58,"covered":5,"skipped":0,"pct":8.62},"branches":{"total":51,"covered":0,"skipped":0,"pct":0}}
,"C:\\Users\\Admin\\Downloads\\projects\\goose\\ui\\desktop\\src\\components\\sessions\\SessionItem.tsx": {"lines":{"total":3,"covered":0,"skipped":0,"pct":0},"functions":{"total":1,"covered":0,"skipped":0,"pct":0},"statements":{"total":3,"covered":0,"skipped":0,"pct":0},"branches":{"total":4,"covered":0,"skipped":0,"pct":0}}
,"C:\\Users\\Admin\\Downloads\\projects\\goose\\ui\\desktop\\src\\components\\sessions\\SessionListView.tsx": {"lines":{"total":261,"covered":4,"skipped":0,"pct":1.53},"functions":{"total":66,"covered":0,"skipped":0,"pct":0},"statements":{"total":273,"covered":4,"skipped":0,"pct":1.46},"branches":{"total":107,"covered":0,"skipped":0,"pct":0}}
,"C:\\Users\\Admin\\Downloads\\projects\\goose\\ui\\desktop\\src\\components\\sessions\\SessionViewComponents.tsx": {"lines":{"total":26,"covered":2,"skipped":0,"pct":7.69},"functions":{"total":11,"covered":0,"skipped":0,"pct":0},"statements":{"total":28,"covered":2,"skipped":0,"pct":7.14},"branches":{"total":30,"covered":0,"skipped":0,"pct":0}}
,"C:\\Users\\Admin\\Downloads\\projects\\goose\\ui\\desktop\\src\\components\\sessions\\SessionsInsights.tsx": {"lines":{"total":57,"covered":0,"skipped":0,"pct":0},"functions":{"total":15,"covered":0,"skipped":0,"pct":0},"statements":{"total":57,"covered":0,"skipped":0,"pct":0},"branches":{"total":20,"covered":0,"skipped":0,"pct":0}}
,"C:\\Users\\Admin\\Downloads\\projects\\goose\\ui\\desktop\\src\\components\\sessions\\SessionsView.tsx": {"lines":{"total":37,"covered":1,"skipped":0,"pct":2.7},"functions":{"total":6,"covered":0,"skipped":0,"pct":0},"statements":{"total":37,"covered":1,"skipped":0,"pct":2.7},"branches":{"total":16,"covered":0,"skipped":0,"pct":0}}
,"C:\\Users\\Admin\\Downloads\\projects\\goose\\ui\\desktop\\src\\components\\sessions\\SharedSessionView.tsx": {"lines":{"total":4,"covered":2,"skipped":0,"pct":50},"functions":{"total":2,"covered":0,"skipped":0,"pct":0},"statements":{"total":4,"covered":2,"skipped":0,"pct":50},"branches":{"total":11,"covered":0,"skipped":0,"pct":0}}
,"C:\\Users\\Admin\\Downloads\\projects\\goose\\ui\\desktop\\src\\components\\settings\\PromptsSettingsSection.tsx": {"lines":{"total":81,"covered":0,"skipped":0,"pct":0},"functions":{"total":17,"covered":0,"skipped":0,"pct":0},"statements":{"total":86,"covered":0,"skipped":0,"pct":0},"branches":{"total":45,"covered":0,"skipped":0,"pct":0}}
,"C:\\Users\\Admin\\Downloads\\projects\\goose\\ui\\desktop\\src\\components\\settings\\SettingsView.tsx": {"lines":{"total":23,"covered":0,"skipped":0,"pct":0},"functions":{"total":7,"covered":0,"skipped":0,"pct":0},"statements":{"total":23,"covered":0,"skipped":0,"pct":0},"branches":{"total":10,"covered":0,"skipped":0,"pct":0}}
,"C:\\Users\\Admin\\Downloads\\projects\\goose\\ui\\desktop\\src\\components\\settings\\app\\AppSettingsSection.tsx": {"lines":{"total":77,"covered":0,"skipped":0,"pct":0},"functions":{"total":23,"covered":0,"skipped":0,"pct":0},"statements":{"total":78,"covered":0,"skipped":0,"pct":0},"branches":{"total":42,"covered":0,"skipped":0,"pct":0}}
,"C:\\Users\\Admin\\Downloads\\projects\\goose\\ui\\desktop\\src\\components\\settings\\app\\ExternalBackendSection.tsx": {"lines":{"total":46,"covered":1,"skipped":0,"pct":2.17},"functions":{"total":13,"covered":0,"skipped":0,"pct":0},"statements":{"total":47,"covered":1,"skipped":0,"pct":2.12},"branches":{"total":20,"covered":0,"skipped":0,"pct":0}}
,"C:\\Users\\Admin\\Downloads\\projects\\goose\\ui\\desktop\\src\\components\\settings\\app\\TelemetrySettings.tsx": {"lines":{"total":39,"covered":1,"skipped":0,"pct":2.56},"functions":{"total":6,"covered":0,"skipped":0,"pct":0},"statements":{"total":39,"covered":1,"skipped":0,"pct":2.56},"branches":{"total":21,"covered":0,"skipped":0,"pct":0}}
,"C:\\Users\\Admin\\Downloads\\projects\\goose\\ui\\desktop\\src\\components\\settings\\app\\UpdateSection.tsx": {"lines":{"total":83,"covered":0,"skipped":0,"pct":0},"functions":{"total":21,"covered":0,"skipped":0,"pct":0},"statements":{"total":92,"covered":0,"skipped":0,"pct":0},"branches":{"total":71,"covered":0,"skipped":0,"pct":0}}
,"C:\\Users\\Admin\\Downloads\\projects\\goose\\ui\\desktop\\src\\components\\settings\\chat\\ChatSettingsSection.tsx": {"lines":{"total":1,"covered":0,"skipped":0,"pct":0},"functions":{"total":1,"covered":0,"skipped":0,"pct":0},"statements":{"total":1,"covered":0,"skipped":0,"pct":0},"branches":{"total":0,"covered":0,"skipped":0,"pct":100}}
,"C:\\Users\\Admin\\Downloads\\projects\\goose\\ui\\desktop\\src\\components\\settings\\chat\\GoosehintsModal.tsx": {"lines":{"total":40,"covered":5,"skipped":0,"pct":12.5},"functions":{"total":13,"covered":0,"skipped":0,"pct":0},"statements":{"total":43,"covered":5,"skipped":0,"pct":11.62},"branches":{"total":14,"covered":0,"skipped":0,"pct":0}}
,"C:\\Users\\Admin\\Downloads\\projects\\goose\\ui\\desktop\\src\\components\\settings\\chat\\GoosehintsSection.tsx": {"lines":{"total":5,"covered":1,"skipped":0,"pct":20},"functions":{"total":2,"covered":0,"skipped":0,"pct":0},"statements":{"total":5,"covered":1,"skipped":0,"pct":20},"branches":{"total":2,"covered":0,"skipped":0,"pct":0}}
,"C:\\Users\\Admin\\Downloads\\projects\\goose\\ui\\desktop\\src\\components\\settings\\chat\\SpellcheckToggle.tsx": {"lines":{"total":11,"covered":1,"skipped":0,"pct":9.09},"functions":{"total":4,"covered":0,"skipped":0,"pct":0},"statements":{"total":11,"covered":1,"skipped":0,"pct":9.09},"branches":{"total":0,"covered":0,"skipped":0,"pct":100}}
,"C:\\Users\\Admin\\Downloads\\projects\\goose\\ui\\desktop\\src\\components\\settings\\config\\ConfigSettings.tsx": {"lines":{"total":65,"covered":0,"skipped":0,"pct":0},"functions":{"total":20,"covered":0,"skipped":0,"pct":0},"statements":{"total":68,"covered":0,"skipped":0,"pct":0},"branches":{"total":39,"covered":0,"skipped":0,"pct":0}}
,"C:\\Users\\Admin\\Downloads\\projects\\goose\\ui\\desktop\\src\\components\\settings\\dictation\\DictationSettings.tsx": {"lines":{"total":76,"covered":1,"skipped":0,"pct":1.31},"functions":{"total":15,"covered":0,"skipped":0,"pct":0},"statements":{"total":82,"covered":1,"skipped":0,"pct":1.21},"branches":{"total":59,"covered":0,"skipped":0,"pct":0}}
,"C:\\Users\\Admin\\Downloads\\projects\\goose\\ui\\desktop\\src\\components\\settings\\dictation\\LocalModelManager.tsx": {"lines":{"total":92,"covered":4,"skipped":0,"pct":4.34},"functions":{"total":24,"covered":0,"skipped":0,"pct":0},"statements":{"total":100,"covered":4,"skipped":0,"pct":4},"branches":{"total":62,"covered":0,"skipped":0,"pct":0}}
,"C:\\Users\\Admin\\Downloads\\projects\\goose\\ui\\desktop\\src\\components\\settings\\extensions\\ExtensionsSection.tsx": {"lines":{"total":73,"covered":0,"skipped":0,"pct":0},"functions":{"total":15,"covered":0,"skipped":0,"pct":0},"statements":{"total":78,"covered":0,"skipped":0,"pct":0},"branches":{"total":48,"covered":0,"skipped":0,"pct":0}}
,"C:\\Users\\Admin\\Downloads\\projects\\goose\\ui\\desktop\\src\\components\\settings\\extensions\\agent-api.ts": {"lines":{"total":27,"covered":0,"skipped":0,"pct":0},"functions":{"total":3,"covered":0,"skipped":0,"pct":0},"statements":{"total":27,"covered":0,"skipped":0,"pct":0},"branches":{"total":12,"covered":0,"skipped":0,"pct":0}}
,"C:\\Users\\Admin\\Downloads\\projects\\goose\\ui\\desktop\\src\\components\\settings\\extensions\\bundled-extensions.ts": {"lines":{"total":21,"covered":1,"skipped":0,"pct":4.76},"functions":{"total":3,"covered":0,"skipped":0,"pct":0},"statements":{"total":24,"covered":1,"skipped":0,"pct":4.16},"branches":{"total":24,"covered":0,"skipped":0,"pct":0}}
,"C:\\Users\\Admin\\Downloads\\projects\\goose\\ui\\desktop\\src\\components\\settings\\extensions\\deeplink.ts": {"lines":{"total":48,"covered":0,"skipped":0,"pct":0},"functions":{"total":6,"covered":0,"skipped":0,"pct":0},"statements":{"total":48,"covered":0,"skipped":0,"pct":0},"branches":{"total":39,"covered":0,"skipped":0,"pct":0}}
,"C:\\Users\\Admin\\Downloads\\projects\\goose\\ui\\desktop\\src\\components\\settings\\extensions\\extension-manager.ts": {"lines":{"total":31,"covered":0,"skipped":0,"pct":0},"functions":{"total":4,"covered":0,"skipped":0,"pct":0},"statements":{"total":31,"covered":0,"skipped":0,"pct":0},"branches":{"total":8,"covered":0,"skipped":0,"pct":0}}
,"C:\\Users\\Admin\\Downloads\\projects\\goose\\ui\\desktop\\src\\components\\settings\\extensions\\utils.ts": {"lines":{"total":44,"covered":43,"skipped":0,"pct":97.72},"functions":{"total":17,"covered":16,"skipped":0,"pct":94.11},"statements":{"total":47,"covered":46,"skipped":0,"pct":97.87},"branches":{"total":60,"covered":49,"skipped":0,"pct":81.66}}
,"C:\\Users\\Admin\\Downloads\\projects\\goose\\ui\\desktop\\src\\components\\settings\\extensions\\modal\\EnvVarsSection.tsx": {"lines":{"total":47,"covered":14,"skipped":0,"pct":29.78},"functions":{"total":13,"covered":4,"skipped":0,"pct":30.76},"statements":{"total":48,"covered":15,"skipped":0,"pct":31.25},"branches":{"total":38,"covered":18,"skipped":0,"pct":47.36}}
,"C:\\Users\\Admin\\Downloads\\projects\\goose\\ui\\desktop\\src\\components\\settings\\extensions\\modal\\ExtensionConfigFields.tsx": {"lines":{"total":5,"covered":4,"skipped":0,"pct":80},"functions":{"total":3,"covered":2,"skipped":0,"pct":66.66},"statements":{"total":5,"covered":4,"skipped":0,"pct":80},"branches":{"total":17,"covered":11,"skipped":0,"pct":64.7}}
,"C:\\Users\\Admin\\Downloads\\projects\\goose\\ui\\desktop\\src\\components\\settings\\extensions\\modal\\ExtensionInfoFields.tsx": {"lines":{"total":8,"covered":8,"skipped":0,"pct":100},"functions":{"total":5,"covered":5,"skipped":0,"pct":100},"statements":{"total":8,"covered":8,"skipped":0,"pct":100},"branches":{"total":15,"covered":9,"skipped":0,"pct":60}}
,"C:\\Users\\Admin\\Downloads\\projects\\goose\\ui\\desktop\\src\\components\\settings\\extensions\\modal\\ExtensionModal.tsx": {"lines":{"total":115,"covered":77,"skipped":0,"pct":66.95},"functions":{"total":35,"covered":19,"skipped":0,"pct":54.28},"statements":{"total":118,"covered":78,"skipped":0,"pct":66.1},"branches":{"total":98,"covered":75,"skipped":0,"pct":76.53}}
,"C:\\Users\\Admin\\Downloads\\projects\\goose\\ui\\desktop\\src\\components\\settings\\extensions\\modal\\ExtensionTimeoutField.tsx": {"lines":{"total":7,"covered":6,"skipped":0,"pct":85.71},"functions":{"total":3,"covered":3,"skipped":0,"pct":100},"statements":{"total":7,"covered":6,"skipped":0,"pct":85.71},"branches":{"total":15,"covered":11,"skipped":0,"pct":73.33}}
,"C:\\Users\\Admin\\Downloads\\projects\\goose\\ui\\desktop\\src\\components\\settings\\extensions\\modal\\HeadersSection.tsx": {"lines":{"total":41,"covered":18,"skipped":0,"pct":43.9},"functions":{"total":11,"covered":5,"skipped":0,"pct":45.45},"statements":{"total":42,"covered":18,"skipped":0,"pct":42.85},"branches":{"total":24,"covered":9,"skipped":0,"pct":37.5}}
,"C:\\Users\\Admin\\Downloads\\projects\\goose\\ui\\desktop\\src\\components\\settings\\extensions\\subcomponents\\ExtensionItem.tsx": {"lines":{"total":22,"covered":0,"skipped":0,"pct":0},"functions":{"total":6,"covered":0,"skipped":0,"pct":0},"statements":{"total":23,"covered":0,"skipped":0,"pct":0},"branches":{"total":21,"covered":0,"skipped":0,"pct":0}}
,"C:\\Users\\Admin\\Downloads\\projects\\goose\\ui\\desktop\\src\\components\\settings\\extensions\\subcomponents\\ExtensionList.tsx": {"lines":{"total":29,"covered":2,"skipped":0,"pct":6.89},"functions":{"total":14,"covered":2,"skipped":0,"pct":14.28},"statements":{"total":32,"covered":2,"skipped":0,"pct":6.25},"branches":{"total":37,"covered":0,"skipped":0,"pct":0}}
,"C:\\Users\\Admin\\Downloads\\projects\\goose\\ui\\desktop\\src\\components\\settings\\keyboard\\KeyboardShortcutsSection.tsx": {"lines":{"total":89,"covered":6,"skipped":0,"pct":6.74},"functions":{"total":19,"covered":0,"skipped":0,"pct":0},"statements":{"total":92,"covered":6,"skipped":0,"pct":6.52},"branches":{"total":58,"covered":0,"skipped":0,"pct":0}}
,"C:\\Users\\Admin\\Downloads\\projects\\goose\\ui\\desktop\\src\\components\\settings\\keyboard\\ShortcutRecorder.tsx": {"lines":{"total":53,"covered":0,"skipped":0,"pct":0},"functions":{"total":8,"covered":0,"skipped":0,"pct":0},"statements":{"total":54,"covered":0,"skipped":0,"pct":0},"branches":{"total":58,"covered":0,"skipped":0,"pct":0}}
,"C:\\Users\\Admin\\Downloads\\projects\\goose\\ui\\desktop\\src\\components\\settings\\mode\\ConfigureApproveMode.tsx": {"lines":{"total":16,"covered":0,"skipped":0,"pct":0},"functions":{"total":5,"covered":0,"skipped":0,"pct":0},"statements":{"total":16,"covered":0,"skipped":0,"pct":0},"branches":{"total":6,"covered":0,"skipped":0,"pct":0}}
,"C:\\Users\\Admin\\Downloads\\projects\\goose\\ui\\desktop\\src\\components\\settings\\mode\\ConversationLimitsDropdown.tsx": {"lines":{"total":6,"covered":1,"skipped":0,"pct":16.66},"functions":{"total":3,"covered":0,"skipped":0,"pct":0},"statements":{"total":6,"covered":1,"skipped":0,"pct":16.66},"branches":{"total":4,"covered":0,"skipped":0,"pct":0}}
,"C:\\Users\\Admin\\Downloads\\projects\\goose\\ui\\desktop\\src\\components\\settings\\mode\\ModeSection.tsx": {"lines":{"total":32,"covered":1,"skipped":0,"pct":3.12},"functions":{"total":7,"covered":0,"skipped":0,"pct":0},"statements":{"total":32,"covered":1,"skipped":0,"pct":3.12},"branches":{"total":4,"covered":0,"skipped":0,"pct":0}}
,"C:\\Users\\Admin\\Downloads\\projects\\goose\\ui\\desktop\\src\\components\\settings\\mode\\ModeSelectionItem.tsx": {"lines":{"total":15,"covered":3,"skipped":0,"pct":20},"functions":{"total":7,"covered":0,"skipped":0,"pct":0},"statements":{"total":15,"covered":3,"skipped":0,"pct":20},"branches":{"total":10,"covered":0,"skipped":0,"pct":0}}
,"C:\\Users\\Admin\\Downloads\\projects\\goose\\ui\\desktop\\src\\components\\settings\\models\\ModelsSection.tsx": {"lines":{"total":33,"covered":0,"skipped":0,"pct":0},"functions":{"total":5,"covered":0,"skipped":0,"pct":0},"statements":{"total":34,"covered":0,"skipped":0,"pct":0},"branches":{"total":12,"covered":0,"skipped":0,"pct":0}}
,"C:\\Users\\Admin\\Downloads\\projects\\goose\\ui\\desktop\\src\\components\\settings\\models\\modelInterface.ts": {"lines":{"total":15,"covered":8,"skipped":0,"pct":53.33},"functions":{"total":5,"covered":2,"skipped":0,"pct":40},"statements":{"total":16,"covered":8,"skipped":0,"pct":50},"branches":{"total":6,"covered":1,"skipped":0,"pct":16.66}}
,"C:\\Users\\Admin\\Downloads\\projects\\goose\\ui\\desktop\\src\\components\\settings\\models\\predefinedModelsUtils.ts": {"lines":{"total":13,"covered":0,"skipped":0,"pct":0},"functions":{"total":6,"covered":0,"skipped":0,"pct":0},"statements":{"total":15,"covered":0,"skipped":0,"pct":0},"branches":{"total":8,"covered":0,"skipped":0,"pct":0}}
,"C:\\Users\\Admin\\Downloads\\projects\\goose\\ui\\desktop\\src\\components\\settings\\models\\bottom_bar\\ModelsBottomBar.tsx": {"lines":{"total":68,"covered":0,"skipped":0,"pct":0},"functions":{"total":16,"covered":0,"skipped":0,"pct":0},"statements":{"total":68,"covered":0,"skipped":0,"pct":0},"branches":{"total":38,"covered":0,"skipped":0,"pct":0}}
,"C:\\Users\\Admin\\Downloads\\projects\\goose\\ui\\desktop\\src\\components\\settings\\models\\subcomponents\\LeadWorkerSettings.tsx": {"lines":{"total":109,"covered":65,"skipped":0,"pct":59.63},"functions":{"total":25,"covered":12,"skipped":0,"pct":48},"statements":{"total":117,"covered":72,"skipped":0,"pct":61.53},"branches":{"total":118,"covered":83,"skipped":0,"pct":70.33}}
,"C:\\Users\\Admin\\Downloads\\projects\\goose\\ui\\desktop\\src\\components\\settings\\models\\subcomponents\\ModelSettingsButtons.tsx": {"lines":{"total":6,"covered":0,"skipped":0,"pct":0},"functions":{"total":4,"covered":0,"skipped":0,"pct":0},"statements":{"total":6,"covered":0,"skipped":0,"pct":0},"branches":{"total":4,"covered":0,"skipped":0,"pct":0}}
[...]
,"C:\\Users\\Admin\\Downloads\\projects\\goose\\ui\\desktop\\src\\components\\ui\\icons.tsx": {"lines":{"total":22,"covered":11,"skipped":0,"pct":50},"functions":{"total":11,"covered":0,"skipped":0,"pct":0},"statements":{"total":22,"covered":11,"skipped":0,"pct":50},"branches":{"total":5,"covered":0,"skipped":0,"pct":0}}
,"C:\\Users\\Admin\\Downloads\\projects\\goose\\ui\\desktop\\src\\components\\ui\\input.tsx": {"lines":{"total":3,"covered":3,"skipped":0,"pct":100},"functions":{"total":1,"covered":1,"skipped":0,"pct":100},"statements":{"total":3,"covered":3,"skipped":0,"pct":100},"branches":{"total":0,"covered":0,"skipped":0,"pct":100}}
,"C:\\Users\\Admin\\Downloads\\projects\\goose\\ui\\desktop\\src\\components\\ui\\scroll-area.tsx": {"lines":{"total":75,"covered":31,"skipped":0,"pct":41.33},"functions":{"total":12,"covered":5,"skipped":0,"pct":41.66},"statements":{"total":79,"covered":32,"skipped":0,"pct":40.5},"branches":{"total":53,"covered":12,"skipped":0,"pct":22.64}}
,"C:\\Users\\Admin\\Downloads\\projects\\goose\\ui\\desktop\\src\\components\\ui\\separator.tsx": {"lines":{"total":1,"covered":1,"skipped":0,"pct":100},"functions":{"total":1,"covered":1,"skipped":0,"pct":100},"statements":{"total":1,"covered":1,"skipped":0,"pct":100},"branches":{"total":2,"covered":2,"skipped":0,"pct":100}}
,"C:\\Users\\Admin\\Downloads\\projects\\goose\\ui\\desktop\\src\\components\\ui\\sheet.tsx": {"lines":{"total":12,"covered":2,"skipped":0,"pct":16.66},"functions":{"total":10,"covered":0,"skipped":0,"pct":0},"statements":{"total":12,"covered":2,"skipped":0,"pct":16.66},"branches":{"total":9,"covered":0,"skipped":0,"pct":0}}
,"C:\\Users\\Admin\\Downloads\\projects\\goose\\ui\\desktop\\src\\components\\ui\\sidebar.tsx": {"lines":{"total":83,"covered":46,"skipped":0,"pct":55.42},"functions":{"total":35,"covered":15,"skipped":0,"pct":42.85},"statements":{"total":86,"covered":47,"skipped":0,"pct":54.65},"branches":{"total":79,"covered":29,"skipped":0,"pct":36.7}}
,"C:\\Users\\Admin\\Downloads\\projects\\goose\\ui\\desktop\\src\\components\\ui\\skeleton.tsx": {"lines":{"total":1,"covered":0,"skipped":0,"pct":0},"functions":{"total":1,"covered":0,"skipped":0,"pct":0},"statements":{"total":1,"covered":0,"skipped":0,"pct":0},"branches":{"total":0,"covered":0,"skipped":0,"pct":100}}
,"C:\\Users\\Admin\\Downloads\\projects\\goose\\ui\\desktop\\src\\components\\ui\\switch.tsx": {"lines":{"total":3,"covered":2,"skipped":0,"pct":66.66},"functions":{"total":1,"covered":0,"skipped":0,"pct":0},"statements":{"total":3,"covered":2,"skipped":0,"pct":66.66},"branches":{"total":5,"covered":0,"skipped":0,"pct":0}}
,"C:\\Users\\Admin\\Downloads\\projects\\goose\\ui\\desktop\\src\\components\\ui\\tabs.tsx": {"lines":{"total":12,"covered":8,"skipped":0,"pct":66.66},"functions":{"total":4,"covered":0,"skipped":0,"pct":0},"statements":{"total":12,"covered":8,"skipped":0,"pct":66.66},"branches":{"total":0,"covered":0,"skipped":0,"pct":100}}
,"C:\\Users\\Admin\\Downloads\\projects\\goose\\ui\\desktop\\src\\constants\\events.ts": {"lines":{"total":14,"covered":14,"skipped":0,"pct":100},"functions":{"total":1,"covered":1,"skipped":0,"pct":100},"statements":{"total":15,"covered":15,"skipped":0,"pct":100},"branches":{"total":2,"covered":2,"skipped":0,"pct":100}}
,"C:\\Users\\Admin\\Downloads\\projects\\goose\\ui\\desktop\\src\\contexts\\ChatContext.tsx": {"lines":{"total":15,"covered":0,"skipped":0,"pct":0},"functions":{"total":5,"covered":0,"skipped":0,"pct":0},"statements":{"total":15,"covered":0,"skipped":0,"pct":0},"branches":{"total":3,"covered":0,"skipped":0,"pct":0}}
,"C:\\Users\\Admin\\Downloads\\projects\\goose\\ui\\desktop\\src\\contexts\\ThemeContext.tsx": {"lines":{"total":54,"covered":1,"skipped":0,"pct":1.85},"functions":{"total":16,"covered":0,"skipped":0,"pct":0},"statements":{"total":57,"covered":1,"skipped":0,"pct":1.75},"branches":{"total":22,"covered":0,"skipped":0,"pct":0}}
,"C:\\Users\\Admin\\Downloads\\projects\\goose\\ui\\desktop\\src\\hooks\\use-mobile.ts": {"lines":{"total":10,"covered":9,"skipped":0,"pct":90},"functions":{"total":4,"covered":3,"skipped":0,"pct":75},"statements":{"total":11,"covered":10,"skipped":0,"pct":90.9},"branches":{"total":0,"covered":0,"skipped":0,"pct":100}}
,"C:\\Users\\Admin\\Downloads\\projects\\goose\\ui\\desktop\\src\\hooks\\use-text-animator.tsx": {"lines":{"total":77,"covered":1,"skipped":0,"pct":1.29},"functions":{"total":21,"covered":0,"skipped":0,"pct":0},"statements":{"total":81,"covered":1,"skipped":0,"pct":1.23},"branches":{"total":39,"covered":0,"skipped":0,"pct":0}}
,"C:\\Users\\Admin\\Downloads\\projects\\goose\\ui\\desktop\\src\\hooks\\useAnalytics.ts": {"lines":{"total":7,"covered":7,"skipped":0,"pct":100},"functions":{"total":2,"covered":2,"skipped":0,"pct":100},"statements":{"total":7,"covered":7,"skipped":0,"pct":100},"branches":{"total":4,"covered":3,"skipped":0,"pct":75}}
,"C:\\Users\\Admin\\Downloads\\projects\\goose\\ui\\desktop\\src\\hooks\\useAudioRecorder.ts": {"lines":{"total":152,"covered":6,"skipped":0,"pct":3.94},"functions":{"total":20,"covered":0,"skipped":0,"pct":0},"statements":{"total":165,"covered":6,"skipped":0,"pct":3.63},"branches":{"total":32,"covered":0,"skipped":0,"pct":0}}
,"C:\\Users\\Admin\\Downloads\\projects\\goose\\ui\\desktop\\src\\hooks\\useAutoSubmit.ts": {"lines":{"total":28,"covered":0,"skipped":0,"pct":0},"functions":{"total":4,"covered":0,"skipped":0,"pct":0},"statements":{"total":28,"covered":0,"skipped":0,"pct":0},"branches":{"total":19,"covered":0,"skipped":0,"pct":0}}
,"C:\\Users\\Admin\\Downloads\\projects\\goose\\ui\\desktop\\src\\hooks\\useChatStream.ts": {"lines":{"total":286,"covered":4,"skipped":0,"pct":1.39},"functions":{"total":31,"covered":0,"skipped":0,"pct":0},"statements":{"total":293,"covered":4,"skipped":0,"pct":1.36},"branches":{"total":195,"covered":0,"skipped":0,"pct":0}}
,"C:\\Users\\Admin\\Downloads\\projects\\goose\\ui\\desktop\\src\\hooks\\useCostTracking.ts": {"lines":{"total":20,"covered":1,"skipped":0,"pct":5},"functions":{"total":4,"covered":0,"skipped":0,"pct":0},"statements":{"total":21,"covered":1,"skipped":0,"pct":4.76},"branches":{"total":24,"covered":0,"skipped":0,"pct":0}}
,"C:\\Users\\Admin\\Downloads\\projects\\goose\\ui\\desktop\\src\\hooks\\useEscapeKey.ts": {"lines":{"total":8,"covered":2,"skipped":0,"pct":25},"functions":{"total":4,"covered":2,"skipped":0,"pct":50},"statements":{"total":9,"covered":3,"skipped":0,"pct":33.33},"branches":{"total":4,"covered":1,"skipped":0,"pct":25}}
,"C:\\Users\\Admin\\Downloads\\projects\\goose\\ui\\desktop\\src\\hooks\\useFileDrop.ts": {"lines":{"total":52,"covered":1,"skipped":0,"pct":1.92},"functions":{"total":16,"covered":0,"skipped":0,"pct":0},"statements":{"total":54,"covered":1,"skipped":0,"pct":1.85},"branches":{"total":12,"covered":0,"skipped":0,"pct":0}}
,"C:\\Users\\Admin\\Downloads\\projects\\goose\\ui\\desktop\\src\\hooks\\useNavigation.ts": {"lines":{"total":3,"covered":3,"skipped":0,"pct":100},"functions":{"total":1,"covered":1,"skipped":0,"pct":100},"statements":{"total":3,"covered":3,"skipped":0,"pct":100},"branches":{"total":0,"covered":0,"skipped":0,"pct":100}}
,"C:\\Users\\Admin\\Downloads\\projects\\goose\\ui\\desktop\\src\\hooks\\useRecipeManager.ts": {"lines":{"total":123,"covered":0,"skipped":0,"pct":0},"functions":{"total":21,"covered":0,"skipped":0,"pct":0},"statements":{"total":124,"covered":0,"skipped":0,"pct":0},"branches":{"total":84,"covered":0,"skipped":0,"pct":0}}
,"C:\\Users\\Admin\\Downloads\\projects\\goose\\ui\\desktop\\src\\hooks\\useSidebarSessionStatus.ts": {"lines":{"total":38,"covered":13,"skipped":0,"pct":34.21},"functions":{"total":11,"covered":5,"skipped":0,"pct":45.45},"statements":{"total":39,"covered":14,"skipped":0,"pct":35.89},"branches":{"total":11,"covered":1,"skipped":0,"pct":9.09}}
,"C:\\Users\\Admin\\Downloads\\projects\\goose\\ui\\desktop\\src\\recipe\\recipe_management.ts": {"lines":{"total":25,"covered":5,"skipped":0,"pct":20},"functions":{"total":5,"covered":0,"skipped":0,"pct":0},"statements":{"total":25,"covered":5,"skipped":0,"pct":20},"branches":{"total":13,"covered":0,"skipped":0,"pct":0}}
,"C:\\Users\\Admin\\Downloads\\projects\\goose\\ui\\desktop\\src\\recipe\\validation.ts": {"lines":{"total":43,"covered":37,"skipped":0,"pct":86.04},"functions":{"total":5,"covered":5,"skipped":0,"pct":100},"statements":{"total":43,"covered":37,"skipped":0,"pct":86.04},"branches":{"total":53,"covered":45,"skipped":0,"pct":84.9}}
,"C:\\Users\\Admin\\Downloads\\projects\\goose\\ui\\desktop\\src\\store\\extensionOverrides.ts": {"lines":{"total":17,"covered":1,"skipped":0,"pct":5.88},"functions":{"total":10,"covered":0,"skipped":0,"pct":0},"statements":{"total":17,"covered":1,"skipped":0,"pct":5.88},"branches":{"total":4,"covered":0,"skipped":0,"pct":0}}
,"C:\\Users\\Admin\\Downloads\\projects\\goose\\ui\\desktop\\src\\utils\\analytics.ts": {"lines":{"total":86,"covered":10,"skipped":0,"pct":11.62},"functions":{"total":49,"covered":4,"skipped":0,"pct":8.16},"statements":{"total":88,"covered":11,"skipped":0,"pct":12.5},"branches":{"total":39,"covered":2,"skipped":0,"pct":5.12}}
,"C:\\Users\\Admin\\Downloads\\projects\\goose\\ui\\desktop\\src\\utils\\autoUpdater.ts": {"lines":{"total":340,"covered":0,"skipped":0,"pct":0},"functions":{"total":36,"covered":0,"skipped":0,"pct":0},"statements":{"total":342,"covered":0,"skipped":0,"pct":0},"branches":{"total":136,"covered":0,"skipped":0,"pct":0}}
,"C:\\Users\\Admin\\Downloads\\projects\\goose\\ui\\desktop\\src\\utils\\chatgptCodexSetup.ts": {"lines":{"total":4,"covered":0,"skipped":0,"pct":0},"functions":{"total":1,"covered":0,"skipped":0,"pct":0},"statements":{"total":4,"covered":0,"skipped":0,"pct":0},"branches":{"total":0,"covered":0,"skipped":0,"pct":100}}
,"C:\\Users\\Admin\\Downloads\\projects\\goose\\ui\\desktop\\src\\utils\\configUtils.ts": {"lines":{"total":7,"covered":3,"skipped":0,"pct":42.85},"functions":{"total":2,"covered":0,"skipped":0,"pct":0},"statements":{"total":7,"covered":3,"skipped":0,"pct":42.85},"branches":{"total":2,"covered":0,"skipped":0,"pct":0}}
,"C:\\Users\\Admin\\Downloads\\projects\\goose\\ui\\desktop\\src\\utils\\conversionUtils.ts": {"lines":{"total":31,"covered":2,"skipped":0,"pct":6.45},"functions":{"total":9,"covered":1,"skipped":0,"pct":11.11},"statements":{"total":32,"covered":2,"skipped":0,"pct":6.25},"branches":{"total":14,"covered":1,"skipped":0,"pct":7.14}}
,"C:\\Users\\Admin\\Downloads\\projects\\goose\\ui\\desktop\\src\\utils\\date.ts": {"lines":{"total":30,"covered":3,"skipped":0,"pct":10},"functions":{"total":3,"covered":0,"skipped":0,"pct":0},"statements":{"total":30,"covered":3,"skipped":0,"pct":10},"branches":{"total":12,"covered":0,"skipped":0,"pct":0}}
,"C:\\Users\\Admin\\Downloads\\projects\\goose\\ui\\desktop\\src\\utils\\dateUtils.ts": {"lines":{"total":25,"covered":0,"skipped":0,"pct":0},"functions":{"total":3,"covered":0,"skipped":0,"pct":0},"statements":{"total":26,"covered":0,"skipped":0,"pct":0},"branches":{"total":8,"covered":0,"skipped":0,"pct":0}}
,"C:\\Users\\Admin\\Downloads\\projects\\goose\\ui\\desktop\\src\\utils\\eventAudit.ts": {"lines":{"total":11,"covered":6,"skipped":0,"pct":54.54},"functions":{"total":3,"covered":2,"skipped":0,"pct":66.66},"statements":{"total":11,"covered":6,"skipped":0,"pct":54.54},"branches":{"total":14,"covered":5,"skipped":0,"pct":35.71}}
,"C:\\Users\\Admin\\Downloads\\projects\\goose\\ui\\desktop\\src\\utils\\extensionErrorUtils.ts": {"lines":{"total":17,"covered":2,"skipped":0,"pct":11.76},"functions":{"total":5,"covered":1,"skipped":0,"pct":20},"statements":{"total":18,"covered":2,"skipped":0,"pct":11.11},"branches":{"total":21,"covered":2,"skipped":0,"pct":9.52}}
,"C:\\Users\\Admin\\Downloads\\projects\\goose\\ui\\desktop\\src\\utils\\githubUpdater.ts": {"lines":{"total":123,"covered":0,"skipped":0,"pct":0},"functions":{"total":6,"covered":0,"skipped":0,"pct":0},"statements":{"total":127,"covered":0,"skipped":0,"pct":0},"branches":{"total":52,"covered":0,"skipped":0,"pct":0}}
,"C:\\Users\\Admin\\Downloads\\projects\\goose\\ui\\desktop\\src\\utils\\htmlSecurity.ts": {"lines":{"total":18,"covered":18,"skipped":0,"pct":100},"functions":{"total":3,"covered":3,"skipped":0,"pct":100},"statements":{"total":18,"covered":18,"skipped":0,"pct":100},"branches":{"total":8,"covered":8,"skipped":0,"pct":100}}
,"C:\\Users\\Admin\\Downloads\\projects\\goose\\ui\\desktop\\src\\utils\\interruptionDetector.ts": {"lines":{"total":25,"covered":25,"skipped":0,"pct":100},"functions":{"total":3,"covered":3,"skipped":0,"pct":100},"statements":{"total":25,"covered":25,"skipped":0,"pct":100},"branches":{"total":20,"covered":20,"skipped":0,"pct":100}}
,"C:\\Users\\Admin\\Downloads\\projects\\goose\\ui\\desktop\\src\\utils\\keyboardShortcuts.ts": {"lines":{"total":3,"covered":0,"skipped":0,"pct":0},"functions":{"total":3,"covered":0,"skipped":0,"pct":0},"statements":{"total":3,"covered":0,"skipped":0,"pct":0},"branches":{"total":4,"covered":0,"skipped":0,"pct":0}}
,"C:\\Users\\Admin\\Downloads\\projects\\goose\\ui\\desktop\\src\\utils\\localMessageStorage.ts": {"lines":{"total":30,"covered":3,"skipped":0,"pct":10},"functions":{"total":7,"covered":5,"skipped":0,"pct":71.42},"statements":{"total":32,"covered":3,"skipped":0,"pct":9.37},"branches":{"total":10,"covered":0,"skipped":0,"pct":0}}
,"C:\\Users\\Admin\\Downloads\\projects\\goose\\ui\\desktop\\src\\utils\\logger.ts": {"lines":{"total":4,"covered":0,"skipped":0,"pct":0},"functions":{"total":1,"covered":0,"skipped":0,"pct":0},"statements":{"total":4,"covered":0,"skipped":0,"pct":0},"branches":{"total":4,"covered":0,"skipped":0,"pct":0}}
,"C:\\Users\\Admin\\Downloads\\projects\\goose\\ui\\desktop\\src\\utils\\navigationUtils.ts": {"lines":{"total":30,"covered":2,"skipped":0,"pct":6.66},"functions":{"total":2,"covered":1,"skipped":0,"pct":50},"statements":{"total":30,"covered":2,"skipped":0,"pct":6.66},"branches":{"total":16,"covered":0,"skipped":0,"pct":0}}
,"C:\\Users\\Admin\\Downloads\\projects\\goose\\ui\\desktop\\src\\utils\\ollamaDetection.ts": {"lines":{"total":70,"covered":69,"skipped":0,"pct":98.57},"functions":{"total":13,"covered":12,"skipped":0,"pct":92.3},"statements":{"total":75,"covered":72,"skipped":0,"pct":96},"branches":{"total":19,"covered":15,"skipped":0,"pct":78.94}}
,"C:\\Users\\Admin\\Downloads\\projects\\goose\\ui\\desktop\\src\\utils\\openRouterSetup.ts": {"lines":{"total":3,"covered":0,"skipped":0,"pct":0},"functions":{"total":1,"covered":0,"skipped":0,"pct":0},"statements":{"total":3,"covered":0,"skipped":0,"pct":0},"branches":{"total":0,"covered":0,"skipped":0,"pct":100}}
,"C:\\Users\\Admin\\Downloads\\projects\\goose\\ui\\desktop\\src\\utils\\pathUtils.ts": {"lines":{"total":9,"covered":0,"skipped":0,"pct":0},"functions":{"total":1,"covered":0,"skipped":0,"pct":0},"statements":{"total":10,"covered":0,"skipped":0,"pct":0},"branches":{"total":13,"covered":0,"skipped":0,"pct":0}}
,"C:\\Users\\Admin\\Downloads\\projects\\goose\\ui\\desktop\\src\\utils\\platform_events.ts": {"lines":{"total":35,"covered":4,"skipped":0,"pct":11.42},"functions":{"total":10,"covered":2,"skipped":0,"pct":20},"statements":{"total":37,"covered":5,"skipped":0,"pct":13.51},"branches":{"total":25,"covered":0,"skipped":0,"pct":0}}
,"C:\\Users\\Admin\\Downloads\\projects\\goose\\ui\\desktop\\src\\utils\\pricing.ts": {"lines":{"total":6,"covered":0,"skipped":0,"pct":0},"functions":{"total":1,"covered":0,"skipped":0,"pct":0},"statements":{"total":6,"covered":0,"skipped":0,"pct":0},"branches":{"total":4,"covered":0,"skipped":0,"pct":0}}
,"C:\\Users\\Admin\\Downloads\\projects\\goose\\ui\\desktop\\src\\utils\\providerUtils.ts": {"lines":{"total":22,"covered":7,"skipped":0,"pct":31.81},"functions":{"total":2,"covered":1,"skipped":0,"pct":50},"statements":{"total":22,"covered":7,"skipped":0,"pct":31.81},"branches":{"total":8,"covered":0,"skipped":0,"pct":0}}
,"C:\\Users\\Admin\\Downloads\\projects\\goose\\ui\\desktop\\src\\utils\\recentDirs.ts": {"lines":{"total":37,"covered":0,"skipped":0,"pct":0},"functions":{"total":4,"covered":0,"skipped":0,"pct":0},"statements":{"total":38,"covered":0,"skipped":0,"pct":0},"branches":{"total":10,"covered":0,"skipped":0,"pct":0}}
,"C:\\Users\\Admin\\Downloads\\projects\\goose\\ui\\desktop\\src\\utils\\recipeHash.ts": {"lines":{"total":26,"covered":0,"skipped":0,"pct":0},"functions":{"total":5,"covered":0,"skipped":0,"pct":0},"statements":{"total":26,"covered":0,"skipped":0,"pct":0},"branches":{"total":8,"covered":0,"skipped":0,"pct":0}}
,"C:\\Users\\Admin\\Downloads\\projects\\goose\\ui\\desktop\\src\\utils\\searchHighlighter.ts": {"lines":{"total":122,"covered":0,"skipped":0,"pct":0},"functions":{"total":18,"covered":0,"skipped":0,"pct":0},"statements":{"total":125,"covered":0,"skipped":0,"pct":0},"branches":{"total":68,"covered":0,"skipped":0,"pct":0}}
,"C:\\Users\\Admin\\Downloads\\projects\\goose\\ui\\desktop\\src\\utils\\sessionCache.ts": {"lines":{"total":27,"covered":0,"skipped":0,"pct":0},"functions":{"total":9,"covered":0,"skipped":0,"pct":0},"statements":{"total":28,"covered":0,"skipped":0,"pct":0},"branches":{"total":9,"covered":0,"skipped":0,"pct":0}}
,"C:\\Users\\Admin\\Downloads\\projects\\goose\\ui\\desktop\\src\\utils\\settings.ts": {"lines":{"total":10,"covered":1,"skipped":0,"pct":10},"functions":{"total":1,"covered":0,"skipped":0,"pct":0},"statements":{"total":10,"covered":1,"skipped":0,"pct":10},"branches":{"total":10,"covered":0,"skipped":0,"pct":0}}
,"C:\\Users\\Admin\\Downloads\\projects\\goose\\ui\\desktop\\src\\utils\\tetrateSetup.ts": {"lines":{"total":3,"covered":0,"skipped":0,"pct":0},"functions":{"total":1,"covered":0,"skipped":0,"pct":0},"statements":{"total":3,"covered":0,"skipped":0,"pct":0},"branches":{"total":0,"covered":0,"skipped":0,"pct":100}}
,"C:\\Users\\Admin\\Downloads\\projects\\goose\\ui\\desktop\\src\\utils\\timeUtils.ts": {"lines":{"total":7,"covered":0,"skipped":0,"pct":0},"functions":{"total":1,"covered":0,"skipped":0,"pct":0},"statements":{"total":7,"covered":0,"skipped":0,"pct":0},"branches":{"total":7,"covered":0,"skipped":0,"pct":0}}
,"C:\\Users\\Admin\\Downloads\\projects\\goose\\ui\\desktop\\src\\utils\\toolCallChaining.ts": {"lines":{"total":32,"covered":0,"skipped":0,"pct":0},"functions":{"total":4,"covered":0,"skipped":0,"pct":0},"statements":{"total":34,"covered":0,"skipped":0,"pct":0},"branches":{"total":22,"covered":0,"skipped":0,"pct":0}}
,"C:\\Users\\Admin\\Downloads\\projects\\goose\\ui\\desktop\\src\\utils\\toolIconMapping.tsx": {"lines":{"total":40,"covered":5,"skipped":0,"pct":12.5},"functions":{"total":5,"covered":0,"skipped":0,"pct":0},"statements":{"total":40,"covered":5,"skipped":0,"pct":12.5},"branches":{"total":31,"covered":0,"skipped":0,"pct":0}}
,"C:\\Users\\Admin\\Downloads\\projects\\goose\\ui\\desktop\\src\\utils\\urlSecurity.ts": {"lines":{"total":12,"covered":5,"skipped":0,"pct":41.66},"functions":{"total":2,"covered":0,"skipped":0,"pct":0},"statements":{"total":12,"covered":5,"skipped":0,"pct":41.66},"branches":{"total":0,"covered":0,"skipped":0,"pct":100}}
,"C:\\Users\\Admin\\Downloads\\projects\\goose\\ui\\desktop\\src\\utils\\winShims.ts": {"lines":{"total":25,"covered":0,"skipped":0,"pct":0},"functions":{"total":3,"covered":0,"skipped":0,"pct":0},"statements":{"total":27,"covered":0,"skipped":0,"pct":0},"branches":{"total":10,"covered":0,"skipped":0,"pct":0}}
,"C:\\Users\\Admin\\Downloads\\projects\\goose\\ui\\desktop\\src\\utils\\workingDir.ts": {"lines":{"total":2,"covered":1,"skipped":0,"pct":50},"functions":{"total":1,"covered":0,"skipped":0,"pct":0},"statements":{"total":2,"covered":1,"skipped":0,"pct":50},"branches":{"total":2,"covered":0,"skipped":0,"pct":0}}
}
