TN:
SF:src\App.tsx
FN:58,PageViewTracker
FN:64,(anonymous_1)
FN:69,(anonymous_2)
FN:91,(anonymous_3)
FN:99,(anonymous_4)
FN:116,(anonymous_5)
FN:146,(anonymous_6)
FN:147,(anonymous_7)
FN:162,(anonymous_8)
FN:178,(anonymous_9)
FN:181,(anonymous_10)
FN:185,(anonymous_11)
FN:187,(anonymous_12)
FN:190,(anonymous_13)
FN:194,(anonymous_14)
FN:202,(anonymous_15)
FN:231,(anonymous_16)
FN:237,(anonymous_17)
FN:248,(anonymous_18)
FN:254,(anonymous_19)
FN:258,(anonymous_20)
FN:269,(anonymous_21)
FN:293,(anonymous_22)
FN:309,(anonymous_23)
FN:321,(anonymous_24)
FN:322,(anonymous_25)
FN:342,AppInner
FN:364,(anonymous_27)
FN:365,(anonymous_28)
FN:373,(anonymous_29)
FN:374,(anonymous_30)
FN:392,(anonymous_31)
FN:395,(anonymous_32)
FN:396,(anonymous_33)
FN:407,(anonymous_34)
FN:415,(anonymous_35)
FN:425,(anonymous_36)
FN:426,(anonymous_37)
FN:432,(anonymous_38)
FN:455,(anonymous_39)
FN:460,(anonymous_40)
FN:462,(anonymous_41)
FN:474,(anonymous_42)
FN:481,(anonymous_43)
FN:482,(anonymous_44)
FN:493,(anonymous_45)
FN:499,(anonymous_46)
FN:516,(anonymous_47)
FN:524,(anonymous_48)
FN:525,(anonymous_49)
FN:531,(anonymous_50)
FN:536,(anonymous_51)
FN:537,(anonymous_52)
FN:552,(anonymous_53)
FN:555,(anonymous_54)
FN:556,(anonymous_55)
FN:562,(anonymous_56)
FN:565,(anonymous_57)
FN:566,(anonymous_58)
FN:573,(anonymous_59)
FN:581,(anonymous_60)
FN:582,(anonymous_61)
FN:599,(anonymous_62)
FN:607,(anonymous_63)
FN:613,(anonymous_64)
FN:626,(anonymous_65)
FN:647,(anonymous_66)
FN:703,App
FNF:68
FNH:24
FNDA:4,PageViewTracker
FNDA:0,(anonymous_1)
FNDA:0,(anonymous_2)
FNDA:0,(anonymous_3)
FNDA:0,(anonymous_4)
FNDA:0,(anonymous_5)
FNDA:0,(anonymous_6)
FNDA:0,(anonymous_7)
FNDA:0,(anonymous_8)
FNDA:0,(anonymous_9)
FNDA:0,(anonymous_10)
FNDA:0,(anonymous_11)
FNDA:0,(anonymous_12)
FNDA:0,(anonymous_13)
FNDA:0,(anonymous_14)
FNDA:0,(anonymous_15)
FNDA:4,(anonymous_16)
FNDA:0,(anonymous_17)
FNDA:4,(anonymous_18)
FNDA:0,(anonymous_19)
FNDA:0,(anonymous_20)
FNDA:0,(anonymous_21)
FNDA:0,(anonymous_22)
FNDA:0,(anonymous_23)
FNDA:0,(anonymous_24)
FNDA:0,(anonymous_25)
FNDA:4,AppInner
FNDA:4,(anonymous_27)
FNDA:0,(anonymous_28)
FNDA:0,(anonymous_29)
FNDA:0,(anonymous_30)
FNDA:0,(anonymous_31)
FNDA:0,(anonymous_32)
FNDA:0,(anonymous_33)
FNDA:4,(anonymous_34)
FNDA:4,(anonymous_35)
FNDA:4,(anonymous_36)
FNDA:0,(anonymous_37)
FNDA:0,(anonymous_38)
FNDA:4,(anonymous_39)
FNDA:4,(anonymous_40)
FNDA:0,(anonymous_41)
FNDA:4,(anonymous_42)
FNDA:4,(anonymous_43)
FNDA:0,(anonymous_44)
FNDA:0,(anonymous_45)
FNDA:0,(anonymous_46)
FNDA:4,(anonymous_47)
FNDA:4,(anonymous_48)
FNDA:0,(anonymous_49)
FNDA:4,(anonymous_50)
FNDA:4,(anonymous_51)
FNDA:0,(anonymous_52)
FNDA:4,(anonymous_53)
FNDA:4,(anonymous_54)
FNDA:0,(anonymous_55)
FNDA:4,(anonymous_56)
FNDA:4,(anonymous_57)
FNDA:0,(anonymous_58)
FNDA:4,(anonymous_59)
FNDA:4,(anonymous_60)
FNDA:0,(anonymous_61)
FNDA:0,(anonymous_62)
FNDA:4,(anonymous_63)
FNDA:4,(anonymous_64)
FNDA:0,(anonymous_65)
FNDA:0,(anonymous_66)
FNDA:0,App
DA:59,4
DA:60,4
DA:64,1
DA:65,0
DA:66,0
DA:69,1
DA:78,0
DA:79,0
DA:81,0
DA:82,0
DA:83,0
DA:85,0
DA:86,0
DA:87,0
DA:88,0
DA:91,0
DA:92,0
DA:97,0
DA:99,0
DA:100,0
DA:101,0
DA:107,0
DA:116,0
DA:117,0
DA:118,0
DA:119,0
DA:122,0
DA:123,0
DA:129,0
DA:146,0
DA:147,0
DA:148,0
DA:159,0
DA:162,1
DA:163,0
DA:164,0
DA:165,0
DA:166,0
DA:170,0
DA:173,0
DA:174,0
DA:175,0
DA:178,0
DA:181,1
DA:182,0
DA:185,1
DA:186,0
DA:187,0
DA:190,1
DA:191,0
DA:194,1
DA:195,0
DA:196,0
DA:197,0
DA:198,0
DA:200,0
DA:204,0
DA:206,0
DA:207,0
DA:209,0
DA:210,0
DA:212,0
DA:213,0
DA:215,0
DA:216,0
DA:218,0
DA:219,0
DA:221,0
DA:222,0
DA:224,0
DA:231,1
DA:232,4
DA:234,4
DA:237,0
DA:248,1
DA:249,4
DA:251,4
DA:255,0
DA:259,0
DA:260,0
DA:261,0
DA:269,1
DA:278,0
DA:279,0
DA:281,0
DA:282,0
DA:284,0
DA:285,0
DA:286,0
DA:288,0
DA:294,0
DA:295,0
DA:296,0
DA:297,0
DA:299,0
DA:301,0
DA:309,1
DA:310,0
DA:311,0
DA:315,0
DA:319,0
DA:321,0
DA:323,0
DA:325,0
DA:326,0
DA:328,0
DA:329,0
DA:331,0
DA:332,0
DA:334,0
DA:343,4
DA:344,4
DA:345,4
DA:346,4
DA:348,4
DA:349,4
DA:351,4
DA:358,4
DA:360,4
DA:364,4
DA:365,4
DA:367,0
DA:373,0
DA:374,0
DA:376,0
DA:378,0
DA:379,0
DA:383,0
DA:384,0
DA:385,0
DA:386,0
DA:388,0
DA:392,4
DA:393,0
DA:395,0
DA:396,0
DA:397,0
DA:398,0
DA:400,0
DA:405,4
DA:406,4
DA:407,4
DA:408,4
DA:409,4
DA:413,4
DA:415,4
DA:416,4
DA:417,4
DA:418,4
DA:420,0
DA:421,0
DA:425,4
DA:426,4
DA:427,0
DA:428,0
DA:429,0
DA:430,0
DA:431,0
DA:432,0
DA:433,0
DA:436,0
DA:437,0
DA:443,0
DA:444,0
DA:449,0
DA:451,0
DA:454,4
DA:455,4
DA:456,4
DA:460,4
DA:461,4
DA:462,4
DA:463,0
DA:464,0
DA:465,0
DA:466,0
DA:467,0
DA:469,0
DA:473,4
DA:474,4
DA:475,4
DA:481,4
DA:482,4
DA:484,0
DA:485,0
DA:487,0
DA:488,0
DA:489,0
DA:493,4
DA:495,0
DA:496,0
DA:499,4
DA:501,0
DA:502,0
DA:504,0
DA:505,0
DA:506,0
DA:511,4
DA:512,4
DA:513,4
DA:514,4
DA:516,4
DA:517,4
DA:518,4
DA:519,4
DA:520,4
DA:524,4
DA:525,4
DA:526,0
DA:527,0
DA:528,0
DA:530,4
DA:531,4
DA:532,4
DA:536,4
DA:537,4
DA:538,0
DA:539,0
DA:540,0
DA:544,0
DA:545,0
DA:547,0
DA:551,4
DA:552,4
DA:555,4
DA:556,4
DA:557,0
DA:558,0
DA:561,4
DA:562,4
DA:565,4
DA:566,4
DA:567,0
DA:568,0
DA:569,0
DA:572,4
DA:573,4
DA:574,4
DA:579,4
DA:581,4
DA:582,4
DA:583,0
DA:584,0
DA:591,0
DA:592,0
DA:593,0
DA:594,0
DA:599,0
DA:600,0
DA:602,0
DA:603,0
DA:606,4
DA:607,4
DA:608,4
DA:613,4
DA:614,4
DA:617,4
DA:618,0
DA:621,4
DA:627,0
DA:647,0
DA:704,0
LF:262
LH:91
BRDA:81,0,0,0
BRDA:81,0,1,0
BRDA:81,0,2,0
BRDA:85,1,0,0
BRDA:85,1,1,0
BRDA:86,2,0,0
BRDA:86,2,1,0
BRDA:92,3,0,0
BRDA:92,3,1,0
BRDA:92,4,0,0
BRDA:92,4,1,0
BRDA:92,4,2,0
BRDA:92,4,3,0
BRDA:92,4,4,0
BRDA:147,5,0,0
BRDA:147,5,1,0
BRDA:147,6,0,0
BRDA:147,6,1,0
BRDA:170,7,0,0
BRDA:170,7,1,0
BRDA:170,7,2,0
BRDA:174,8,0,0
BRDA:174,8,1,0
BRDA:204,9,0,0
BRDA:204,9,1,0
BRDA:204,9,2,0
BRDA:204,9,3,0
BRDA:204,9,4,0
BRDA:204,9,5,0
BRDA:204,9,6,0
BRDA:282,10,0,0
BRDA:282,10,1,0
BRDA:284,11,0,0
BRDA:284,11,1,0
BRDA:284,11,2,0
BRDA:285,12,0,0
BRDA:285,12,1,0
BRDA:286,13,0,0
BRDA:286,13,1,0
BRDA:294,14,0,0
BRDA:294,14,1,0
BRDA:294,15,0,0
BRDA:294,15,1,0
BRDA:315,16,0,0
BRDA:315,16,1,0
BRDA:315,16,2,0
BRDA:323,17,0,0
BRDA:323,17,1,0
BRDA:323,17,2,0
BRDA:323,17,3,0
BRDA:376,18,0,0
BRDA:376,18,1,0
BRDA:385,19,0,0
BRDA:385,19,1,0
BRDA:397,20,0,0
BRDA:397,20,1,0
BRDA:464,21,0,0
BRDA:464,21,1,0
BRDA:464,22,0,0
BRDA:464,22,1,0
BRDA:464,23,0,0
BRDA:464,23,1,0
BRDA:487,24,0,0
BRDA:487,24,1,0
BRDA:504,25,0,0
BRDA:504,25,1,0
BRDA:541,26,0,0
BRDA:541,26,1,0
BRDA:544,27,0,0
BRDA:544,27,1,0
BRDA:544,28,0,0
BRDA:544,28,1,0
BRDA:568,29,0,0
BRDA:568,29,1,0
BRDA:591,30,0,0
BRDA:591,30,1,0
BRDA:591,31,0,0
BRDA:591,31,1,0
BRDA:602,32,0,0
BRDA:602,32,1,0
BRDA:617,33,0,0
BRDA:617,33,1,4
BRF:82
BRH:1
end_of_record
TN:
SF:src\config.ts
FN:1,(anonymous_0)
FNF:1
FNH:0
FNDA:0,(anonymous_0)
DA:1,0
DA:2,0
DA:3,0
DA:4,0
LF:4
LH:0
BRDA:2,0,0,0
BRDA:2,0,1,0
BRDA:3,1,0,0
BRDA:3,1,1,0
BRF:4
BRH:0
end_of_record
TN:
SF:src\goosed.ts
FN:15,(anonymous_0)
FN:16,(anonymous_1)
FN:19,(anonymous_2)
FN:21,(anonymous_3)
FN:30,(anonymous_4)
FN:34,(anonymous_5)
FN:52,(anonymous_6)
FN:64,(anonymous_7)
FN:69,(anonymous_8)
FN:97,(anonymous_9)
FN:152,(anonymous_10)
FN:173,(anonymous_11)
FN:177,(anonymous_12)
FN:181,(anonymous_13)
FN:182,(anonymous_14)
FN:188,(anonymous_15)
FN:192,(anonymous_16)
FN:197,(anonymous_17)
FN:210,(anonymous_18)
FN:224,(anonymous_19)
FNF:20
FNH:0
FNDA:0,(anonymous_0)
FNDA:0,(anonymous_1)
FNDA:0,(anonymous_2)
FNDA:0,(anonymous_3)
FNDA:0,(anonymous_4)
FNDA:0,(anonymous_5)
FNDA:0,(anonymous_6)
FNDA:0,(anonymous_7)
FNDA:0,(anonymous_8)
FNDA:0,(anonymous_9)
FNDA:0,(anonymous_10)
FNDA:0,(anonymous_11)
FNDA:0,(anonymous_12)
FNDA:0,(anonymous_13)
FNDA:0,(anonymous_14)
FNDA:0,(anonymous_15)
FNDA:0,(anonymous_16)
FNDA:0,(anonymous_17)
FNDA:0,(anonymous_18)
FNDA:0,(anonymous_19)
DA:15,0
DA:16,0
DA:17,0
DA:19,0
DA:20,0
DA:21,0
DA:22,0
DA:23,0
DA:30,0
DA:31,0
DA:32,0
DA:34,0
DA:35,0
DA:36,0
DA:39,0
DA:40,0
DA:41,0
DA:42,0
DA:44,0
DA:45,0
DA:46,0
DA:48,0
DA:49,0
DA:52,0
DA:54,0
DA:64,0
DA:65,0
DA:67,0
DA:70,0
DA:74,0
DA:97,0
DA:98,0
DA:99,0
DA:100,0
DA:101,0
DA:103,0
DA:104,0
DA:107,0
DA:108,0
DA:111,0
DA:113,0
DA:115,0
DA:116,0
DA:118,0
DA:120,0
DA:131,0
DA:133,0
DA:134,0
DA:136,0
DA:138,0
DA:140,0
DA:149,0
DA:153,0
DA:154,0
DA:156,0
DA:158,0
DA:163,0
DA:165,0
DA:167,0
DA:169,0
DA:170,0
DA:173,0
DA:174,0
DA:177,0
DA:178,0
DA:181,0
DA:182,0
DA:183,0
DA:184,0
DA:188,0
DA:189,0
DA:192,0
DA:193,0
DA:194,0
DA:197,0
DA:198,0
DA:199,0
DA:200,0
DA:201,0
DA:203,0
DA:206,0
DA:210,0
DA:211,0
DA:212,0
DA:215,0
DA:216,0
DA:224,0
DA:225,0
DA:228,0
DA:229,0
DA:236,0
DA:239,0
DA:240,0
DA:241,0
DA:243,0
DA:244,0
DA:245,0
DA:246,0
DA:248,0
DA:252,0
DA:256,0
LF:101
LH:0
BRDA:36,0,0,0
BRDA:36,0,1,0
BRDA:40,1,0,0
BRDA:40,1,1,0
BRDA:48,2,0,0
BRDA:48,2,1,0
BRDA:98,3,0,0
BRDA:103,4,0,0
BRDA:103,4,1,0
BRDA:103,5,0,0
BRDA:103,5,1,0
BRDA:107,6,0,0
BRDA:107,6,1,0
BRDA:123,7,0,0
BRDA:123,7,1,0
BRDA:124,8,0,0
BRDA:124,8,1,0
BRDA:125,9,0,0
BRDA:125,9,1,0
BRDA:133,10,0,0
BRDA:133,10,1,0
BRDA:133,11,0,0
BRDA:133,11,1,0
BRDA:151,12,0,0
BRDA:151,12,1,0
BRDA:153,13,0,0
BRDA:153,13,1,0
BRDA:153,14,0,0
BRDA:153,14,1,0
BRDA:153,14,2,0
BRDA:156,15,0,0
BRDA:156,15,1,0
BRDA:169,16,0,0
BRDA:169,16,1,0
BRDA:169,17,0,0
BRDA:169,17,1,0
BRDA:199,18,0,0
BRDA:199,18,1,0
BRDA:200,19,0,0
BRDA:200,19,1,0
BRDA:225,20,0,0
BRDA:225,20,1,0
BRDA:228,21,0,0
BRDA:228,21,1,0
BRDA:243,22,0,0
BRDA:243,22,1,0
BRDA:245,23,0,0
BRDA:245,23,1,0
BRF:48
BRH:0
end_of_record
TN:
SF:src\main.ts
FN:51,shouldSetupUpdater
FN:67,getSettings
FN:75,updateSettings
FN:81,configureProxy
FN:138,(anonymous_4)
FN:139,(anonymous_5)
FN:144,(anonymous_6)
FN:184,(anonymous_7)
FN:186,(anonymous_8)
FN:196,handleProtocolUrl
FN:229,(anonymous_10)
FN:239,processProtocolUrl
FN:270,(anonymous_12)
FN:331,(anonymous_13)
FN:341,(anonymous_14)
FN:350,(anonymous_15)
FN:358,handleFileOpen
FN:398,getAppUrl
FN:405,(anonymous_18)
FN:428,(anonymous_19)
FN:446,(anonymous_20)
FN:474,(anonymous_21)
FN:547,(anonymous_22)
FN:548,(anonymous_23)
FN:578,(anonymous_24)
FN:602,(anonymous_25)
FN:611,(anonymous_26)
FN:620,(anonymous_27)
FN:664,(anonymous_28)
FN:681,(anonymous_29)
FN:749,(anonymous_30)
FN:761,(anonymous_31)
FN:771,(anonymous_32)
FN:781,(anonymous_33)
FN:812,(anonymous_34)
FN:859,(anonymous_35)
FN:864,(anonymous_36)
FN:869,(anonymous_37)
FN:882,(anonymous_38)
FN:889,(anonymous_39)
FN:890,(anonymous_40)
FN:895,(anonymous_41)
FN:906,(anonymous_42)
FN:929,(anonymous_43)
FN:944,(anonymous_44)
FN:964,(anonymous_45)
FN:966,(anonymous_46)
FN:968,(anonymous_47)
FN:974,(anonymous_48)
FN:1079,parseRecipeDeeplink
FN:1128,(anonymous_50)
FN:1130,(anonymous_51)
FN:1135,(anonymous_52)
FN:1140,(anonymous_53)
FN:1145,(anonymous_54)
FN:1183,(anonymous_55)
FN:1194,(anonymous_56)
FN:1201,(anonymous_57)
FN:1208,(anonymous_58)
FN:1212,(anonymous_59)
FN:1228,(anonymous_60)
FN:1233,(anonymous_61)
FN:1246,(anonymous_62)
FN:1247,(anonymous_63)
FN:1259,(anonymous_64)
FN:1270,(anonymous_65)
FN:1274,(anonymous_66)
FN:1284,(anonymous_67)
FN:1292,(anonymous_68)
FN:1304,(anonymous_69)
FN:1360,(anonymous_70)
FN:1361,(anonymous_71)
FN:1386,(anonymous_72)
FN:1396,(anonymous_73)
FN:1397,(anonymous_74)
FN:1403,(anonymous_75)
FN:1414,(anonymous_76)
FN:1448,(anonymous_77)
FN:1450,(anonymous_78)
FN:1461,(anonymous_79)
FN:1465,(anonymous_80)
FN:1469,(anonymous_81)
FN:1484,(anonymous_82)
FN:1489,(anonymous_83)
FN:1495,(anonymous_84)
FN:1505,(anonymous_85)
FN:1513,(anonymous_86)
FN:1518,(anonymous_87)
FN:1522,(anonymous_88)
FN:1526,(anonymous_89)
FN:1534,(anonymous_90)
FN:1545,(anonymous_91)
FN:1558,(anonymous_92)
FN:1571,(anonymous_93)
FN:1578,(anonymous_94)
FN:1587,(anonymous_95)
FN:1591,(anonymous_96)
FN:1595,(anonymous_97)
FN:1599,(anonymous_98)
FN:1605,(anonymous_99)
FN:1608,(anonymous_100)
FN:1617,(anonymous_101)
FN:1625,(anonymous_102)
FN:1635,(anonymous_103)
FN:1644,appMain
FN:1653,(anonymous_105)
FN:1664,(anonymous_106)
FN:1687,(anonymous_107)
FN:1713,(anonymous_108)
FN:1722,(anonymous_109)
FN:1744,(anonymous_110)
FN:1759,(anonymous_111)
FN:1771,(anonymous_112)
FN:1780,(anonymous_113)
FN:1790,(anonymous_114)
FN:1792,(anonymous_115)
FN:1798,(anonymous_116)
FN:1806,(anonymous_117)
FN:1814,(anonymous_118)
FN:1822,(anonymous_119)
FN:1839,(anonymous_120)
FN:1851,(anonymous_121)
FN:1865,(anonymous_122)
FN:1878,(anonymous_123)
FN:1901,(anonymous_124)
FN:1913,(anonymous_125)
FN:1922,(anonymous_126)
FN:1930,(anonymous_127)
FN:1945,(anonymous_128)
FN:1969,(anonymous_129)
FN:2013,(anonymous_130)
FN:2021,(anonymous_131)
FN:2035,(anonymous_132)
FN:2062,(anonymous_133)
FN:2069,(anonymous_134)
FN:2091,(anonymous_135)
FN:2100,(anonymous_136)
FN:2117,(anonymous_137)
FN:2142,(anonymous_138)
FN:2146,(anonymous_139)
FN:2153,(anonymous_140)
FN:2162,(anonymous_141)
FN:2201,(anonymous_142)
FN:2228,(anonymous_143)
FN:2234,(anonymous_144)
FN:2238,(anonymous_145)
FN:2247,(anonymous_146)
FN:2278,(anonymous_147)
FN:2303,(anonymous_148)
FN:2326,(anonymous_149)
FN:2342,(anonymous_150)
FN:2351,getAllowList
FN:2371,(anonymous_152)
FN:2381,(anonymous_153)
FN:2400,(anonymous_154)
FNF:155
FNH:0
FNDA:0,shouldSetupUpdater
FNDA:0,getSettings
FNDA:0,updateSettings
FNDA:0,configureProxy
FNDA:0,(anonymous_4)
FNDA:0,(anonymous_5)
FNDA:0,(anonymous_6)
FNDA:0,(anonymous_7)
FNDA:0,(anonymous_8)
FNDA:0,handleProtocolUrl
FNDA:0,(anonymous_10)
FNDA:0,processProtocolUrl
FNDA:0,(anonymous_12)
FNDA:0,(anonymous_13)
FNDA:0,(anonymous_14)
FNDA:0,(anonymous_15)
FNDA:0,handleFileOpen
FNDA:0,getAppUrl
FNDA:0,(anonymous_18)
FNDA:0,(anonymous_19)
FNDA:0,(anonymous_20)
FNDA:0,(anonymous_21)
FNDA:0,(anonymous_22)
FNDA:0,(anonymous_23)
FNDA:0,(anonymous_24)
FNDA:0,(anonymous_25)
FNDA:0,(anonymous_26)
FNDA:0,(anonymous_27)
FNDA:0,(anonymous_28)
FNDA:0,(anonymous_29)
FNDA:0,(anonymous_30)
FNDA:0,(anonymous_31)
FNDA:0,(anonymous_32)
FNDA:0,(anonymous_33)
FNDA:0,(anonymous_34)
FNDA:0,(anonymous_35)
FNDA:0,(anonymous_36)
FNDA:0,(anonymous_37)
FNDA:0,(anonymous_38)
FNDA:0,(anonymous_39)
FNDA:0,(anonymous_40)
FNDA:0,(anonymous_41)
FNDA:0,(anonymous_42)
FNDA:0,(anonymous_43)
FNDA:0,(anonymous_44)
FNDA:0,(anonymous_45)
FNDA:0,(anonymous_46)
FNDA:0,(anonymous_47)
FNDA:0,(anonymous_48)
FNDA:0,parseRecipeDeeplink
FNDA:0,(anonymous_50)
FNDA:0,(anonymous_51)
FNDA:0,(anonymous_52)
FNDA:0,(anonymous_53)
FNDA:0,(anonymous_54)
FNDA:0,(anonymous_55)
FNDA:0,(anonymous_56)
FNDA:0,(anonymous_57)
FNDA:0,(anonymous_58)
FNDA:0,(anonymous_59)
FNDA:0,(anonymous_60)
FNDA:0,(anonymous_61)
FNDA:0,(anonymous_62)
FNDA:0,(anonymous_63)
FNDA:0,(anonymous_64)
FNDA:0,(anonymous_65)
FNDA:0,(anonymous_66)
FNDA:0,(anonymous_67)
FNDA:0,(anonymous_68)
FNDA:0,(anonymous_69)
FNDA:0,(anonymous_70)
FNDA:0,(anonymous_71)
FNDA:0,(anonymous_72)
FNDA:0,(anonymous_73)
FNDA:0,(anonymous_74)
FNDA:0,(anonymous_75)
FNDA:0,(anonymous_76)
FNDA:0,(anonymous_77)
FNDA:0,(anonymous_78)
FNDA:0,(anonymous_79)
FNDA:0,(anonymous_80)
FNDA:0,(anonymous_81)
FNDA:0,(anonymous_82)
FNDA:0,(anonymous_83)
FNDA:0,(anonymous_84)
FNDA:0,(anonymous_85)
FNDA:0,(anonymous_86)
FNDA:0,(anonymous_87)
FNDA:0,(anonymous_88)
FNDA:0,(anonymous_89)
FNDA:0,(anonymous_90)
FNDA:0,(anonymous_91)
FNDA:0,(anonymous_92)
FNDA:0,(anonymous_93)
FNDA:0,(anonymous_94)
FNDA:0,(anonymous_95)
FNDA:0,(anonymous_96)
FNDA:0,(anonymous_97)
FNDA:0,(anonymous_98)
FNDA:0,(anonymous_99)
FNDA:0,(anonymous_100)
FNDA:0,(anonymous_101)
FNDA:0,(anonymous_102)
FNDA:0,(anonymous_103)
FNDA:0,appMain
FNDA:0,(anonymous_105)
FNDA:0,(anonymous_106)
FNDA:0,(anonymous_107)
FNDA:0,(anonymous_108)
FNDA:0,(anonymous_109)
FNDA:0,(anonymous_110)
FNDA:0,(anonymous_111)
FNDA:0,(anonymous_112)
FNDA:0,(anonymous_113)
FNDA:0,(anonymous_114)
FNDA:0,(anonymous_115)
FNDA:0,(anonymous_116)
FNDA:0,(anonymous_117)
FNDA:0,(anonymous_118)
FNDA:0,(anonymous_119)
FNDA:0,(anonymous_120)
FNDA:0,(anonymous_121)
FNDA:0,(anonymous_122)
FNDA:0,(anonymous_123)
FNDA:0,(anonymous_124)
FNDA:0,(anonymous_125)
FNDA:0,(anonymous_126)
FNDA:0,(anonymous_127)
FNDA:0,(anonymous_128)
FNDA:0,(anonymous_129)
FNDA:0,(anonymous_130)
FNDA:0,(anonymous_131)
FNDA:0,(anonymous_132)
FNDA:0,(anonymous_133)
FNDA:0,(anonymous_134)
FNDA:0,(anonymous_135)
FNDA:0,(anonymous_136)
FNDA:0,(anonymous_137)
FNDA:0,(anonymous_138)
FNDA:0,(anonymous_139)
FNDA:0,(anonymous_140)
FNDA:0,(anonymous_141)
FNDA:0,(anonymous_142)
FNDA:0,(anonymous_143)
FNDA:0,(anonymous_144)
FNDA:0,(anonymous_145)
FNDA:0,(anonymous_146)
FNDA:0,(anonymous_147)
FNDA:0,(anonymous_148)
FNDA:0,(anonymous_149)
FNDA:0,(anonymous_150)
FNDA:0,getAllowList
FNDA:0,(anonymous_152)
FNDA:0,(anonymous_153)
FNDA:0,(anonymous_154)
DA:53,0
DA:57,0
DA:59,0
DA:68,0
DA:69,0
DA:70,0
DA:72,0
DA:76,0
DA:77,0
DA:78,0
DA:82,0
DA:83,0
DA:84,0
DA:86,0
DA:88,0
DA:89,0
DA:90,0
DA:94,0
DA:98,0
DA:100,0
DA:101,0
DA:102,0
DA:103,0
DA:108,0
DA:110,0
DA:111,0
DA:113,0
DA:114,0
DA:116,0
DA:121,0
DA:126,0
DA:131,0
DA:132,0
DA:133,0
DA:135,0
DA:136,0
DA:138,0
DA:139,0
DA:140,0
DA:141,0
DA:143,0
DA:144,0
DA:145,0
DA:146,0
DA:148,0
DA:149,0
DA:151,0
DA:164,0
DA:168,0
DA:172,0
DA:173,0
DA:174,0
DA:175,0
DA:176,0
DA:178,0
DA:184,0
DA:185,0
DA:186,0
DA:187,0
DA:193,0
DA:194,0
DA:197,0
DA:199,0
DA:201,0
DA:202,0
DA:203,0
DA:205,0
DA:207,0
DA:209,0
DA:212,0
DA:215,0
DA:216,0
DA:217,0
DA:218,0
DA:219,0
DA:221,0
DA:223,0
DA:226,0
DA:227,0
DA:228,0
DA:229,0
DA:230,0
DA:233,0
DA:240,0
DA:241,0
DA:243,0
DA:244,0
DA:245,0
DA:246,0
DA:247,0
DA:248,0
DA:249,0
DA:252,0
DA:264,0
DA:268,0
DA:270,0
DA:271,0
DA:272,0
DA:274,0
DA:276,0
DA:278,0
DA:279,0
DA:282,0
DA:283,0
DA:284,0
DA:285,0
DA:286,0
DA:287,0
DA:289,0
DA:291,0
DA:303,0
DA:304,0
DA:308,0
DA:309,0
DA:311,0
DA:312,0
DA:313,0
DA:314,0
DA:315,0
DA:316,0
DA:317,0
DA:318,0
DA:319,0
DA:320,0
DA:321,0
DA:324,0
DA:325,0
DA:331,0
DA:332,0
DA:333,0
DA:341,0
DA:342,0
DA:343,0
DA:347,0
DA:350,0
DA:351,0
DA:352,0
DA:353,0
DA:359,0
DA:360,0
DA:361,0
DA:364,0
DA:365,0
DA:368,0
DA:369,0
DA:373,0
DA:376,0
DA:379,0
DA:380,0
DA:381,0
DA:382,0
DA:385,0
DA:388,0
DA:399,0
DA:405,0
DA:406,0
DA:409,0
DA:410,0
DA:411,0
DA:412,0
DA:413,0
DA:417,0
DA:428,0
DA:432,0
DA:442,0
DA:444,0
DA:446,0
DA:447,0
DA:448,0
DA:450,0
DA:451,0
DA:453,0
DA:456,0
DA:466,0
DA:467,0
DA:468,0
DA:470,0
DA:472,0
DA:474,0
DA:486,0
DA:487,0
DA:489,0
DA:497,0
DA:499,0
DA:504,0
DA:542,0
DA:543,0
DA:547,0
DA:548,0
DA:551,0
DA:560,0
DA:562,0
DA:563,0
DA:564,0
DA:566,0
DA:567,0
DA:577,0
DA:578,0
DA:579,0
DA:580,0
DA:583,0
DA:584,0
DA:587,0
DA:595,0
DA:599,0
DA:601,0
DA:602,0
DA:603,0
DA:604,0
DA:606,0
DA:607,0
DA:608,0
DA:611,0
DA:616,0
DA:617,0
DA:621,0
DA:626,0
DA:627,0
DA:630,0
DA:631,0
DA:638,0
DA:648,0
DA:649,0
DA:658,0
DA:659,0
DA:664,0
DA:665,0
DA:666,0
DA:667,0
DA:668,0
DA:671,0
DA:674,0
DA:675,0
DA:681,0
DA:682,0
DA:683,0
DA:684,0
DA:685,0
DA:686,0
DA:689,0
DA:691,0
DA:694,0
DA:695,0
DA:697,0
DA:698,0
DA:711,0
DA:712,0
DA:714,0
DA:718,0
DA:721,0
DA:722,0
DA:723,0
DA:724,0
DA:725,0
DA:730,0
DA:731,0
DA:732,0
DA:733,0
DA:738,0
DA:739,0
DA:740,0
DA:741,0
DA:744,0
DA:745,0
DA:749,0
DA:750,0
DA:751,0
DA:752,0
DA:755,0
DA:756,0
DA:757,0
DA:761,0
DA:762,0
DA:763,0
DA:764,0
DA:771,0
DA:773,0
DA:774,0
DA:778,0
DA:781,0
DA:782,0
DA:785,0
DA:787,0
DA:788,0
DA:789,0
DA:790,0
DA:791,0
DA:795,0
DA:800,0
DA:803,0
DA:804,0
DA:807,0
DA:810,0
DA:812,0
DA:813,0
DA:814,0
DA:815,0
DA:818,0
DA:843,0
DA:844,0
DA:845,0
DA:847,0
DA:853,0
DA:855,0
DA:856,0
DA:857,0
DA:859,0
DA:860,0
DA:864,0
DA:865,0
DA:869,0
DA:870,0
DA:871,0
DA:872,0
DA:876,0
DA:880,0
DA:882,0
DA:883,0
DA:884,0
DA:885,0
DA:889,0
DA:890,0
DA:891,0
DA:895,0
DA:896,0
DA:898,0
DA:906,0
DA:908,0
DA:909,0
DA:910,0
DA:911,0
DA:914,0
DA:915,0
DA:916,0
DA:917,0
DA:919,0
DA:920,0
DA:923,0
DA:924,0
DA:925,0
DA:929,0
DA:930,0
DA:932,0
DA:933,0
DA:934,0
DA:935,0
DA:936,0
DA:937,0
DA:940,0
DA:941,0
DA:944,0
DA:945,0
DA:946,0
DA:947,0
DA:949,0
DA:956,0
DA:957,0
DA:960,0
DA:964,0
DA:965,0
DA:966,0
DA:969,0
DA:974,0
DA:977,0
DA:979,0
DA:980,0
DA:981,0
DA:985,0
DA:987,0
DA:988,0
DA:989,0
DA:990,0
DA:993,0
DA:994,0
DA:995,0
DA:1000,0
DA:1003,0
DA:1005,0
DA:1009,0
DA:1012,0
DA:1013,0
DA:1018,0
DA:1022,0
DA:1023,0
DA:1026,0
DA:1031,0
DA:1032,0
DA:1035,0
DA:1036,0
DA:1037,0
DA:1040,0
DA:1041,0
DA:1042,0
DA:1043,0
DA:1044,0
DA:1047,0
DA:1048,0
DA:1051,0
DA:1053,0
DA:1054,0
DA:1055,0
DA:1058,0
DA:1071,0
DA:1080,0
DA:1081,0
DA:1082,0
DA:1085,0
DA:1086,0
DA:1087,0
DA:1088,0
DA:1089,0
DA:1090,0
DA:1092,0
DA:1093,0
DA:1097,0
DA:1098,0
DA:1103,0
DA:1104,0
DA:1105,0
DA:1107,0
DA:1108,0
DA:1109,0
DA:1111,0
DA:1112,0
DA:1113,0
DA:1116,0
DA:1121,0
DA:1128,0
DA:1129,0
DA:1130,0
DA:1131,0
DA:1135,0
DA:1136,0
DA:1137,0
DA:1140,0
DA:1141,0
DA:1142,0
DA:1145,0
DA:1146,0
DA:1149,0
DA:1150,0
DA:1153,0
DA:1154,0
DA:1155,0
DA:1156,0
DA:1157,0
DA:1160,0
DA:1161,0
DA:1162,0
DA:1163,0
DA:1164,0
DA:1165,0
DA:1166,0
DA:1167,0
DA:1168,0
DA:1169,0
DA:1171,0
DA:1173,0
DA:1174,0
DA:1177,0
DA:1180,0
DA:1183,0
DA:1184,0
DA:1186,0
DA:1187,0
DA:1188,0
DA:1191,0
DA:1194,0
DA:1195,0
DA:1201,0
DA:1202,0
DA:1203,0
DA:1208,0
DA:1209,0
DA:1212,0
DA:1213,0
DA:1215,0
DA:1216,0
DA:1217,0
DA:1219,0
DA:1221,0
DA:1222,0
DA:1225,0
DA:1228,0
DA:1229,0
DA:1230,0
DA:1233,0
DA:1234,0
DA:1235,0
DA:1236,0
DA:1238,0
DA:1239,0
DA:1240,0
DA:1242,0
DA:1246,0
DA:1247,0
DA:1248,0
DA:1251,0
DA:1252,0
DA:1254,0
DA:1256,0
DA:1259,0
DA:1260,0
DA:1261,0
DA:1262,0
DA:1264,0
DA:1265,0
DA:1270,0
DA:1271,0
DA:1273,0
DA:1274,0
DA:1275,0
DA:1278,0
DA:1279,0
DA:1282,0
DA:1283,0
DA:1284,0
DA:1285,0
DA:1289,0
DA:1292,0
DA:1293,0
DA:1294,0
DA:1295,0
DA:1296,0
DA:1298,0
DA:1299,0
DA:1304,0
DA:1305,0
DA:1306,0
DA:1307,0
DA:1308,0
DA:1309,0
DA:1311,0
DA:1312,0
DA:1313,0
DA:1316,0
DA:1317,0
DA:1318,0
DA:1320,0
DA:1324,0
DA:1325,0
DA:1326,0
DA:1328,0
DA:1332,0
DA:1333,0
DA:1334,0
DA:1336,0
DA:1340,0
DA:1341,0
DA:1342,0
DA:1344,0
DA:1345,0
DA:1348,0
DA:1351,0
DA:1354,0
DA:1355,0
DA:1360,0
DA:1361,0
DA:1362,0
DA:1366,0
DA:1367,0
DA:1368,0
DA:1369,0
DA:1370,0
DA:1374,0
DA:1380,0
DA:1383,0
DA:1386,0
DA:1387,0
DA:1388,0
DA:1389,0
DA:1391,0
DA:1392,0
DA:1396,0
DA:1397,0
DA:1398,0
DA:1400,0
DA:1403,0
DA:1404,0
DA:1405,0
DA:1406,0
DA:1408,0
DA:1409,0
DA:1414,0
DA:1415,0
DA:1420,0
DA:1422,0
DA:1425,0
DA:1426,0
DA:1427,0
DA:1428,0
DA:1430,0
DA:1435,0
DA:1436,0
DA:1440,0
DA:1442,0
DA:1443,0
DA:1445,0
DA:1448,0
DA:1449,0
DA:1450,0
DA:1452,0
DA:1453,0
DA:1455,0
DA:1456,0
DA:1459,0
DA:1461,0
DA:1462,0
DA:1465,0
DA:1466,0
DA:1469,0
DA:1470,0
DA:1472,0
DA:1473,0
DA:1476,0
DA:1477,0
DA:1478,0
DA:1480,0
DA:1481,0
DA:1484,0
DA:1485,0
DA:1486,0
DA:1489,0
DA:1490,0
DA:1491,0
DA:1495,0
DA:1496,0
DA:1500,0
DA:1501,0
DA:1505,0
DA:1506,0
DA:1507,0
DA:1508,0
DA:1509,0
DA:1510,0
DA:1513,0
DA:1514,0
DA:1515,0
DA:1516,0
DA:1518,0
DA:1519,0
DA:1522,0
DA:1523,0
DA:1526,0
DA:1527,0
DA:1528,0
DA:1529,0
DA:1531,0
DA:1534,0
DA:1535,0
DA:1536,0
DA:1540,0
DA:1541,0
DA:1545,0
DA:1546,0
DA:1548,0
DA:1549,0
DA:1550,0
DA:1552,0
DA:1553,0
DA:1558,0
DA:1559,0
DA:1561,0
DA:1563,0
DA:1564,0
DA:1566,0
DA:1567,0
DA:1571,0
DA:1572,0
DA:1574,0
DA:1576,0
DA:1577,0
DA:1578,0
DA:1580,0
DA:1582,0
DA:1583,0
DA:1587,0
DA:1588,0
DA:1591,0
DA:1592,0
DA:1595,0
DA:1596,0
DA:1599,0
DA:1600,0
DA:1601,0
DA:1602,0
DA:1605,0
DA:1606,0
DA:1607,0
DA:1608,0
DA:1609,0
DA:1611,0
DA:1613,0
DA:1617,0
DA:1618,0
DA:1620,0
DA:1621,0
DA:1623,0
DA:1624,0
DA:1625,0
DA:1626,0
DA:1629,0
DA:1633,0
DA:1634,0
DA:1635,0
DA:1636,0
DA:1639,0
DA:1645,0
DA:1648,0
DA:1650,0
DA:1653,0
DA:1654,0
DA:1656,0
DA:1657,0
DA:1660,0
DA:1664,0
DA:1665,0
DA:1673,0
DA:1674,0
DA:1675,0
DA:1676,0
DA:1677,0
DA:1679,0
DA:1683,0
DA:1687,0
DA:1688,0
DA:1711,0
DA:1712,0
DA:1713,0
DA:1714,0
DA:1715,0
DA:1720,0
DA:1722,0
DA:1723,0
DA:1724,0
DA:1727,0
DA:1728,0
DA:1731,0
DA:1732,0
DA:1735,0
DA:1737,0
DA:1738,0
DA:1740,0
DA:1744,0
DA:1745,0
DA:1746,0
DA:1747,0
DA:1748,0
DA:1750,0
DA:1755,0
DA:1756,0
DA:1760,0
DA:1764,0
DA:1767,0
DA:1769,0
DA:1771,0
DA:1772,0
DA:1773,0
DA:1774,0
DA:1775,0
DA:1781,0
DA:1782,0
DA:1787,0
DA:1790,0
DA:1791,0
DA:1792,0
DA:1794,0
DA:1799,0
DA:1800,0
DA:1807,0
DA:1808,0
DA:1815,0
DA:1816,0
DA:1823,0
DA:1824,0
DA:1830,0
DA:1839,0
DA:1841,0
DA:1843,0
DA:1845,0
DA:1846,0
DA:1852,0
DA:1853,0
DA:1859,0
DA:1860,0
DA:1866,0
DA:1872,0
DA:1873,0
DA:1878,0
DA:1883,0
DA:1884,0
DA:1885,0
DA:1894,0
DA:1896,0
DA:1897,0
DA:1902,0
DA:1908,0
DA:1909,0
DA:1914,0
DA:1921,0
DA:1922,0
DA:1924,0
DA:1925,0
DA:1930,0
DA:1931,0
DA:1932,0
DA:1934,0
DA:1938,0
DA:1939,0
DA:1940,0
DA:1946,0
DA:1947,0
DA:1948,0
DA:1950,0
DA:1951,0
DA:1953,0
DA:1956,0
DA:1968,0
DA:1969,0
DA:1972,0
DA:1973,0
DA:1978,0
DA:1979,0
DA:1983,0
DA:1985,0
DA:1986,0
DA:1990,0
DA:1996,0
DA:1997,0
DA:2005,0
DA:2009,0
DA:2010,0
DA:2013,0
DA:2014,0
DA:2015,0
DA:2019,0
DA:2022,0
DA:2023,0
DA:2024,0
DA:2027,0
DA:2029,0
DA:2030,0
DA:2031,0
DA:2032,0
DA:2034,0
DA:2035,0
DA:2038,0
DA:2039,0
DA:2040,0
DA:2041,0
DA:2042,0
DA:2043,0
DA:2048,0
DA:2062,0
DA:2063,0
DA:2064,0
DA:2065,0
DA:2069,0
DA:2070,0
DA:2072,0
DA:2073,0
DA:2074,0
DA:2078,0
DA:2079,0
DA:2080,0
DA:2084,0
DA:2085,0
DA:2086,0
DA:2087,0
DA:2091,0
DA:2093,0
DA:2094,0
DA:2100,0
DA:2101,0
DA:2102,0
DA:2103,0
DA:2104,0
DA:2106,0
DA:2107,0
DA:2111,0
DA:2113,0
DA:2117,0
DA:2118,0
DA:2120,0
DA:2121,0
DA:2122,0
DA:2126,0
DA:2129,0
DA:2130,0
DA:2131,0
DA:2132,0
DA:2136,0
DA:2138,0
DA:2142,0
DA:2143,0
DA:2144,0
DA:2146,0
DA:2147,0
DA:2148,0
DA:2153,0
DA:2155,0
DA:2156,0
DA:2157,0
DA:2162,0
DA:2163,0
DA:2165,0
DA:2168,0
DA:2169,0
DA:2172,0
DA:2178,0
DA:2179,0
DA:2183,0
DA:2184,0
DA:2185,0
DA:2186,0
DA:2189,0
DA:2190,0
DA:2191,0
DA:2194,0
DA:2196,0
DA:2197,0
DA:2201,0
DA:2202,0
DA:2204,0
DA:2207,0
DA:2208,0
DA:2209,0
DA:2213,0
DA:2214,0
DA:2215,0
DA:2217,0
DA:2220,0
DA:2223,0
DA:2228,0
DA:2229,0
DA:2230,0
DA:2234,0
DA:2235,0
DA:2238,0
DA:2239,0
DA:2240,0
DA:2242,0
DA:2243,0
DA:2247,0
DA:2248,0
DA:2249,0
DA:2250,0
DA:2251,0
DA:2254,0
DA:2255,0
DA:2256,0
DA:2257,0
DA:2260,0
DA:2275,0
DA:2276,0
DA:2278,0
DA:2279,0
DA:2280,0
DA:2283,0
DA:2284,0
DA:2286,0
DA:2288,0
DA:2289,0
DA:2290,0
DA:2291,0
DA:2292,0
DA:2294,0
DA:2295,0
DA:2296,0
DA:2298,0
DA:2299,0
DA:2303,0
DA:2304,0
DA:2305,0
DA:2306,0
DA:2307,0
DA:2308,0
DA:2312,0
DA:2313,0
DA:2315,0
DA:2316,0
DA:2319,0
DA:2321,0
DA:2322,0
DA:2326,0
DA:2327,0
DA:2328,0
DA:2329,0
DA:2330,0
DA:2331,0
DA:2334,0
DA:2336,0
DA:2337,0
DA:2342,0
DA:2343,0
DA:2344,0
DA:2346,0
DA:2347,0
DA:2352,0
DA:2353,0
DA:2356,0
DA:2358,0
DA:2359,0
DA:2365,0
DA:2366,0
DA:2369,0
DA:2370,0
DA:2371,0
DA:2373,0
DA:2374,0
DA:2376,0
DA:2377,0
DA:2381,0
DA:2382,0
DA:2383,0
DA:2384,0
DA:2385,0
DA:2389,0
DA:2395,0
DA:2397,0
DA:2400,0
DA:2402,0
DA:2403,0
LF:1023
LH:0
BRDA:53,0,0,0
BRDA:53,0,1,0
BRDA:68,1,0,0
BRDA:68,1,1,0
BRDA:82,2,0,0
BRDA:82,2,1,0
BRDA:83,3,0,0
BRDA:83,3,1,0
BRDA:84,4,0,0
BRDA:84,4,1,0
BRDA:84,4,2,0
BRDA:86,5,0,0
BRDA:86,5,1,0
BRDA:88,6,0,0
BRDA:88,6,1,0
BRDA:98,7,0,0
BRDA:98,7,1,0
BRDA:100,8,0,0
BRDA:100,8,1,0
BRDA:101,9,0,0
BRDA:101,9,1,0
BRDA:108,10,0,0
BRDA:108,10,1,0
BRDA:113,11,0,0
BRDA:113,11,1,0
BRDA:132,12,0,0
BRDA:132,12,1,0
BRDA:135,13,0,0
BRDA:135,13,1,0
BRDA:140,14,0,0
BRDA:140,14,1,0
BRDA:143,15,0,0
BRDA:143,15,1,0
BRDA:143,16,0,0
BRDA:143,16,1,0
BRDA:146,17,0,0
BRDA:146,17,1,0
BRDA:154,18,0,0
BRDA:154,18,1,0
BRDA:159,19,0,0
BRDA:159,19,1,0
BRDA:173,20,0,0
BRDA:173,20,1,0
BRDA:175,21,0,0
BRDA:175,21,1,0
BRDA:185,22,0,0
BRDA:185,22,1,0
BRDA:197,23,0,0
BRDA:197,23,1,0
BRDA:203,24,0,0
BRDA:203,24,1,0
BRDA:205,25,0,0
BRDA:205,25,1,0
BRDA:205,26,0,0
BRDA:205,26,1,0
BRDA:209,27,0,0
BRDA:209,27,1,0
BRDA:211,28,0,0
BRDA:211,28,1,0
BRDA:216,29,0,0
BRDA:216,29,1,0
BRDA:218,30,0,0
BRDA:218,30,1,0
BRDA:223,31,0,0
BRDA:223,31,1,0
BRDA:226,32,0,0
BRDA:226,32,1,0
BRDA:228,33,0,0
BRDA:228,33,1,0
BRDA:241,34,0,0
BRDA:241,34,1,0
BRDA:243,35,0,0
BRDA:243,35,1,0
BRDA:245,36,0,0
BRDA:245,36,1,0
BRDA:247,37,0,0
BRDA:247,37,1,0
BRDA:247,38,0,0
BRDA:247,38,1,0
BRDA:248,39,0,0
BRDA:248,39,1,0
BRDA:255,40,0,0
BRDA:255,40,1,0
BRDA:260,41,0,0
BRDA:260,41,1,0
BRDA:271,42,0,0
BRDA:271,42,1,0
BRDA:279,43,0,0
BRDA:279,43,1,0
BRDA:282,44,0,0
BRDA:282,44,1,0
BRDA:282,45,0,0
BRDA:282,45,1,0
BRDA:286,46,0,0
BRDA:286,46,1,0
BRDA:294,47,0,0
BRDA:294,47,1,0
BRDA:299,48,0,0
BRDA:299,48,1,0
BRDA:312,49,0,0
BRDA:312,49,1,0
BRDA:314,50,0,0
BRDA:314,50,1,0
BRDA:316,51,0,0
BRDA:316,51,1,0
BRDA:319,52,0,0
BRDA:319,52,1,0
BRDA:325,53,0,0
BRDA:325,53,1,0
BRDA:332,54,0,0
BRDA:332,54,1,0
BRDA:347,55,0,0
BRDA:347,55,1,0
BRDA:360,56,0,0
BRDA:360,56,1,0
BRDA:360,57,0,0
BRDA:360,57,1,0
BRDA:368,58,0,0
BRDA:368,58,1,0
BRDA:379,59,0,0
BRDA:379,59,1,0
BRDA:399,60,0,0
BRDA:399,60,1,0
BRDA:409,61,0,0
BRDA:409,61,1,0
BRDA:409,62,0,0
BRDA:409,62,1,0
BRDA:411,63,0,0
BRDA:411,63,1,0
BRDA:411,64,0,0
BRDA:411,64,1,0
BRDA:447,65,0,0
BRDA:447,65,1,0
BRDA:447,66,0,0
BRDA:447,66,1,0
BRDA:450,67,0,0
BRDA:450,67,1,0
BRDA:492,68,0,0
BRDA:492,68,1,0
BRDA:505,69,0,0
BRDA:505,69,1,0
BRDA:506,70,0,0
BRDA:506,70,1,0
BRDA:507,71,0,0
BRDA:507,71,1,0
BRDA:518,72,0,0
BRDA:518,72,1,0
BRDA:542,73,0,0
BRDA:542,73,1,0
BRDA:563,74,0,0
BRDA:563,74,1,0
BRDA:566,75,0,0
BRDA:566,75,1,0
BRDA:577,76,0,0
BRDA:577,76,1,0
BRDA:579,77,0,0
BRDA:579,77,1,0
BRDA:604,78,0,0
BRDA:604,78,1,0
BRDA:606,79,0,0
BRDA:606,79,1,0
BRDA:616,80,0,0
BRDA:616,80,1,0
BRDA:626,81,0,0
BRDA:626,81,1,0
BRDA:630,82,0,0
BRDA:630,82,1,0
BRDA:648,83,0,0
BRDA:648,83,1,0
BRDA:658,84,0,0
BRDA:658,84,1,0
BRDA:667,85,0,0
BRDA:667,85,1,0
BRDA:685,86,0,0
BRDA:685,86,1,0
BRDA:711,87,0,0
BRDA:711,87,1,0
BRDA:712,88,0,0
BRDA:712,88,1,0
BRDA:714,89,0,0
BRDA:714,89,1,0
BRDA:715,90,0,0
BRDA:715,90,1,0
BRDA:715,90,2,0
BRDA:715,90,3,0
BRDA:722,91,0,0
BRDA:722,91,1,0
BRDA:724,92,0,0
BRDA:724,92,1,0
BRDA:730,93,0,0
BRDA:730,93,1,0
BRDA:732,94,0,0
BRDA:732,94,1,0
BRDA:744,95,0,0
BRDA:744,95,1,0
BRDA:750,96,0,0
BRDA:750,96,1,0
BRDA:750,97,0,0
BRDA:750,97,1,0
BRDA:755,98,0,0
BRDA:755,98,1,0
BRDA:755,99,0,0
BRDA:755,99,1,0
BRDA:755,99,2,0
BRDA:762,100,0,0
BRDA:762,100,1,0
BRDA:773,101,0,0
BRDA:773,101,1,0
BRDA:787,102,0,0
BRDA:787,102,1,0
BRDA:803,103,0,0
BRDA:803,103,1,0
BRDA:803,104,0,0
BRDA:803,104,1,0
BRDA:803,104,2,0
BRDA:813,105,0,0
BRDA:813,105,1,0
BRDA:813,106,0,0
BRDA:813,106,1,0
BRDA:823,107,0,0
BRDA:823,107,1,0
BRDA:839,108,0,0
BRDA:839,108,1,0
BRDA:870,109,0,0
BRDA:870,109,1,0
BRDA:883,110,0,0
BRDA:883,110,1,0
BRDA:908,111,0,0
BRDA:908,111,1,0
BRDA:919,112,0,0
BRDA:919,112,1,0
BRDA:932,113,0,0
BRDA:932,113,1,0
BRDA:935,114,0,0
BRDA:935,114,1,0
BRDA:936,115,0,0
BRDA:936,115,1,0
BRDA:956,116,0,0
BRDA:956,116,1,0
BRDA:979,117,0,0
BRDA:979,117,1,0
BRDA:985,118,0,0
BRDA:985,118,1,0
BRDA:985,119,0,0
BRDA:985,119,1,0
BRDA:989,120,0,0
BRDA:989,120,1,0
BRDA:993,121,0,0
BRDA:993,121,1,0
BRDA:993,122,0,0
BRDA:993,122,1,0
BRDA:993,122,2,0
BRDA:995,123,0,0
BRDA:995,123,1,0
BRDA:996,124,0,0
BRDA:996,124,1,0
BRDA:996,124,2,0
BRDA:1022,125,0,0
BRDA:1022,125,1,0
BRDA:1031,126,0,0
BRDA:1031,126,1,0
BRDA:1031,127,0,0
BRDA:1031,127,1,0
BRDA:1040,128,0,0
BRDA:1040,128,1,0
BRDA:1043,129,0,0
BRDA:1043,129,1,0
BRDA:1054,130,0,0
BRDA:1054,130,1,0
BRDA:1082,131,0,0
BRDA:1082,131,1,0
BRDA:1082,132,0,0
BRDA:1082,132,1,0
BRDA:1085,133,0,0
BRDA:1085,133,1,0
BRDA:1087,134,0,0
BRDA:1087,134,1,0
BRDA:1088,135,0,0
BRDA:1088,135,1,0
BRDA:1097,136,0,0
BRDA:1097,136,1,0
BRDA:1104,137,0,0
BRDA:1104,137,1,0
BRDA:1111,138,0,0
BRDA:1111,138,1,0
BRDA:1111,139,0,0
BRDA:1111,139,1,0
BRDA:1123,140,0,0
BRDA:1123,140,1,0
BRDA:1131,141,0,0
BRDA:1131,141,1,0
BRDA:1142,142,0,0
BRDA:1142,142,1,0
BRDA:1153,143,0,0
BRDA:1153,143,1,0
BRDA:1153,144,0,0
BRDA:1153,144,1,0
BRDA:1160,145,0,0
BRDA:1160,145,1,0
BRDA:1160,146,0,0
BRDA:1160,146,1,0
BRDA:1164,147,0,0
BRDA:1164,147,1,0
BRDA:1167,148,0,0
BRDA:1167,148,1,0
BRDA:1186,149,0,0
BRDA:1186,149,1,0
BRDA:1202,150,0,0
BRDA:1202,150,1,0
BRDA:1221,151,0,0
BRDA:1221,151,1,0
BRDA:1235,152,0,0
BRDA:1235,152,1,0
BRDA:1239,153,0,0
BRDA:1239,153,1,0
BRDA:1242,154,0,0
BRDA:1242,154,1,0
BRDA:1251,155,0,0
BRDA:1251,155,1,0
BRDA:1262,156,0,0
BRDA:1262,156,1,0
BRDA:1271,157,0,0
BRDA:1271,157,1,0
BRDA:1278,158,0,0
BRDA:1278,158,1,0
BRDA:1282,159,0,0
BRDA:1282,159,1,0
BRDA:1294,160,0,0
BRDA:1294,160,1,0
BRDA:1296,161,0,0
BRDA:1296,161,1,0
BRDA:1306,162,0,0
BRDA:1306,162,1,0
BRDA:1309,163,0,0
BRDA:1309,163,1,0
BRDA:1313,164,0,0
BRDA:1313,164,1,0
BRDA:1366,165,0,0
BRDA:1366,165,1,0
BRDA:1389,166,0,0
BRDA:1389,166,1,0
BRDA:1406,167,0,0
BRDA:1406,167,1,0
BRDA:1416,168,0,0
BRDA:1416,168,1,0
BRDA:1420,169,0,0
BRDA:1420,169,1,0
BRDA:1427,170,0,0
BRDA:1427,170,1,0
BRDA:1442,171,0,0
BRDA:1442,171,1,0
BRDA:1442,172,0,0
BRDA:1442,172,1,0
BRDA:1470,173,0,0
BRDA:1470,173,1,0
BRDA:1470,174,0,0
BRDA:1470,174,1,0
BRDA:1470,174,2,0
BRDA:1508,175,0,0
BRDA:1508,175,1,0
BRDA:1527,176,0,0
BRDA:1527,176,1,0
BRDA:1528,177,0,0
BRDA:1528,177,1,0
BRDA:1577,178,0,0
BRDA:1577,178,1,0
BRDA:1601,179,0,0
BRDA:1601,179,1,0
BRDA:1601,180,0,0
BRDA:1601,180,1,0
BRDA:1607,181,0,0
BRDA:1607,181,1,0
BRDA:1623,182,0,0
BRDA:1623,182,1,0
BRDA:1633,183,0,0
BRDA:1633,183,1,0
BRDA:1656,184,0,0
BRDA:1656,184,1,0
BRDA:1674,185,0,0
BRDA:1674,185,1,0
BRDA:1674,186,0,0
BRDA:1674,186,1,0
BRDA:1712,187,0,0
BRDA:1712,187,1,0
BRDA:1712,188,0,0
BRDA:1712,188,1,0
BRDA:1727,189,0,0
BRDA:1727,189,1,0
BRDA:1731,190,0,0
BRDA:1731,190,1,0
BRDA:1731,191,0,0
BRDA:1731,191,1,0
BRDA:1731,191,2,0
BRDA:1737,192,0,0
BRDA:1737,192,1,0
BRDA:1745,193,0,0
BRDA:1745,193,1,0
BRDA:1755,194,0,0
BRDA:1755,194,1,0
BRDA:1772,195,0,0
BRDA:1772,195,1,0
BRDA:1774,196,0,0
BRDA:1774,196,1,0
BRDA:1782,197,0,0
BRDA:1782,197,1,0
BRDA:1791,198,0,0
BRDA:1791,198,1,0
BRDA:1797,199,0,0
BRDA:1797,199,1,0
BRDA:1800,200,0,0
BRDA:1800,200,1,0
BRDA:1805,201,0,0
BRDA:1805,201,1,0
BRDA:1808,202,0,0
BRDA:1808,202,1,0
BRDA:1813,203,0,0
BRDA:1813,203,1,0
BRDA:1816,204,0,0
BRDA:1816,204,1,0
BRDA:1821,205,0,0
BRDA:1821,205,1,0
BRDA:1824,206,0,0
BRDA:1824,206,1,0
BRDA:1841,207,0,0
BRDA:1841,207,1,0
BRDA:1845,208,0,0
BRDA:1845,208,1,0
BRDA:1853,209,0,0
BRDA:1853,209,1,0
BRDA:1859,210,0,0
BRDA:1859,210,1,0
BRDA:1872,211,0,0
BRDA:1872,211,1,0
BRDA:1884,212,0,0
BRDA:1884,212,1,0
BRDA:1896,213,0,0
BRDA:1896,213,1,0
BRDA:1908,214,0,0
BRDA:1908,214,1,0
BRDA:1921,215,0,0
BRDA:1921,215,1,0
BRDA:1924,216,0,0
BRDA:1924,216,1,0
BRDA:1931,217,0,0
BRDA:1931,217,1,0
BRDA:1938,218,0,0
BRDA:1938,218,1,0
BRDA:1939,219,0,0
BRDA:1939,219,1,0
BRDA:1947,220,0,0
BRDA:1947,220,1,0
BRDA:1950,221,0,0
BRDA:1950,221,1,0
BRDA:1968,222,0,0
BRDA:1968,222,1,0
BRDA:1968,223,0,0
BRDA:1968,223,1,0
BRDA:1972,224,0,0
BRDA:1972,224,1,0
BRDA:1978,225,0,0
BRDA:1978,225,1,0
BRDA:1983,226,0,0
BRDA:1983,226,1,0
BRDA:1985,227,0,0
BRDA:1985,227,1,0
BRDA:1996,228,0,0
BRDA:1996,228,1,0
BRDA:1999,229,0,0
BRDA:1999,229,1,0
BRDA:2009,230,0,0
BRDA:2009,230,1,0
BRDA:2014,231,0,0
BRDA:2014,231,1,0
BRDA:2022,232,0,0
BRDA:2022,232,1,0
BRDA:2024,233,0,0
BRDA:2024,233,1,0
BRDA:2027,234,0,0
BRDA:2027,234,1,0
BRDA:2027,234,2,0
BRDA:2027,234,3,0
BRDA:2029,235,0,0
BRDA:2029,235,1,0
BRDA:2035,236,0,0
BRDA:2035,236,1,0
BRDA:2038,237,0,0
BRDA:2038,237,1,0
BRDA:2064,238,0,0
BRDA:2064,238,1,0
BRDA:2064,239,0,0
BRDA:2064,239,1,0
BRDA:2072,240,0,0
BRDA:2072,240,1,0
BRDA:2072,241,0,0
BRDA:2072,241,1,0
BRDA:2078,242,0,0
BRDA:2078,242,1,0
BRDA:2078,243,0,0
BRDA:2078,243,1,0
BRDA:2085,244,0,0
BRDA:2085,244,1,0
BRDA:2085,245,0,0
BRDA:2085,245,1,0
BRDA:2102,246,0,0
BRDA:2102,246,1,0
BRDA:2103,247,0,0
BRDA:2103,247,1,0
BRDA:2120,248,0,0
BRDA:2120,248,1,0
BRDA:2120,249,0,0
BRDA:2120,249,1,0
BRDA:2130,250,0,0
BRDA:2130,250,1,0
BRDA:2147,251,0,0
BRDA:2147,251,1,0
BRDA:2156,252,0,0
BRDA:2156,252,1,0
BRDA:2168,253,0,0
BRDA:2168,253,1,0
BRDA:2178,254,0,0
BRDA:2178,254,1,0
BRDA:2184,255,0,0
BRDA:2184,255,1,0
BRDA:2185,256,0,0
BRDA:2185,256,1,0
BRDA:2190,257,0,0
BRDA:2190,257,1,0
BRDA:2207,258,0,0
BRDA:2207,258,1,0
BRDA:2213,259,0,0
BRDA:2213,259,1,0
BRDA:2215,260,0,0
BRDA:2215,260,1,0
BRDA:2250,261,0,0
BRDA:2250,261,1,0
BRDA:2256,262,0,0
BRDA:2256,262,1,0
BRDA:2262,263,0,0
BRDA:2262,263,1,0
BRDA:2263,264,0,0
BRDA:2263,264,1,0
BRDA:2264,265,0,0
BRDA:2264,265,1,0
BRDA:2284,266,0,0
BRDA:2284,266,1,0
BRDA:2306,267,0,0
BRDA:2306,267,1,0
BRDA:2306,268,0,0
BRDA:2306,268,1,0
BRDA:2312,269,0,0
BRDA:2312,269,1,0
BRDA:2329,270,0,0
BRDA:2329,270,1,0
BRDA:2329,271,0,0
BRDA:2329,271,1,0
BRDA:2352,272,0,0
BRDA:2352,272,1,0
BRDA:2358,273,0,0
BRDA:2358,273,1,0
BRDA:2369,274,0,0
BRDA:2369,274,1,0
BRDA:2369,275,0,0
BRDA:2369,275,1,0
BRDA:2369,275,2,0
BRDA:2402,276,0,0
BRDA:2402,276,1,0
BRDA:2402,277,0,0
BRDA:2402,277,1,0
BRF:568
BRH:0
end_of_record
TN:
SF:src\preload.ts
FN:47,(anonymous_0)
FN:142,(anonymous_1)
FN:143,(anonymous_2)
FN:151,(anonymous_3)
FN:152,(anonymous_4)
FN:153,(anonymous_5)
FN:170,(anonymous_6)
FN:171,(anonymous_7)
FN:172,(anonymous_8)
FN:173,(anonymous_9)
FN:174,(anonymous_10)
FN:175,(anonymous_11)
FN:176,(anonymous_12)
FN:177,(anonymous_13)
FN:178,(anonymous_14)
FN:180,(anonymous_15)
FN:181,(anonymous_16)
FN:182,(anonymous_17)
FN:184,(anonymous_18)
FN:185,(anonymous_19)
FN:187,(anonymous_20)
FN:188,(anonymous_21)
FN:189,(anonymous_22)
FN:190,(anonymous_23)
FN:191,(anonymous_24)
FN:192,(anonymous_25)
FN:193,(anonymous_26)
FN:194,(anonymous_27)
FN:195,(anonymous_28)
FN:196,(anonymous_29)
FN:197,(anonymous_30)
FN:198,(anonymous_31)
FN:199,(anonymous_32)
FN:200,(anonymous_33)
FN:201,(anonymous_34)
FN:202,(anonymous_35)
FN:204,(anonymous_36)
FN:208,(anonymous_37)
FN:211,(anonymous_38)
FN:217,(anonymous_39)
FN:223,(anonymous_40)
FN:226,(anonymous_41)
FN:229,(anonymous_42)
FN:232,(anonymous_43)
FN:235,(anonymous_44)
FN:238,(anonymous_45)
FN:241,(anonymous_46)
FN:244,(anonymous_47)
FN:247,(anonymous_48)
FN:248,(anonymous_49)
FN:250,(anonymous_50)
FN:253,(anonymous_51)
FN:256,(anonymous_52)
FN:257,(anonymous_53)
FN:259,(anonymous_54)
FN:260,(anonymous_55)
FN:262,(anonymous_56)
FN:263,(anonymous_57)
FN:264,(anonymous_58)
FN:265,(anonymous_59)
FN:269,(anonymous_60)
FN:270,(anonymous_61)
FNF:62
FNH:0
FNDA:0,(anonymous_0)
FNDA:0,(anonymous_1)
FNDA:0,(anonymous_2)
FNDA:0,(anonymous_3)
FNDA:0,(anonymous_4)
FNDA:0,(anonymous_5)
FNDA:0,(anonymous_6)
FNDA:0,(anonymous_7)
FNDA:0,(anonymous_8)
FNDA:0,(anonymous_9)
FNDA:0,(anonymous_10)
FNDA:0,(anonymous_11)
FNDA:0,(anonymous_12)
FNDA:0,(anonymous_13)
FNDA:0,(anonymous_14)
FNDA:0,(anonymous_15)
FNDA:0,(anonymous_16)
FNDA:0,(anonymous_17)
FNDA:0,(anonymous_18)
FNDA:0,(anonymous_19)
FNDA:0,(anonymous_20)
FNDA:0,(anonymous_21)
FNDA:0,(anonymous_22)
FNDA:0,(anonymous_23)
FNDA:0,(anonymous_24)
FNDA:0,(anonymous_25)
FNDA:0,(anonymous_26)
FNDA:0,(anonymous_27)
FNDA:0,(anonymous_28)
FNDA:0,(anonymous_29)
FNDA:0,(anonymous_30)
FNDA:0,(anonymous_31)
FNDA:0,(anonymous_32)
FNDA:0,(anonymous_33)
FNDA:0,(anonymous_34)
FNDA:0,(anonymous_35)
FNDA:0,(anonymous_36)
FNDA:0,(anonymous_37)
FNDA:0,(anonymous_38)
FNDA:0,(anonymous_39)
FNDA:0,(anonymous_40)
FNDA:0,(anonymous_41)
FNDA:0,(anonymous_42)
FNDA:0,(anonymous_43)
FNDA:0,(anonymous_44)
FNDA:0,(anonymous_45)
FNDA:0,(anonymous_46)
FNDA:0,(anonymous_47)
FNDA:0,(anonymous_48)
FNDA:0,(anonymous_49)
FNDA:0,(anonymous_50)
FNDA:0,(anonymous_51)
FNDA:0,(anonymous_52)
FNDA:0,(anonymous_53)
FNDA:0,(anonymous_54)
FNDA:0,(anonymous_55)
FNDA:0,(anonymous_56)
FNDA:0,(anonymous_57)
FNDA:0,(anonymous_58)
FNDA:0,(anonymous_59)
FNDA:0,(anonymous_60)
FNDA:0,(anonymous_61)
DA:47,0
DA:140,0
DA:142,0
DA:144,0
DA:145,0
DA:149,0
DA:151,0
DA:152,0
DA:161,0
DA:170,0
DA:171,0
DA:172,0
DA:173,0
DA:174,0
DA:175,0
DA:176,0
DA:177,0
DA:179,0
DA:180,0
DA:181,0
DA:183,0
DA:184,0
DA:186,0
DA:187,0
DA:188,0
DA:189,0
DA:190,0
DA:191,0
DA:192,0
DA:193,0
DA:194,0
DA:195,0
DA:196,0
DA:197,0
DA:198,0
DA:199,0
DA:200,0
DA:201,0
DA:204,0
DA:205,0
DA:206,0
DA:209,0
DA:215,0
DA:221,0
DA:224,0
DA:227,0
DA:230,0
DA:233,0
DA:236,0
DA:239,0
DA:242,0
DA:245,0
DA:248,0
DA:251,0
DA:254,0
DA:256,0
DA:258,0
DA:259,0
DA:261,0
DA:262,0
DA:263,0
DA:264,0
DA:265,0
DA:268,0
DA:269,0
DA:270,0
DA:274,0
DA:275,0
LF:68
LH:0
BRDA:47,0,0,0
BRDA:47,0,1,0
BRDA:144,1,0,0
BRDA:144,1,1,0
BRDA:144,2,0,0
BRDA:144,2,1,0
BRDA:233,3,0,0
BRDA:233,3,1,0
BRDA:233,3,2,0
BRF:9
BRH:0
end_of_record
TN:
SF:src\renderer.tsx
FN:10,(anonymous_0)
FN:14,(anonymous_1)
FNF:2
FNH:0
FNDA:0,(anonymous_0)
FNDA:0,(anonymous_1)
DA:10,0
DA:12,0
DA:16,0
DA:18,0
DA:19,0
DA:20,0
DA:21,0
DA:22,0
DA:23,0
DA:25,0
DA:26,0
DA:34,0
DA:35,0
DA:38,0
DA:39,0
DA:41,0
DA:45,0
LF:17
LH:0
BRDA:18,0,0,0
BRDA:18,0,1,0
BRDA:21,1,0,0
BRDA:21,1,1,0
BRF:4
BRH:0
end_of_record
TN:
SF:src\schedule.ts
FN:42,listSchedules
FN:56,createSchedule
FN:69,deleteSchedule
FN:78,getScheduleSessions
FN:91,runScheduleNow
FN:108,pauseSchedule
FN:119,unpauseSchedule
FN:130,updateSchedule
FN:158,killRunningJob
FN:175,inspectRunningJob
FNF:10
FNH:0
FNDA:0,listSchedules
FNDA:0,createSchedule
FNDA:0,deleteSchedule
FNDA:0,getScheduleSessions
FNDA:0,runScheduleNow
FNDA:0,pauseSchedule
FNDA:0,unpauseSchedule
FNDA:0,updateSchedule
FNDA:0,killRunningJob
FNDA:0,inspectRunningJob
DA:43,0
DA:44,0
DA:45,0
DA:46,0
DA:48,0
DA:49,0
DA:51,0
DA:52,0
DA:61,0
DA:62,0
DA:63,0
DA:65,0
DA:66,0
DA:70,0
DA:71,0
DA:73,0
DA:74,0
DA:82,0
DA:88,0
DA:92,0
DA:93,0
DA:97,0
DA:98,0
DA:100,0
DA:101,0
DA:103,0
DA:104,0
DA:109,0
DA:110,0
DA:114,0
DA:115,0
DA:120,0
DA:121,0
DA:125,0
DA:126,0
DA:131,0
DA:132,0
DA:137,0
DA:138,0
DA:140,0
DA:141,0
DA:143,0
DA:144,0
DA:159,0
DA:160,0
DA:164,0
DA:165,0
DA:167,0
DA:168,0
DA:170,0
DA:171,0
DA:176,0
DA:177,0
DA:181,0
DA:182,0
DA:184,0
DA:185,0
DA:187,0
DA:188,0
LF:59
LH:0
BRDA:45,0,0,0
BRDA:45,0,1,0
BRDA:45,1,0,0
BRDA:45,1,1,0
BRDA:45,1,2,0
BRDA:62,2,0,0
BRDA:62,2,1,0
BRDA:66,3,0,0
BRDA:66,3,1,0
BRDA:97,4,0,0
BRDA:97,4,1,0
BRDA:97,5,0,0
BRDA:97,5,1,0
BRDA:97,5,2,0
BRDA:137,6,0,0
BRDA:137,6,1,0
BRDA:137,7,0,0
BRDA:137,7,1,0
BRDA:164,8,0,0
BRDA:164,8,1,0
BRDA:164,9,0,0
BRDA:164,9,1,0
BRDA:181,10,0,0
BRDA:181,10,1,0
BRDA:181,11,0,0
BRDA:181,11,1,0
BRF:26
BRH:0
end_of_record
TN:
SF:src\sessionLinks.ts
FN:12,openSharedSessionFromDeepLink
FNF:1
FNH:0
FNDA:0,openSharedSessionFromDeepLink
DA:17,0
DA:18,0
DA:19,0
DA:23,0
DA:25,0
DA:26,0
DA:30,0
DA:31,0
DA:32,0
DA:33,0
DA:34,0
DA:35,0
DA:36,0
DA:38,0
DA:43,0
DA:44,0
DA:49,0
DA:54,0
DA:57,0
DA:63,0
DA:65,0
DA:66,0
DA:67,0
DA:70,0
DA:77,0
LF:25
LH:0
BRDA:18,0,0,0
BRDA:18,0,1,0
BRDA:25,1,0,0
BRDA:25,1,1,0
BRDA:25,2,0,0
BRDA:25,2,1,0
BRDA:30,3,0,0
BRDA:30,3,1,0
BRDA:32,4,0,0
BRDA:32,4,1,0
BRDA:35,5,0,0
BRDA:35,5,1,0
BRDA:35,6,0,0
BRDA:35,6,1,0
BRF:14
BRH:0
end_of_record
TN:
SF:src\sessions.ts
FN:11,shouldShowNewChatTitle
FN:18,resumeSession
FN:36,createSession
FN:79,startNewSession
FNF:4
FNH:0
FNDA:0,shouldShowNewChatTitle
FNDA:0,resumeSession
FNDA:0,createSession
FNDA:0,startNewSession
DA:12,0
DA:13,0
DA:15,0
DA:19,0
DA:24,0
DA:30,0
DA:50,0
DA:54,0
DA:55,0
DA:56,0
DA:57,0
DA:60,0
DA:61,0
DA:62,0
DA:63,0
DA:64,0
DA:65,0
DA:67,0
DA:68,0
DA:72,0
DA:76,0
DA:89,0
DA:92,0
DA:94,0
DA:96,0
DA:101,0
DA:107,0
DA:112,0
LF:28
LH:0
BRDA:12,0,0,0
BRDA:12,0,1,0
BRDA:15,1,0,0
BRDA:15,1,1,0
BRDA:54,2,0,0
BRDA:54,2,1,0
BRDA:56,3,0,0
BRDA:56,3,1,0
BRDA:60,4,0,0
BRDA:60,4,1,0
BRDA:60,5,0,0
BRDA:60,5,1,0
BRDA:62,6,0,0
BRDA:62,6,1,0
BRDA:64,7,0,0
BRDA:64,7,1,0
BRDA:67,8,0,0
BRDA:67,8,1,0
BRDA:94,9,0,0
BRDA:94,9,1,0
BRF:20
BRH:0
end_of_record
TN:
SF:src\sharedSessions.ts
FN:21,fetchSharedSessionDetails
FN:74,createSharedSession
FNF:2
FNH:0
FNDA:0,fetchSharedSessionDetails
FNDA:0,createSharedSession
DA:25,0
DA:26,0
DA:35,0
DA:36,0
DA:39,0
DA:44,0
DA:45,0
DA:48,0
DA:59,0
DA:60,0
DA:81,0
DA:82,0
DA:96,0
DA:97,0
DA:98,0
DA:102,0
DA:105,0
DA:109,0
DA:111,0
DA:112,0
LF:20
LH:0
BRDA:35,0,0,0
BRDA:35,0,1,0
BRDA:44,1,0,0
BRDA:44,1,1,0
BRDA:92,2,0,0
BRDA:92,2,1,0
BRDA:96,3,0,0
BRDA:96,3,1,0
BRDA:97,4,0,0
BRDA:97,4,1,0
BRF:10
BRH:0
end_of_record
TN:
SF:src\suspense-loader.tsx
FN:3,SuspenseLoader
FNF:1
FNH:0
FNDA:0,SuspenseLoader
DA:4,0
LF:1
LH:0
BRF:0
BRH:0
end_of_record
TN:
SF:src\toasts.tsx
FN:25,(anonymous_0)
FN:32,(anonymous_1)
FN:42,(anonymous_2)
FN:52,(anonymous_3)
FN:62,(anonymous_4)
FN:69,(anonymous_5)
FN:76,(anonymous_6)
FN:127,(anonymous_7)
FN:154,toastSuccess
FN:171,ToastErrorContent
FN:181,(anonymous_10)
FN:199,(anonymous_11)
FN:221,toastError
FN:234,toastLoading
FNF:14
FNH:1
FNDA:4,(anonymous_0)
FNDA:0,(anonymous_1)
FNDA:0,(anonymous_2)
FNDA:0,(anonymous_3)
FNDA:0,(anonymous_4)
FNDA:0,(anonymous_5)
FNDA:0,(anonymous_6)
FNDA:0,(anonymous_7)
FNDA:0,toastSuccess
FNDA:0,ToastErrorContent
FNDA:0,(anonymous_10)
FNDA:0,(anonymous_11)
FNDA:0,toastError
FNDA:0,toastLoading
DA:19,4
DA:20,4
DA:26,4
DA:27,4
DA:29,4
DA:33,0
DA:34,0
DA:37,0
DA:38,0
DA:43,0
DA:44,0
DA:47,0
DA:48,0
DA:53,0
DA:54,0
DA:57,0
DA:59,0
DA:63,0
DA:64,0
DA:66,0
DA:70,0
DA:81,0
DA:82,0
DA:85,0
DA:88,0
DA:90,0
DA:104,0
DA:120,0
DA:128,0
DA:129,0
DA:138,4
DA:143,4
DA:155,0
DA:177,0
DA:178,0
DA:179,0
DA:181,0
DA:182,0
DA:183,0
DA:184,0
DA:186,0
DA:191,0
DA:199,0
DA:222,0
DA:235,0
LF:45
LH:7
BRDA:26,0,0,4
BRDA:26,0,1,0
BRDA:32,1,0,0
BRDA:33,2,0,0
BRDA:33,2,1,0
BRDA:37,3,0,0
BRDA:37,3,1,0
BRDA:43,4,0,0
BRDA:43,4,1,0
BRDA:47,5,0,0
BRDA:47,5,1,0
BRDA:53,6,0,0
BRDA:53,6,1,0
BRDA:63,7,0,0
BRDA:63,7,1,0
BRDA:70,8,0,0
BRDA:70,8,1,0
BRDA:79,9,0,0
BRDA:81,10,0,0
BRDA:81,10,1,0
BRDA:88,11,0,0
BRDA:88,11,1,0
BRDA:98,12,0,0
BRDA:98,12,1,0
BRDA:113,13,0,0
BRDA:113,13,1,0
BRDA:127,14,0,0
BRDA:154,15,0,0
BRDA:157,16,0,0
BRDA:157,16,1,0
BRDA:158,17,0,0
BRDA:158,17,1,0
BRDA:178,18,0,0
BRDA:178,18,1,0
BRDA:179,19,0,0
BRDA:179,19,1,0
BRDA:182,20,0,0
BRDA:182,20,1,0
BRDA:194,21,0,0
BRDA:194,21,1,0
BRDA:195,22,0,0
BRDA:195,22,1,0
BRDA:198,23,0,0
BRDA:198,23,1,0
BRDA:203,24,0,0
BRDA:203,24,1,0
BRDA:215,25,0,0
BRDA:215,25,1,0
BRDA:215,25,2,0
BRDA:224,26,0,0
BRDA:224,26,1,0
BRDA:237,27,0,0
BRDA:237,27,1,0
BRDA:238,28,0,0
BRDA:238,28,1,0
BRF:55
BRH:1
end_of_record
TN:
SF:src\updates.ts
FNF:0
FNH:0
DA:1,1
DA:2,1
DA:3,1
DA:4,1
DA:5,1
LF:5
LH:5
BRF:0
BRH:0
end_of_record
TN:
SF:src\utils.ts
FN:4,cn
FN:8,snakeToTitleCase
FN:11,(anonymous_2)
FNF:3
FNH:1
FNDA:3206,cn
FNDA:0,snakeToTitleCase
FNDA:0,(anonymous_2)
DA:5,3206
DA:9,0
DA:11,0
LF:3
LH:1
BRF:0
BRH:0
end_of_record
TN:
SF:src\api\client.gen.ts
FNF:0
FNH:0
DA:16,10
LF:1
LH:1
BRF:0
BRH:0
end_of_record
TN:
SF:src\api\sdk.gen.ts
FN:21,(anonymous_0)
FN:30,(anonymous_1)
FN:39,(anonymous_2)
FN:48,(anonymous_3)
FN:50,(anonymous_4)
FN:59,(anonymous_5)
FN:61,(anonymous_6)
FN:70,(anonymous_7)
FN:79,(anonymous_8)
FN:88,(anonymous_9)
FN:97,(anonymous_10)
FN:106,(anonymous_11)
FN:115,(anonymous_12)
FN:117,(anonymous_13)
FN:126,(anonymous_14)
FN:135,(anonymous_15)
FN:144,(anonymous_16)
FN:146,(anonymous_17)
FN:148,(anonymous_18)
FN:157,(anonymous_19)
FN:166,(anonymous_20)
FN:168,(anonymous_21)
FN:170,(anonymous_22)
FN:179,(anonymous_23)
FN:188,(anonymous_24)
FN:190,(anonymous_25)
FN:199,(anonymous_26)
FN:201,(anonymous_27)
FN:203,(anonymous_28)
FN:212,(anonymous_29)
FN:221,(anonymous_30)
FN:223,(anonymous_31)
FN:225,(anonymous_32)
FN:227,(anonymous_33)
FN:236,(anonymous_34)
FN:238,(anonymous_35)
FN:240,(anonymous_36)
FN:242,(anonymous_37)
FN:251,(anonymous_38)
FN:253,(anonymous_39)
FN:262,(anonymous_40)
FN:271,(anonymous_41)
FN:273,(anonymous_42)
FN:282,(anonymous_43)
FN:284,(anonymous_44)
FN:286,(anonymous_45)
FN:288,(anonymous_46)
FN:290,(anonymous_47)
FN:292,(anonymous_48)
FN:294,(anonymous_49)
FN:296,(anonymous_50)
FN:298,(anonymous_51)
FN:307,(anonymous_52)
FN:309,(anonymous_53)
FN:311,(anonymous_54)
FN:313,(anonymous_55)
FN:322,(anonymous_56)
FN:331,(anonymous_57)
FN:340,(anonymous_58)
FN:349,(anonymous_59)
FN:351,(anonymous_60)
FN:360,(anonymous_61)
FN:369,(anonymous_62)
FN:378,(anonymous_63)
FN:387,(anonymous_64)
FN:396,(anonymous_65)
FN:405,(anonymous_66)
FN:414,(anonymous_67)
FN:423,(anonymous_68)
FN:425,(anonymous_69)
FN:427,(anonymous_70)
FN:436,(anonymous_71)
FN:438,(anonymous_72)
FN:440,(anonymous_73)
FN:442,(anonymous_74)
FN:444,(anonymous_75)
FN:446,(anonymous_76)
FN:448,(anonymous_77)
FN:450,(anonymous_78)
FN:459,(anonymous_79)
FN:461,(anonymous_80)
FN:463,(anonymous_81)
FN:465,(anonymous_82)
FN:467,(anonymous_83)
FN:469,(anonymous_84)
FN:471,(anonymous_85)
FN:480,(anonymous_86)
FN:489,(anonymous_87)
FN:498,(anonymous_88)
FN:500,(anonymous_89)
FN:502,(anonymous_90)
FN:514,(anonymous_91)
FN:519,(anonymous_92)
FN:524,(anonymous_93)
FNF:94
FNH:1
FNDA:0,(anonymous_0)
FNDA:0,(anonymous_1)
FNDA:0,(anonymous_2)
FNDA:0,(anonymous_3)
FNDA:0,(anonymous_4)
FNDA:0,(anonymous_5)
FNDA:0,(anonymous_6)
FNDA:0,(anonymous_7)
FNDA:0,(anonymous_8)
FNDA:0,(anonymous_9)
FNDA:0,(anonymous_10)
FNDA:0,(anonymous_11)
FNDA:0,(anonymous_12)
FNDA:0,(anonymous_13)
FNDA:0,(anonymous_14)
FNDA:0,(anonymous_15)
FNDA:0,(anonymous_16)
FNDA:0,(anonymous_17)
FNDA:0,(anonymous_18)
FNDA:0,(anonymous_19)
FNDA:0,(anonymous_20)
FNDA:0,(anonymous_21)
FNDA:0,(anonymous_22)
FNDA:0,(anonymous_23)
FNDA:0,(anonymous_24)
FNDA:0,(anonymous_25)
FNDA:0,(anonymous_26)
FNDA:0,(anonymous_27)
FNDA:0,(anonymous_28)
FNDA:0,(anonymous_29)
FNDA:0,(anonymous_30)
FNDA:0,(anonymous_31)
FNDA:0,(anonymous_32)
FNDA:0,(anonymous_33)
FNDA:0,(anonymous_34)
FNDA:4,(anonymous_35)
FNDA:0,(anonymous_36)
FNDA:0,(anonymous_37)
FNDA:0,(anonymous_38)
FNDA:0,(anonymous_39)
FNDA:0,(anonymous_40)
FNDA:0,(anonymous_41)
FNDA:0,(anonymous_42)
FNDA:0,(anonymous_43)
FNDA:0,(anonymous_44)
FNDA:0,(anonymous_45)
FNDA:0,(anonymous_46)
FNDA:0,(anonymous_47)
FNDA:0,(anonymous_48)
FNDA:0,(anonymous_49)
FNDA:0,(anonymous_50)
FNDA:0,(anonymous_51)
FNDA:0,(anonymous_52)
FNDA:0,(anonymous_53)
FNDA:0,(anonymous_54)
FNDA:0,(anonymous_55)
FNDA:0,(anonymous_56)
FNDA:0,(anonymous_57)
FNDA:0,(anonymous_58)
FNDA:0,(anonymous_59)
FNDA:0,(anonymous_60)
FNDA:0,(anonymous_61)
FNDA:0,(anonymous_62)
FNDA:0,(anonymous_63)
FNDA:0,(anonymous_64)
FNDA:0,(anonymous_65)
FNDA:0,(anonymous_66)
FNDA:0,(anonymous_67)
FNDA:0,(anonymous_68)
FNDA:0,(anonymous_69)
FNDA:0,(anonymous_70)
FNDA:0,(anonymous_71)
FNDA:0,(anonymous_72)
FNDA:0,(anonymous_73)
FNDA:0,(anonymous_74)
FNDA:0,(anonymous_75)
FNDA:0,(anonymous_76)
FNDA:0,(anonymous_77)
FNDA:0,(anonymous_78)
FNDA:0,(anonymous_79)
FNDA:0,(anonymous_80)
FNDA:0,(anonymous_81)
FNDA:0,(anonymous_82)
FNDA:0,(anonymous_83)
FNDA:0,(anonymous_84)
FNDA:0,(anonymous_85)
FNDA:0,(anonymous_86)
FNDA:0,(anonymous_87)
FNDA:0,(anonymous_88)
FNDA:0,(anonymous_89)
FNDA:0,(anonymous_90)
FNDA:0,(anonymous_91)
FNDA:0,(anonymous_92)
FNDA:0,(anonymous_93)
DA:21,10
DA:30,10
DA:39,10
DA:48,10
DA:50,10
DA:59,10
DA:61,10
DA:70,10
DA:79,10
DA:88,10
DA:97,10
DA:106,10
DA:115,10
DA:117,10
DA:126,10
DA:135,10
DA:144,10
DA:146,10
DA:148,10
DA:157,10
DA:166,10
DA:168,10
DA:170,10
DA:179,10
DA:188,10
DA:190,10
DA:199,10
DA:201,10
DA:203,10
DA:212,10
DA:221,10
DA:223,10
DA:225,10
DA:227,10
DA:236,10
DA:238,10
DA:240,10
DA:242,10
DA:251,10
DA:253,10
DA:262,10
DA:271,10
DA:273,10
DA:282,10
DA:284,10
DA:286,10
DA:288,10
DA:290,10
DA:292,10
DA:294,10
DA:296,10
DA:298,10
DA:307,10
DA:309,10
DA:311,10
DA:313,10
DA:322,10
DA:331,10
DA:340,10
DA:349,10
DA:351,10
DA:360,10
DA:369,10
DA:378,10
DA:387,10
DA:396,10
DA:405,10
DA:414,10
DA:423,10
DA:425,10
DA:427,10
DA:436,10
DA:438,10
DA:440,10
DA:442,10
DA:444,10
DA:446,10
DA:448,10
DA:450,10
DA:459,10
DA:461,10
DA:463,10
DA:465,10
DA:467,10
DA:469,10
DA:471,10
DA:480,10
DA:489,10
DA:498,10
DA:500,10
DA:502,10
DA:514,10
DA:519,10
DA:524,10
LF:94
LH:94
BRDA:21,0,0,0
BRDA:21,0,1,0
BRDA:30,1,0,0
BRDA:30,1,1,0
BRDA:39,2,0,0
BRDA:39,2,1,0
BRDA:48,3,0,0
BRDA:48,3,1,0
BRDA:50,4,0,0
BRDA:50,4,1,0
BRDA:59,5,0,0
BRDA:59,5,1,0
BRDA:61,6,0,0
BRDA:61,6,1,0
BRDA:70,7,0,0
BRDA:70,7,1,0
BRDA:79,8,0,0
BRDA:79,8,1,0
BRDA:88,9,0,0
BRDA:88,9,1,0
BRDA:97,10,0,0
BRDA:97,10,1,0
BRDA:106,11,0,0
BRDA:106,11,1,0
BRDA:115,12,0,0
BRDA:115,12,1,0
BRDA:117,13,0,0
BRDA:117,13,1,0
BRDA:126,14,0,0
BRDA:126,14,1,0
BRDA:135,15,0,0
BRDA:135,15,1,0
BRDA:144,16,0,0
BRDA:144,16,1,0
BRDA:146,17,0,0
BRDA:146,17,1,0
BRDA:148,18,0,0
BRDA:148,18,1,0
BRDA:157,19,0,0
BRDA:157,19,1,0
BRDA:166,20,0,0
BRDA:166,20,1,0
BRDA:168,21,0,0
BRDA:168,21,1,0
BRDA:170,22,0,0
BRDA:170,22,1,0
BRDA:179,23,0,0
BRDA:179,23,1,0
BRDA:188,24,0,0
BRDA:188,24,1,0
BRDA:190,25,0,0
BRDA:190,25,1,0
BRDA:199,26,0,0
BRDA:199,26,1,0
BRDA:201,27,0,0
BRDA:201,27,1,0
BRDA:203,28,0,0
BRDA:203,28,1,0
BRDA:212,29,0,0
BRDA:212,29,1,0
BRDA:221,30,0,0
BRDA:221,30,1,0
BRDA:223,31,0,0
BRDA:223,31,1,0
BRDA:225,32,0,0
BRDA:225,32,1,0
BRDA:227,33,0,0
BRDA:227,33,1,0
BRDA:236,34,0,0
BRDA:236,34,1,0
BRDA:238,35,0,4
BRDA:238,35,1,4
BRDA:240,36,0,0
BRDA:240,36,1,0
BRDA:242,37,0,0
BRDA:242,37,1,0
BRDA:251,38,0,0
BRDA:251,38,1,0
BRDA:253,39,0,0
BRDA:253,39,1,0
BRDA:262,40,0,0
BRDA:262,40,1,0
BRDA:271,41,0,0
BRDA:271,41,1,0
BRDA:273,42,0,0
BRDA:273,42,1,0
BRDA:282,43,0,0
BRDA:282,43,1,0
BRDA:284,44,0,0
BRDA:284,44,1,0
BRDA:286,45,0,0
BRDA:286,45,1,0
BRDA:288,46,0,0
BRDA:288,46,1,0
BRDA:290,47,0,0
BRDA:290,47,1,0
BRDA:292,48,0,0
BRDA:292,48,1,0
BRDA:294,49,0,0
BRDA:294,49,1,0
BRDA:296,50,0,0
BRDA:296,50,1,0
BRDA:298,51,0,0
BRDA:298,51,1,0
BRDA:307,52,0,0
BRDA:307,52,1,0
BRDA:309,53,0,0
BRDA:309,53,1,0
BRDA:311,54,0,0
BRDA:311,54,1,0
BRDA:313,55,0,0
BRDA:313,55,1,0
BRDA:322,56,0,0
BRDA:322,56,1,0
BRDA:331,57,0,0
BRDA:331,57,1,0
BRDA:340,58,0,0
BRDA:340,58,1,0
BRDA:349,59,0,0
BRDA:349,59,1,0
BRDA:351,60,0,0
BRDA:351,60,1,0
BRDA:360,61,0,0
BRDA:360,61,1,0
BRDA:369,62,0,0
BRDA:369,62,1,0
BRDA:378,63,0,0
BRDA:378,63,1,0
BRDA:387,64,0,0
BRDA:387,64,1,0
BRDA:396,65,0,0
BRDA:396,65,1,0
BRDA:405,66,0,0
BRDA:405,66,1,0
BRDA:414,67,0,0
BRDA:414,67,1,0
BRDA:423,68,0,0
BRDA:423,68,1,0
BRDA:425,69,0,0
BRDA:425,69,1,0
BRDA:427,70,0,0
BRDA:427,70,1,0
BRDA:436,71,0,0
BRDA:436,71,1,0
BRDA:438,72,0,0
BRDA:438,72,1,0
BRDA:440,73,0,0
BRDA:440,73,1,0
BRDA:442,74,0,0
BRDA:442,74,1,0
BRDA:444,75,0,0
BRDA:444,75,1,0
BRDA:446,76,0,0
BRDA:446,76,1,0
BRDA:448,77,0,0
BRDA:448,77,1,0
BRDA:450,78,0,0
BRDA:450,78,1,0
BRDA:459,79,0,0
BRDA:459,79,1,0
BRDA:461,80,0,0
BRDA:461,80,1,0
BRDA:463,81,0,0
BRDA:463,81,1,0
BRDA:465,82,0,0
BRDA:465,82,1,0
BRDA:467,83,0,0
BRDA:467,83,1,0
BRDA:469,84,0,0
BRDA:469,84,1,0
BRDA:471,85,0,0
BRDA:471,85,1,0
BRDA:480,86,0,0
BRDA:480,86,1,0
BRDA:489,87,0,0
BRDA:489,87,1,0
BRDA:498,88,0,0
BRDA:498,88,1,0
BRDA:500,89,0,0
BRDA:500,89,1,0
BRDA:502,90,0,0
BRDA:502,90,1,0
BRDA:514,91,0,0
BRDA:514,91,1,0
BRDA:519,92,0,0
BRDA:519,92,1,0
BRDA:524,93,0,0
BRDA:524,93,1,0
BRF:188
BRH:2
end_of_record
TN:
SF:src\api\types.gen.ts
FNF:0
FNH:0
LF:0
LH:0
BRF:0
BRH:0
end_of_record
TN:
SF:src\api\client\client.gen.ts
FN:27,(anonymous_0)
FN:30,(anonymous_1)
FN:32,(anonymous_2)
FN:44,(anonymous_3)
FN:78,(anonymous_4)
FN:256,(anonymous_5)
FN:256,(anonymous_6)
FN:260,(anonymous_7)
FN:260,(anonymous_8)
FN:267,(anonymous_9)
FNF:10
FNH:6
FNDA:10,(anonymous_0)
FNDA:0,(anonymous_1)
FNDA:0,(anonymous_2)
FNDA:4,(anonymous_3)
FNDA:4,(anonymous_4)
FNDA:90,(anonymous_5)
FNDA:4,(anonymous_6)
FNDA:90,(anonymous_7)
FNDA:0,(anonymous_8)
FNDA:0,(anonymous_9)
DA:27,10
DA:28,10
DA:30,10
DA:32,10
DA:33,0
DA:34,0
DA:37,10
DA:44,10
DA:45,4
DA:53,4
DA:54,0
DA:60,4
DA:61,0
DA:64,4
DA:65,0
DA:69,4
DA:70,4
DA:73,4
DA:75,4
DA:78,10
DA:80,4
DA:81,4
DA:87,4
DA:89,4
DA:90,0
DA:91,0
DA:97,0
DA:100,0
DA:101,0
DA:104,0
DA:106,0
DA:107,0
DA:108,0
DA:117,0
DA:119,0
DA:120,0
DA:124,0
DA:133,0
DA:134,0
DA:135,0
DA:139,0
DA:144,0
DA:145,0
DA:150,0
DA:155,0
DA:159,0
DA:160,0
DA:162,0
DA:163,0
DA:165,0
DA:166,0
DA:169,0
DA:170,0
DA:172,0
DA:181,0
DA:186,0
DA:187,0
DA:191,0
DA:192,0
DA:193,0
DA:196,0
DA:204,0
DA:205,0
DA:206,0
DA:209,0
DA:210,0
DA:214,0
DA:222,0
DA:225,0
DA:226,0
DA:231,0
DA:232,4
DA:234,4
DA:235,0
DA:236,0
DA:240,0
DA:242,4
DA:243,0
DA:247,0
DA:256,90
DA:257,4
DA:260,90
DA:261,0
DA:262,0
DA:268,0
DA:269,0
DA:270,0
DA:271,0
DA:274,0
DA:284,10
LF:90
LH:26
BRDA:27,0,0,10
BRDA:48,1,0,4
BRDA:48,1,1,4
BRDA:48,1,2,4
BRDA:53,2,0,0
BRDA:53,2,1,4
BRDA:60,3,0,0
BRDA:60,3,1,4
BRDA:64,4,0,0
BRDA:64,4,1,4
BRDA:64,5,0,4
BRDA:64,5,1,0
BRDA:69,6,0,4
BRDA:69,6,1,0
BRDA:69,7,0,4
BRDA:69,7,1,0
BRDA:90,8,0,0
BRDA:90,8,1,0
BRDA:107,9,0,0
BRDA:107,9,1,0
BRDA:117,10,0,0
BRDA:117,10,1,0
BRDA:119,11,0,0
BRDA:119,11,1,0
BRDA:124,12,0,0
BRDA:124,12,1,0
BRDA:134,13,0,0
BRDA:134,13,1,0
BRDA:144,14,0,0
BRDA:144,14,1,0
BRDA:145,15,0,0
BRDA:145,15,1,0
BRDA:146,16,0,0
BRDA:146,16,1,0
BRDA:150,17,0,0
BRDA:150,17,1,0
BRDA:151,18,0,0
BRDA:151,18,1,0
BRDA:155,19,0,0
BRDA:155,19,1,0
BRDA:155,19,2,0
BRDA:155,19,3,0
BRDA:155,19,4,0
BRDA:155,19,5,0
BRDA:155,19,6,0
BRDA:172,20,0,0
BRDA:172,20,1,0
BRDA:181,21,0,0
BRDA:181,21,1,0
BRDA:181,21,2,0
BRDA:181,21,3,0
BRDA:181,21,4,0
BRDA:181,21,5,0
BRDA:192,22,0,0
BRDA:192,22,1,0
BRDA:196,23,0,0
BRDA:196,23,1,0
BRDA:204,24,0,0
BRDA:204,24,1,0
BRDA:205,25,0,0
BRDA:205,25,1,0
BRDA:209,26,0,0
BRDA:209,26,1,0
BRDA:214,27,0,0
BRDA:214,27,1,0
BRDA:231,28,0,0
BRDA:231,28,1,0
BRDA:235,29,0,0
BRDA:235,29,1,0
BRDA:240,30,0,0
BRDA:240,30,1,0
BRDA:242,31,0,0
BRDA:242,31,1,4
BRDA:247,32,0,0
BRDA:247,32,1,0
BRDA:270,33,0,0
BRDA:270,33,1,0
BRF:77
BRH:11
end_of_record
TN:
SF:src\api\client\types.gen.ts
FNF:0
FNH:0
LF:0
LH:0
BRF:0
BRH:0
end_of_record
TN:
SF:src\api\client\utils.gen.ts
FN:14,(anonymous_0)
FN:18,(anonymous_1)
FN:68,(anonymous_2)
FN:95,(anonymous_3)
FN:109,(anonymous_4)
FN:128,(anonymous_5)
FN:166,(anonymous_6)
FN:178,(anonymous_7)
FN:187,(anonymous_8)
FN:189,(anonymous_9)
FN:195,(anonymous_10)
FN:250,(anonymous_11)
FN:254,(anonymous_12)
FN:261,(anonymous_13)
FN:266,(anonymous_14)
FN:273,(anonymous_15)
FN:285,(anonymous_16)
FN:297,(anonymous_17)
FN:324,(anonymous_18)
FNF:19
FNH:8
FNDA:10,(anonymous_0)
FNDA:0,(anonymous_1)
FNDA:0,(anonymous_2)
FNDA:0,(anonymous_3)
FNDA:0,(anonymous_4)
FNDA:0,(anonymous_5)
FNDA:4,(anonymous_6)
FNDA:10,(anonymous_7)
FNDA:4,(anonymous_8)
FNDA:4,(anonymous_9)
FNDA:14,(anonymous_10)
FNDA:0,(anonymous_11)
FNDA:0,(anonymous_12)
FNDA:0,(anonymous_13)
FNDA:0,(anonymous_14)
FNDA:0,(anonymous_15)
FNDA:0,(anonymous_16)
FNDA:10,(anonymous_17)
FNDA:20,(anonymous_18)
DA:14,10
DA:18,10
DA:19,0
DA:20,0
DA:21,0
DA:22,0
DA:24,0
DA:25,0
DA:28,0
DA:30,0
DA:31,0
DA:39,0
DA:40,0
DA:41,0
DA:49,0
DA:51,0
DA:56,0
DA:60,0
DA:62,10
DA:68,10
DA:71,0
DA:74,0
DA:77,0
DA:79,0
DA:80,0
DA:83,0
DA:87,0
DA:90,0
DA:91,0
DA:94,0
DA:96,0
DA:99,0
DA:102,0
DA:103,0
DA:106,0
DA:109,10
DA:115,0
DA:116,0
DA:118,0
DA:123,0
DA:125,0
DA:128,10
DA:135,0
DA:136,0
DA:137,0
DA:140,0
DA:142,0
DA:143,0
DA:146,0
DA:148,0
DA:150,0
DA:151,0
DA:153,0
DA:154,0
DA:156,0
DA:157,0
DA:160,0
DA:161,0
DA:166,10
DA:178,10
DA:179,10
DA:180,10
DA:181,0
DA:183,10
DA:184,10
DA:187,10
DA:188,4
DA:189,4
DA:190,4
DA:192,4
DA:195,10
DA:198,14
DA:199,14
DA:200,28
DA:201,4
DA:205,24
DA:209,28
DA:210,24
DA:211,0
DA:212,24
DA:213,0
DA:214,0
DA:216,24
DA:219,24
DA:226,14
DA:248,30
DA:251,0
DA:255,0
DA:256,0
DA:257,0
DA:262,0
DA:263,0
DA:267,0
DA:268,0
DA:270,0
DA:277,0
DA:278,0
DA:279,0
DA:280,0
DA:282,0
DA:286,0
DA:287,0
DA:297,10
DA:302,10
DA:308,10
DA:320,10
DA:324,10
DA:326,20
LF:108
LH:36
BRDA:14,0,0,10
BRDA:15,1,0,10
BRDA:20,2,0,0
BRDA:20,2,1,0
BRDA:20,3,0,0
BRDA:20,3,1,0
BRDA:24,4,0,0
BRDA:24,4,1,0
BRDA:24,5,0,0
BRDA:24,5,1,0
BRDA:28,6,0,0
BRDA:28,6,1,0
BRDA:30,7,0,0
BRDA:30,7,1,0
BRDA:39,8,0,0
BRDA:39,8,1,0
BRDA:40,9,0,0
BRDA:40,9,1,0
BRDA:49,10,0,0
BRDA:49,10,1,0
BRDA:56,11,0,0
BRDA:56,11,1,0
BRDA:71,12,0,0
BRDA:71,12,1,0
BRDA:79,13,0,0
BRDA:79,13,1,0
BRDA:83,14,0,0
BRDA:83,14,1,0
BRDA:84,15,0,0
BRDA:84,15,1,0
BRDA:90,16,0,0
BRDA:90,16,1,0
BRDA:94,17,0,0
BRDA:94,17,1,0
BRDA:102,18,0,0
BRDA:102,18,1,0
BRDA:115,19,0,0
BRDA:115,19,1,0
BRDA:118,20,0,0
BRDA:118,20,1,0
BRDA:119,21,0,0
BRDA:119,21,1,0
BRDA:119,21,2,0
BRDA:136,22,0,0
BRDA:136,22,1,0
BRDA:142,23,0,0
BRDA:142,23,1,0
BRDA:146,24,0,0
BRDA:146,24,1,0
BRDA:148,25,0,0
BRDA:148,25,1,0
BRDA:148,25,2,0
BRDA:148,25,3,0
BRDA:150,26,0,0
BRDA:150,26,1,0
BRDA:172,27,0,4
BRDA:172,27,1,0
BRDA:180,28,0,0
BRDA:180,28,1,10
BRDA:200,29,0,4
BRDA:200,29,1,24
BRDA:205,30,0,4
BRDA:205,30,1,20
BRDA:210,31,0,0
BRDA:210,31,1,24
BRDA:212,32,0,0
BRDA:212,32,1,24
BRDA:216,33,0,24
BRDA:216,33,1,0
BRDA:221,34,0,0
BRDA:221,34,1,24
BRDA:256,35,0,0
BRDA:256,35,1,0
BRDA:267,36,0,0
BRDA:267,36,1,0
BRDA:268,37,0,0
BRDA:268,37,1,0
BRDA:278,38,0,0
BRDA:278,38,1,0
BRDA:325,39,0,20
BRF:80
BRH:13
end_of_record
TN:
SF:src\api\core\auth.gen.ts
FN:22,(anonymous_0)
FNF:1
FNH:0
FNDA:0,(anonymous_0)
DA:22,10
DA:27,0
DA:29,0
DA:30,0
DA:33,0
DA:34,0
DA:37,0
DA:38,0
DA:41,0
LF:9
LH:1
BRDA:27,0,0,0
BRDA:27,0,1,0
BRDA:29,1,0,0
BRDA:29,1,1,0
BRDA:33,2,0,0
BRDA:33,2,1,0
BRDA:37,3,0,0
BRDA:37,3,1,0
BRF:8
BRH:0
end_of_record
TN:
SF:src\api\core\bodySerializer.gen.ts
FN:27,(anonymous_0)
FN:41,(anonymous_1)
FN:54,(anonymous_2)
FN:59,(anonymous_3)
FN:64,(anonymous_4)
FN:75,(anonymous_5)
FN:76,(anonymous_6)
FN:82,(anonymous_7)
FN:87,(anonymous_8)
FN:92,(anonymous_9)
FNF:10
FNH:0
FNDA:0,(anonymous_0)
FNDA:0,(anonymous_1)
FNDA:0,(anonymous_2)
FNDA:0,(anonymous_3)
FNDA:0,(anonymous_4)
FNDA:0,(anonymous_5)
FNDA:0,(anonymous_6)
FNDA:0,(anonymous_7)
FNDA:0,(anonymous_8)
FNDA:0,(anonymous_9)
DA:27,10
DA:32,0
DA:33,0
DA:34,0
DA:35,0
DA:37,0
DA:41,10
DA:46,0
DA:47,0
DA:49,0
DA:53,10
DA:57,0
DA:59,0
DA:60,0
DA:61,0
DA:63,0
DA:64,0
DA:66,0
DA:70,0
DA:74,10
DA:76,0
DA:77,0
DA:81,10
DA:85,0
DA:87,0
DA:88,0
DA:89,0
DA:91,0
DA:92,0
DA:94,0
DA:98,0
LF:31
LH:5
BRDA:32,0,0,0
BRDA:32,0,1,0
BRDA:32,1,0,0
BRDA:32,1,1,0
BRDA:34,2,0,0
BRDA:34,2,1,0
BRDA:46,3,0,0
BRDA:46,3,1,0
BRDA:60,4,0,0
BRDA:60,4,1,0
BRDA:60,5,0,0
BRDA:60,5,1,0
BRDA:63,6,0,0
BRDA:63,6,1,0
BRDA:77,7,0,0
BRDA:77,7,1,0
BRDA:88,8,0,0
BRDA:88,8,1,0
BRDA:88,9,0,0
BRDA:88,9,1,0
BRDA:91,10,0,0
BRDA:91,10,1,0
BRF:22
BRH:0
end_of_record
TN:
SF:src\api\core\params.gen.ts
FN:65,(anonymous_0)
FN:97,(anonymous_1)
FN:105,(anonymous_2)
FN:151,(anonymous_3)
FNF:4
FNH:0
FNDA:0,(anonymous_0)
FNDA:0,(anonymous_1)
FNDA:0,(anonymous_2)
FNDA:0,(anonymous_3)
DA:45,10
DA:51,10
DA:65,10
DA:66,0
DA:67,0
DA:70,0
DA:71,0
DA:72,0
DA:73,0
DA:78,0
DA:79,0
DA:82,0
DA:83,0
DA:87,0
DA:97,10
DA:98,0
DA:99,0
DA:100,0
DA:105,10
DA:109,0
DA:116,0
DA:120,0
DA:121,0
DA:122,0
DA:125,0
DA:126,0
DA:129,0
DA:130,0
DA:131,0
DA:132,0
DA:133,0
DA:134,0
DA:137,0
DA:140,0
DA:141,0
DA:143,0
DA:144,0
DA:145,0
DA:146,0
DA:148,0
DA:151,0
DA:152,0
DA:155,0
DA:156,0
DA:157,0
DA:160,0
DA:161,0
DA:162,0
DA:163,0
DA:164,0
DA:173,0
DA:175,0
LF:52
LH:5
BRDA:66,0,0,0
BRDA:66,0,1,0
BRDA:71,1,0,0
BRDA:71,1,1,0
BRDA:72,2,0,0
BRDA:72,2,1,0
BRDA:78,3,0,0
BRDA:78,3,1,0
BRDA:82,4,0,0
BRDA:82,4,1,0
BRDA:99,5,0,0
BRDA:99,5,1,0
BRDA:99,6,0,0
BRDA:99,6,1,0
BRDA:99,6,2,0
BRDA:121,7,0,0
BRDA:121,7,1,0
BRDA:125,8,0,0
BRDA:125,8,1,0
BRDA:129,9,0,0
BRDA:129,9,1,0
BRDA:130,10,0,0
BRDA:130,10,1,0
BRDA:132,11,0,0
BRDA:132,11,1,0
BRDA:133,12,0,0
BRDA:133,12,1,0
BRDA:140,13,0,0
BRDA:140,13,1,0
BRDA:143,14,0,0
BRDA:143,14,1,0
BRDA:144,15,0,0
BRDA:144,15,1,0
BRDA:145,16,0,0
BRDA:145,16,1,0
BRDA:155,17,0,0
BRDA:155,17,1,0
BRDA:160,18,0,0
BRDA:160,18,1,0
BRDA:160,19,0,0
BRDA:160,19,1,0
BRDA:162,20,0,0
BRDA:162,20,1,0
BRF:43
BRH:0
end_of_record
TN:
SF:src\api\core\pathSerializer.gen.ts
FN:30,(anonymous_0)
FN:43,(anonymous_1)
FN:56,(anonymous_2)
FN:69,(anonymous_3)
FN:80,(anonymous_4)
FN:96,(anonymous_5)
FN:113,(anonymous_6)
FN:131,(anonymous_7)
FN:148,(anonymous_8)
FN:170,(anonymous_9)
FNF:10
FNH:0
FNDA:0,(anonymous_0)
FNDA:0,(anonymous_1)
FNDA:0,(anonymous_2)
FNDA:0,(anonymous_3)
FNDA:0,(anonymous_4)
FNDA:0,(anonymous_5)
FNDA:0,(anonymous_6)
FNDA:0,(anonymous_7)
FNDA:0,(anonymous_8)
FNDA:0,(anonymous_9)
DA:30,10
DA:31,0
DA:33,0
DA:35,0
DA:37,0
DA:39,0
DA:43,10
DA:44,0
DA:46,0
DA:48,0
DA:50,0
DA:52,0
DA:56,10
DA:57,0
DA:59,0
DA:61,0
DA:63,0
DA:65,0
DA:69,10
DA:78,0
DA:79,0
DA:80,0
DA:82,0
DA:84,0
DA:86,0
DA:88,0
DA:90,0
DA:94,0
DA:95,0
DA:97,0
DA:98,0
DA:101,0
DA:108,0
DA:113,10
DA:118,0
DA:119,0
DA:122,0
DA:123,0
DA:128,0
DA:131,10
DA:142,0
DA:143,0
DA:146,0
DA:147,0
DA:148,0
DA:149,0
DA:155,0
DA:156,0
DA:158,0
DA:160,0
DA:162,0
DA:164,0
DA:168,0
DA:169,0
DA:171,0
DA:178,0
LF:56
LH:6
BRDA:31,0,0,0
BRDA:31,0,1,0
BRDA:31,0,2,0
BRDA:31,0,3,0
BRDA:44,1,0,0
BRDA:44,1,1,0
BRDA:44,1,2,0
BRDA:44,1,3,0
BRDA:57,2,0,0
BRDA:57,2,1,0
BRDA:57,2,2,0
BRDA:57,2,3,0
BRDA:78,3,0,0
BRDA:78,3,1,0
BRDA:80,4,0,0
BRDA:80,4,1,0
BRDA:82,5,0,0
BRDA:82,5,1,0
BRDA:82,5,2,0
BRDA:82,5,3,0
BRDA:97,6,0,0
BRDA:97,6,1,0
BRDA:97,7,0,0
BRDA:97,7,1,0
BRDA:98,8,0,0
BRDA:98,8,1,0
BRDA:108,9,0,0
BRDA:108,9,1,0
BRDA:108,10,0,0
BRDA:108,10,1,0
BRDA:118,11,0,0
BRDA:118,11,1,0
BRDA:118,12,0,0
BRDA:118,12,1,0
BRDA:122,13,0,0
BRDA:122,13,1,0
BRDA:128,14,0,0
BRDA:128,14,1,0
BRDA:142,15,0,0
BRDA:142,15,1,0
BRDA:143,16,0,0
BRDA:143,16,1,0
BRDA:146,17,0,0
BRDA:146,17,1,0
BRDA:146,18,0,0
BRDA:146,18,1,0
BRDA:152,19,0,0
BRDA:152,19,1,0
BRDA:156,20,0,0
BRDA:156,20,1,0
BRDA:156,20,2,0
BRDA:156,20,3,0
BRDA:173,21,0,0
BRDA:173,21,1,0
BRDA:178,22,0,0
BRDA:178,22,1,0
BRDA:178,23,0,0
BRDA:178,23,1,0
BRF:58
BRH:0
end_of_record
TN:
SF:src\api\core\queryKeySerializer.gen.ts
FN:17,(anonymous_0)
FN:37,(anonymous_1)
FN:52,(anonymous_2)
FN:63,(anonymous_3)
FN:64,(anonymous_4)
FN:89,(anonymous_5)
FNF:6
FNH:0
FNDA:0,(anonymous_0)
FNDA:0,(anonymous_1)
FNDA:0,(anonymous_2)
FNDA:0,(anonymous_3)
FNDA:0,(anonymous_4)
FNDA:0,(anonymous_5)
DA:17,10
DA:18,0
DA:23,0
DA:25,0
DA:26,0
DA:28,0
DA:29,0
DA:31,0
DA:37,10
DA:38,0
DA:39,0
DA:40,0
DA:41,0
DA:43,0
DA:45,0
DA:52,10
DA:53,0
DA:54,0
DA:56,0
DA:57,0
DA:63,10
DA:64,0
DA:65,0
DA:67,0
DA:69,0
DA:70,0
DA:71,0
DA:72,0
DA:73,0
DA:76,0
DA:77,0
DA:79,0
DA:83,0
DA:89,10
DA:92,0
DA:93,0
DA:96,0
DA:101,0
DA:104,0
DA:109,0
DA:112,0
DA:113,0
DA:116,0
DA:117,0
DA:120,0
DA:121,0
DA:124,0
DA:128,0
DA:131,0
DA:132,0
DA:135,0
LF:51
LH:5
BRDA:18,0,0,0
BRDA:18,0,1,0
BRDA:19,1,0,0
BRDA:19,1,1,0
BRDA:19,1,2,0
BRDA:25,2,0,0
BRDA:25,2,1,0
BRDA:28,3,0,0
BRDA:28,3,1,0
BRDA:40,4,0,0
BRDA:40,4,1,0
BRDA:53,5,0,0
BRDA:53,5,1,0
BRDA:53,6,0,0
BRDA:53,6,1,0
BRDA:57,7,0,0
BRDA:57,7,1,0
BRDA:71,8,0,0
BRDA:71,8,1,0
BRDA:76,9,0,0
BRDA:76,9,1,0
BRDA:92,10,0,0
BRDA:92,10,1,0
BRDA:96,11,0,0
BRDA:96,11,1,0
BRDA:97,12,0,0
BRDA:97,12,1,0
BRDA:97,12,2,0
BRDA:104,13,0,0
BRDA:104,13,1,0
BRDA:105,14,0,0
BRDA:105,14,1,0
BRDA:105,14,2,0
BRDA:112,15,0,0
BRDA:112,15,1,0
BRDA:116,16,0,0
BRDA:116,16,1,0
BRDA:120,17,0,0
BRDA:120,17,1,0
BRDA:124,18,0,0
BRDA:124,18,1,0
BRDA:125,19,0,0
BRDA:125,19,1,0
BRDA:131,20,0,0
BRDA:131,20,1,0
BRF:45
BRH:0
end_of_record
TN:
SF:src\api\core\serverSentEvents.gen.ts
FN:89,(anonymous_0)
FN:106,(anonymous_1)
FN:106,(anonymous_2)
FN:108,(anonymous_3)
FN:157,(anonymous_4)
FNF:5
FNH:0
FNDA:0,(anonymous_0)
FNDA:0,(anonymous_1)
FNDA:0,(anonymous_2)
FNDA:0,(anonymous_3)
FNDA:0,(anonymous_4)
DA:89,10
DA:105,0
DA:106,0
DA:108,0
DA:109,0
DA:110,0
DA:111,0
DA:113,0
DA:114,0
DA:116,0
DA:119,0
DA:123,0
DA:124,0
DA:127,0
DA:128,0
DA:135,0
DA:136,0
DA:137,0
DA:141,0
DA:142,0
DA:144,0
DA:145,0
DA:149,0
DA:151,0
DA:155,0
DA:157,0
DA:158,0
DA:159,0
DA:165,0
DA:167,0
DA:168,0
DA:169,0
DA:170,0
DA:171,0
DA:173,0
DA:175,0
DA:176,0
DA:178,0
DA:179,0
DA:180,0
DA:183,0
DA:184,0
DA:185,0
DA:186,0
DA:187,0
DA:188,0
DA:189,0
DA:190,0
DA:191,0
DA:195,0
DA:196,0
DA:202,0
DA:204,0
DA:205,0
DA:206,0
DA:207,0
DA:208,0
DA:210,0
DA:214,0
DA:215,0
DA:216,0
DA:219,0
DA:220,0
DA:224,0
DA:231,0
DA:232,0
DA:237,0
DA:238,0
DA:241,0
DA:244,0
DA:246,0
DA:250,0
DA:254,0
DA:258,0
DA:263,0
DA:265,0
LF:76
LH:1
BRDA:105,0,0,0
BRDA:105,0,1,0
BRDA:109,1,0,0
BRDA:109,1,1,0
BRDA:111,2,0,0
BRDA:111,2,1,0
BRDA:114,3,0,0
BRDA:114,3,1,0
BRDA:119,4,0,0
BRDA:119,4,1,0
BRDA:123,5,0,0
BRDA:123,5,1,0
BRDA:136,6,0,0
BRDA:136,6,1,0
BRDA:141,7,0,0
BRDA:141,7,1,0
BRDA:144,8,0,0
BRDA:144,8,1,0
BRDA:149,9,0,0
BRDA:149,9,1,0
BRDA:170,10,0,0
BRDA:170,10,1,0
BRDA:176,11,0,0
BRDA:176,11,1,0
BRDA:184,12,0,0
BRDA:184,12,1,0
BRDA:186,13,0,0
BRDA:186,13,1,0
BRDA:188,14,0,0
BRDA:188,14,1,0
BRDA:190,15,0,0
BRDA:190,15,1,0
BRDA:195,16,0,0
BRDA:195,16,1,0
BRDA:204,17,0,0
BRDA:204,17,1,0
BRDA:214,18,0,0
BRDA:214,18,1,0
BRDA:215,19,0,0
BRDA:215,19,1,0
BRDA:219,20,0,0
BRDA:219,20,1,0
BRDA:231,21,0,0
BRDA:231,21,1,0
BRDA:246,22,0,0
BRDA:246,22,1,0
BRDA:247,23,0,0
BRDA:247,23,1,0
BRDA:256,24,0,0
BRDA:256,24,1,0
BRF:50
BRH:0
end_of_record
TN:
SF:src\api\core\types.gen.ts
FNF:0
FNH:0
LF:0
LH:0
BRF:0
BRH:0
end_of_record
TN:
SF:src\api\core\utils.gen.ts
FN:18,(anonymous_0)
FN:88,(anonymous_1)
FN:116,getValidRequestBody
FNF:3
FNH:3
FNDA:4,(anonymous_0)
FNDA:4,(anonymous_1)
FNDA:4,getValidRequestBody
DA:16,10
DA:18,10
DA:19,4
DA:20,4
DA:21,4
DA:22,4
DA:23,4
DA:24,4
DA:25,4
DA:27,4
DA:28,0
DA:29,0
DA:32,4
DA:33,0
DA:34,0
DA:35,4
DA:36,0
DA:37,0
DA:40,4
DA:42,4
DA:43,0
DA:46,4
DA:47,0
DA:51,0
DA:54,4
DA:55,0
DA:65,0
DA:68,4
DA:69,0
DA:76,0
DA:79,4
DA:82,4
DA:85,4
DA:88,10
DA:101,4
DA:102,4
DA:103,4
DA:104,4
DA:106,4
DA:107,4
DA:108,0
DA:110,4
DA:111,0
DA:113,4
DA:121,4
DA:122,4
DA:124,4
DA:125,0
DA:127,0
DA:129,0
DA:133,0
DA:137,4
DA:138,0
DA:142,4
LF:54
LH:34
BRDA:21,0,0,4
BRDA:21,0,1,0
BRDA:27,1,0,0
BRDA:27,1,1,4
BRDA:32,2,0,0
BRDA:32,2,1,4
BRDA:35,3,0,0
BRDA:35,3,1,4
BRDA:42,4,0,0
BRDA:42,4,1,4
BRDA:42,5,0,4
BRDA:42,5,1,4
BRDA:46,6,0,0
BRDA:46,6,1,4
BRDA:54,7,0,0
BRDA:54,7,1,4
BRDA:68,8,0,0
BRDA:68,8,1,4
BRDA:80,9,0,0
BRDA:80,9,1,4
BRDA:101,10,0,4
BRDA:101,10,1,0
BRDA:102,11,0,4
BRDA:102,11,1,4
BRDA:103,12,0,4
BRDA:103,12,1,0
BRDA:106,13,0,0
BRDA:106,13,1,4
BRDA:107,14,0,0
BRDA:107,14,1,4
BRDA:110,15,0,0
BRDA:110,15,1,4
BRDA:122,16,0,4
BRDA:122,16,1,0
BRDA:124,17,0,0
BRDA:124,17,1,4
BRDA:125,18,0,0
BRDA:125,18,1,0
BRDA:127,19,0,0
BRDA:127,19,1,0
BRDA:129,20,0,0
BRDA:129,20,1,0
BRDA:133,21,0,0
BRDA:133,21,1,0
BRDA:137,22,0,0
BRDA:137,22,1,4
BRF:46
BRH:21
end_of_record
TN:
SF:src\components\AnimatedIcons.tsx
FN:28,AnimatedIcons
FN:36,(anonymous_1)
FN:37,(anonymous_2)
FN:38,(anonymous_3)
FN:41,(anonymous_4)
FNF:5
FNH:0
FNDA:0,AnimatedIcons
FNDA:0,(anonymous_1)
FNDA:0,(anonymous_2)
FNDA:0,(anonymous_3)
FNDA:0,(anonymous_4)
DA:25,1
DA:26,1
DA:33,0
DA:34,0
DA:36,0
DA:37,0
DA:38,0
DA:41,0
DA:44,0
DA:46,0
LF:10
LH:2
BRDA:29,0,0,0
BRDA:30,1,0,0
BRDA:31,2,0,0
BRDA:34,3,0,0
BRDA:34,3,1,0
BRF:5
BRH:0
end_of_record
TN:
SF:src\components\AnnouncementModal.tsx
FN:18,compareVersions
FN:19,(anonymous_1)
FN:19,(anonymous_2)
FN:35,AnnouncementModal
FN:43,(anonymous_4)
FN:44,(anonymous_5)
FN:59,(anonymous_6)
FN:72,(anonymous_7)
FN:77,(anonymous_8)
FN:83,(anonymous_9)
FN:88,(anonymous_10)
FN:91,(anonymous_11)
FN:104,(anonymous_12)
FN:114,(anonymous_13)
FNF:14
FNH:0
FNDA:0,compareVersions
FNDA:0,(anonymous_1)
FNDA:0,(anonymous_2)
FNDA:0,AnnouncementModal
FNDA:0,(anonymous_4)
FNDA:0,(anonymous_5)
FNDA:0,(anonymous_6)
FNDA:0,(anonymous_7)
FNDA:0,(anonymous_8)
FNDA:0,(anonymous_9)
FNDA:0,(anonymous_10)
FNDA:0,(anonymous_11)
FNDA:0,(anonymous_12)
FNDA:0,(anonymous_13)
DA:19,0
DA:21,0
DA:22,0
DA:24,0
DA:25,0
DA:26,0
DA:28,0
DA:29,0
DA:32,0
DA:36,0
DA:37,0
DA:40,0
DA:43,0
DA:44,0
DA:46,0
DA:47,0
DA:50,0
DA:52,0
DA:53,0
DA:56,0
DA:59,0
DA:61,0
DA:62,0
DA:66,0
DA:71,0
DA:72,0
DA:75,0
DA:77,0
DA:78,0
DA:79,0
DA:82,0
DA:83,0
DA:85,0
DA:87,0
DA:88,0
DA:91,0
DA:92,0
DA:93,0
DA:97,0
DA:101,0
DA:104,0
DA:105,0
DA:108,0
DA:113,0
DA:114,0
DA:115,0
DA:116,0
DA:120,0
DA:121,0
DA:125,0
DA:126,0
DA:129,0
LF:52
LH:0
BRDA:25,0,0,0
BRDA:25,0,1,0
BRDA:26,1,0,0
BRDA:26,1,1,0
BRDA:28,2,0,0
BRDA:28,2,1,0
BRDA:29,3,0,0
BRDA:29,3,1,0
BRDA:46,4,0,0
BRDA:46,4,1,0
BRDA:67,5,0,0
BRDA:67,5,1,0
BRDA:75,6,0,0
BRDA:75,6,1,0
BRDA:85,7,0,0
BRDA:85,7,1,0
BRDA:105,8,0,0
BRDA:105,8,1,0
BRDA:109,9,0,0
BRDA:109,9,1,0
BRDA:115,10,0,0
BRDA:115,10,1,0
BRDA:125,11,0,0
BRDA:125,11,1,0
BRDA:125,12,0,0
BRDA:125,12,1,0
BRDA:133,13,0,0
BRDA:133,13,1,0
BRF:28
BRH:0
end_of_record
TN:
SF:src\components\ApiKeyTester.tsx
FN:18,ApiKeyTester
FN:25,(anonymous_1)
FN:53,(anonymous_2)
FN:93,(anonymous_3)
FN:97,(anonymous_4)
FNF:5
FNH:0
FNDA:0,ApiKeyTester
FNDA:0,(anonymous_1)
FNDA:0,(anonymous_2)
FNDA:0,(anonymous_3)
FNDA:0,(anonymous_4)
DA:19,0
DA:20,0
DA:21,0
DA:22,0
DA:23,0
DA:25,0
DA:26,0
DA:28,0
DA:29,0
DA:32,0
DA:34,0
DA:35,0
DA:36,0
DA:38,0
DA:39,0
DA:44,0
DA:45,0
DA:47,0
DA:53,0
DA:54,0
DA:58,0
DA:60,0
DA:64,0
DA:65,0
DA:67,0
DA:93,0
DA:98,0
DA:99,0
LF:28
LH:0
BRDA:26,0,0,0
BRDA:26,0,1,0
BRDA:28,1,0,0
BRDA:28,1,1,0
BRDA:44,2,0,0
BRDA:44,2,1,0
BRDA:65,3,0,0
BRDA:65,3,1,0
BRDA:98,4,0,0
BRDA:98,4,1,0
BRDA:98,5,0,0
BRDA:98,5,1,0
BRDA:106,6,0,0
BRDA:106,6,1,0
BRDA:109,7,0,0
BRDA:109,7,1,0
BRDA:118,8,0,0
BRDA:118,8,1,0
BRDA:126,9,0,0
BRDA:126,9,1,0
BRDA:139,10,0,0
BRDA:139,10,1,0
BRF:22
BRH:0
end_of_record
TN:
SF:src\components\BaseChat.tsx
FN:46,(anonymous_0)
FN:63,BaseChat
FN:92,(anonymous_2)
FN:123,(anonymous_3)
FN:149,(anonymous_4)
FN:151,(anonymous_5)
FN:163,(anonymous_6)
FN:180,(anonymous_7)
FN:183,(anonymous_8)
FN:194,(anonymous_9)
FN:207,(anonymous_10)
FN:224,(anonymous_11)
FN:225,(anonymous_12)
FN:227,(anonymous_13)
FN:235,(anonymous_14)
FN:239,(anonymous_15)
FN:246,(anonymous_16)
FN:249,(anonymous_17)
FN:254,(anonymous_18)
FN:255,(anonymous_19)
FN:260,(anonymous_20)
FN:263,(anonymous_21)
FN:264,(anonymous_22)
FN:289,(anonymous_23)
FN:294,(anonymous_24)
FN:313,(anonymous_25)
FN:354,(anonymous_26)
FN:413,(anonymous_27)
FN:428,(anonymous_28)
FN:429,(anonymous_29)
FN:441,(anonymous_30)
FN:481,(anonymous_31)
FN:497,(anonymous_32)
FN:498,(anonymous_33)
FN:512,(anonymous_34)
FN:522,(anonymous_35)
FNF:36
FNH:0
FNDA:0,(anonymous_0)
FNDA:0,BaseChat
FNDA:0,(anonymous_2)
FNDA:0,(anonymous_3)
FNDA:0,(anonymous_4)
FNDA:0,(anonymous_5)
FNDA:0,(anonymous_6)
FNDA:0,(anonymous_7)
FNDA:0,(anonymous_8)
FNDA:0,(anonymous_9)
FNDA:0,(anonymous_10)
FNDA:0,(anonymous_11)
FNDA:0,(anonymous_12)
FNDA:0,(anonymous_13)
FNDA:0,(anonymous_14)
FNDA:0,(anonymous_15)
FNDA:0,(anonymous_16)
FNDA:0,(anonymous_17)
FNDA:0,(anonymous_18)
FNDA:0,(anonymous_19)
FNDA:0,(anonymous_20)
FNDA:0,(anonymous_21)
FNDA:0,(anonymous_22)
FNDA:0,(anonymous_23)
FNDA:0,(anonymous_24)
FNDA:0,(anonymous_25)
FNDA:0,(anonymous_26)
FNDA:0,(anonymous_27)
FNDA:0,(anonymous_28)
FNDA:0,(anonymous_29)
FNDA:0,(anonymous_30)
FNDA:0,(anonymous_31)
FNDA:0,(anonymous_32)
FNDA:0,(anonymous_33)
FNDA:0,(anonymous_34)
FNDA:0,(anonymous_35)
DA:45,1
DA:46,0
DA:72,0
DA:73,0
DA:74,0
DA:75,0
DA:77,0
DA:78,0
DA:79,0
DA:80,0
DA:82,0
DA:83,0
DA:84,0
DA:86,0
DA:90,0
DA:92,0
DA:94,0
DA:109,0
DA:114,0
DA:123,0
DA:124,0
DA:125,0
DA:126,0
DA:127,0
DA:132,0
DA:133,0
DA:134,0
DA:137,0
DA:149,0
DA:150,0
DA:152,0
DA:153,0
DA:154,0
DA:155,0
DA:158,0
DA:163,0
DA:164,0
DA:165,0
DA:167,0
DA:170,0
DA:178,0
DA:180,0
DA:181,0
DA:183,0
DA:184,0
DA:185,0
DA:187,0
DA:188,0
DA:189,0
DA:194,0
DA:195,0
DA:196,0
DA:197,0
DA:199,0
DA:204,0
DA:207,0
DA:209,0
DA:210,0
DA:211,0
DA:212,0
DA:214,0
DA:215,0
DA:216,0
DA:221,0
DA:224,0
DA:225,0
DA:227,0
DA:228,0
DA:229,0
DA:234,0
DA:235,0
DA:236,0
DA:239,0
DA:240,0
DA:246,0
DA:247,0
DA:249,0
DA:251,0
DA:254,0
DA:255,0
DA:256,0
DA:259,0
DA:260,0
DA:263,0
DA:264,0
DA:265,0
DA:270,0
DA:271,0
DA:273,0
DA:274,0
DA:275,0
DA:276,0
DA:279,0
DA:287,0
DA:289,0
DA:290,0
DA:294,0
DA:295,0
DA:302,0
DA:304,0
DA:311,0
DA:313,0
DA:314,0
DA:315,0
DA:316,0
DA:317,0
DA:328,0
DA:329,0
DA:330,0
DA:335,0
DA:337,0
DA:338,0
DA:355,0
DA:369,0
DA:413,0
DA:428,0
DA:429,0
DA:441,0
DA:481,0
DA:497,0
DA:498,0
DA:512,0
DA:522,0
LF:123
LH:1
BRDA:66,0,0,0
BRDA:67,1,0,0
BRDA:77,2,0,0
BRDA:77,2,1,0
BRDA:87,3,0,0
BRDA:87,3,1,0
BRDA:87,3,2,0
BRDA:125,4,0,0
BRDA:125,4,1,0
BRDA:127,5,0,0
BRDA:127,5,1,0
BRDA:128,6,0,0
BRDA:128,6,1,0
BRDA:128,6,2,0
BRDA:133,7,0,0
BRDA:133,7,1,0
BRDA:152,8,0,0
BRDA:152,8,1,0
BRDA:154,9,0,0
BRDA:154,9,1,0
BRDA:164,10,0,0
BRDA:164,10,1,0
BRDA:164,11,0,0
BRDA:164,11,1,0
BRDA:171,12,0,0
BRDA:171,12,1,0
BRDA:172,13,0,0
BRDA:172,13,1,0
BRDA:181,14,0,0
BRDA:181,14,1,0
BRDA:187,15,0,0
BRDA:187,15,1,0
BRDA:195,16,0,0
BRDA:195,16,1,0
BRDA:195,17,0,0
BRDA:195,17,1,0
BRDA:209,18,0,0
BRDA:209,18,1,0
BRDA:209,19,0,0
BRDA:209,19,1,0
BRDA:211,20,0,0
BRDA:211,20,1,0
BRDA:214,21,0,0
BRDA:214,21,1,0
BRDA:215,22,0,0
BRDA:215,22,1,0
BRDA:228,23,0,0
BRDA:228,23,1,0
BRDA:240,24,0,0
BRDA:240,24,1,0
BRDA:241,25,0,0
BRDA:241,25,1,0
BRDA:241,25,2,0
BRDA:241,25,3,0
BRDA:275,26,0,0
BRDA:275,26,1,0
BRDA:302,27,0,0
BRDA:302,27,1,0
BRDA:302,27,2,0
BRDA:308,28,0,0
BRDA:308,28,1,0
BRDA:315,29,0,0
BRDA:315,29,1,0
BRDA:315,30,0,0
BRDA:315,30,1,0
BRDA:329,31,0,0
BRDA:329,31,1,0
BRDA:329,32,0,0
BRDA:329,32,1,0
BRDA:330,33,0,0
BRDA:330,33,1,0
BRDA:337,34,0,0
BRDA:337,34,1,0
BRDA:345,35,0,0
BRDA:345,35,1,0
BRDA:377,36,0,0
BRDA:377,36,1,0
BRDA:404,37,0,0
BRDA:404,37,1,0
BRDA:410,38,0,0
BRDA:410,38,1,0
BRDA:411,39,0,0
BRDA:411,39,1,0
BRDA:414,40,0,0
BRDA:414,40,1,0
BRDA:416,41,0,0
BRDA:416,41,1,0
BRDA:421,42,0,0
BRDA:421,42,1,0
BRDA:421,43,0,0
BRDA:421,43,1,0
BRDA:439,44,0,0
BRDA:439,44,1,0
BRDA:439,45,0,0
BRDA:439,45,1,0
BRDA:446,46,0,0
BRDA:446,46,1,0
BRDA:451,47,0,0
BRDA:451,47,1,0
BRDA:461,48,0,0
BRDA:461,48,1,0
BRDA:473,49,0,0
BRDA:473,49,1,0
BRDA:473,49,2,0
BRDA:475,50,0,0
BRDA:475,50,1,0
BRDA:475,50,2,0
BRDA:478,51,0,0
BRDA:478,51,1,0
BRDA:478,51,2,0
BRDA:488,52,0,0
BRDA:488,52,1,0
BRDA:494,53,0,0
BRDA:494,53,1,0
BRDA:502,54,0,0
BRDA:502,54,1,0
BRDA:508,55,0,0
BRDA:508,55,1,0
BRDA:508,55,2,0
BRDA:508,55,3,0
BRDA:514,56,0,0
BRDA:514,56,1,0
BRF:122
BRH:0
end_of_record
TN:
SF:src\components\ChatInput.tsx
FN:99,ChatInput
FN:154,(anonymous_1)
FN:159,(anonymous_2)
FN:174,(anonymous_3)
FN:182,(anonymous_4)
FN:191,(anonymous_5)
FN:192,(anonymous_6)
FN:204,(anonymous_7)
FN:214,(anonymous_8)
FN:264,(anonymous_9)
FN:289,(anonymous_10)
FN:296,(anonymous_11)
FN:309,(anonymous_12)
FN:319,(anonymous_13)
FN:324,(anonymous_14)
FN:346,(anonymous_15)
FN:350,(anonymous_16)
FN:352,(anonymous_17)
FN:352,(anonymous_18)
FN:355,(anonymous_19)
FN:360,(anonymous_20)
FN:361,(anonymous_21)
FN:361,(anonymous_22)
FN:364,(anonymous_23)
FN:371,(anonymous_24)
FN:384,(anonymous_25)
FN:386,(anonymous_26)
FN:393,(anonymous_27)
FN:408,(anonymous_28)
FN:418,(anonymous_29)
FN:421,(anonymous_30)
FN:450,(anonymous_31)
FN:456,(anonymous_32)
FN:470,(anonymous_33)
FN:485,(anonymous_34)
FN:495,(anonymous_35)
FN:496,(anonymous_36)
FN:500,(anonymous_37)
FN:513,(anonymous_38)
FN:520,(anonymous_39)
FN:521,(anonymous_40)
FN:537,(anonymous_41)
FN:544,(anonymous_42)
FN:550,(anonymous_43)
FN:560,(anonymous_44)
FN:571,(anonymous_45)
FN:578,(anonymous_46)
FN:585,(anonymous_47)
FN:600,(anonymous_48)
FN:602,(anonymous_49)
FN:603,(anonymous_50)
FN:613,(anonymous_51)
FN:616,(anonymous_52)
FN:617,(anonymous_53)
FN:627,(anonymous_54)
FN:633,(anonymous_55)
FN:635,(anonymous_56)
FN:636,(anonymous_57)
FN:647,(anonymous_58)
FN:659,(anonymous_59)
FN:661,(anonymous_60)
FN:668,(anonymous_61)
FN:679,(anonymous_62)
FN:680,(anonymous_63)
FN:680,(anonymous_64)
FN:705,(anonymous_65)
FN:709,(anonymous_66)
FN:710,(anonymous_67)
FN:716,(anonymous_68)
FN:718,(anonymous_69)
FN:719,(anonymous_70)
FN:730,(anonymous_71)
FN:734,(anonymous_72)
FN:735,(anonymous_73)
FN:741,(anonymous_74)
FN:745,(anonymous_75)
FN:749,(anonymous_76)
FN:827,(anonymous_77)
FN:852,(anonymous_78)
FN:864,(anonymous_79)
FN:884,(anonymous_80)
FN:894,(anonymous_81)
FN:895,(anonymous_82)
FN:932,(anonymous_83)
FN:938,(anonymous_84)
FN:946,(anonymous_85)
FN:959,(anonymous_86)
FN:993,(anonymous_87)
FN:1011,(anonymous_88)
FN:1016,(anonymous_89)
FN:1035,(anonymous_90)
FN:1046,(anonymous_91)
FN:1050,(anonymous_92)
FN:1051,(anonymous_93)
FN:1059,(anonymous_94)
FN:1060,(anonymous_95)
FN:1061,(anonymous_96)
FN:1084,(anonymous_97)
FN:1094,(anonymous_98)
FN:1098,(anonymous_99)
FN:1109,(anonymous_100)
FN:1110,(anonymous_101)
FN:1111,(anonymous_102)
FN:1121,(anonymous_103)
FN:1132,(anonymous_104)
FN:1133,(anonymous_105)
FN:1133,(anonymous_106)
FN:1136,(anonymous_107)
FN:1142,(anonymous_108)
FN:1146,(anonymous_109)
FN:1147,(anonymous_110)
FN:1148,(anonymous_111)
FN:1152,(anonymous_112)
FN:1153,(anonymous_113)
FN:1162,(anonymous_114)
FN:1162,(anonymous_115)
FN:1167,(anonymous_116)
FN:1172,(anonymous_117)
FN:1179,(anonymous_118)
FN:1240,(anonymous_119)
FN:1241,(anonymous_120)
FN:1268,(anonymous_121)
FN:1305,(anonymous_122)
FN:1404,(anonymous_123)
FN:1429,(anonymous_124)
FN:1442,(anonymous_125)
FN:1485,(anonymous_126)
FN:1505,(anonymous_127)
FN:1511,(anonymous_128)
FN:1512,(anonymous_129)
FN:1566,(anonymous_130)
FN:1594,(anonymous_131)
FN:1612,(anonymous_132)
FN:1620,(anonymous_133)
FN:1620,(anonymous_134)
FN:1625,(anonymous_135)
FN:1626,(anonymous_136)
FN:1634,(anonymous_137)
FN:1642,(anonymous_138)
FNF:139
FNH:0
FNDA:0,ChatInput
FNDA:0,(anonymous_1)
FNDA:0,(anonymous_2)
FNDA:0,(anonymous_3)
FNDA:0,(anonymous_4)
FNDA:0,(anonymous_5)
FNDA:0,(anonymous_6)
FNDA:0,(anonymous_7)
FNDA:0,(anonymous_8)
FNDA:0,(anonymous_9)
FNDA:0,(anonymous_10)
FNDA:0,(anonymous_11)
FNDA:0,(anonymous_12)
FNDA:0,(anonymous_13)
FNDA:0,(anonymous_14)
FNDA:0,(anonymous_15)
FNDA:0,(anonymous_16)
FNDA:0,(anonymous_17)
FNDA:0,(anonymous_18)
FNDA:0,(anonymous_19)
FNDA:0,(anonymous_20)
FNDA:0,(anonymous_21)
FNDA:0,(anonymous_22)
FNDA:0,(anonymous_23)
FNDA:0,(anonymous_24)
FNDA:0,(anonymous_25)
FNDA:0,(anonymous_26)
FNDA:0,(anonymous_27)
FNDA:0,(anonymous_28)
FNDA:0,(anonymous_29)
FNDA:0,(anonymous_30)
FNDA:0,(anonymous_31)
FNDA:0,(anonymous_32)
FNDA:0,(anonymous_33)
FNDA:0,(anonymous_34)
[...]
BRDA:40,5,1,0
BRF:12
BRH:0
end_of_record
TN:
SF:src\utils\dateUtils.ts
FN:9,groupSessionsByDate
FN:18,(anonymous_1)
FN:65,(anonymous_2)
FNF:3
FNH:0
FNDA:0,groupSessionsByDate
FNDA:0,(anonymous_1)
FNDA:0,(anonymous_2)
DA:10,0
DA:11,0
DA:13,0
DA:14,0
DA:16,0
DA:18,0
DA:19,0
DA:20,0
DA:21,0
DA:26,0
DA:27,0
DA:28,0
DA:29,0
DA:30,0
DA:31,0
DA:34,0
DA:35,0
DA:37,0
DA:38,0
DA:44,0
DA:50,0
DA:53,0
DA:54,0
DA:61,0
DA:65,0
LF:25
LH:0
BRDA:26,0,0,0
BRDA:26,0,1,0
BRDA:29,1,0,0
BRDA:29,1,1,0
BRDA:37,2,0,0
BRDA:37,2,1,0
BRDA:53,3,0,0
BRDA:53,3,1,0
BRF:8
BRH:0
end_of_record
TN:
SF:src\utils\eventAudit.ts
FN:11,guardEventHandler
FN:19,(anonymous_1)
FN:23,(anonymous_2)
FNF:3
FNH:2
FNDA:1079,guardEventHandler
FNDA:13,(anonymous_1)
FNDA:0,(anonymous_2)
DA:15,1079
DA:16,0
DA:19,1079
DA:20,13
DA:21,13
DA:22,13
DA:23,4
DA:24,0
DA:25,0
DA:33,0
DA:34,0
LF:11
LH:6
BRDA:15,0,0,0
BRDA:15,0,1,1079
BRDA:22,1,0,4
BRDA:22,1,1,9
BRDA:22,2,0,13
BRDA:22,2,1,4
BRDA:27,3,0,0
BRDA:27,3,1,0
BRDA:28,4,0,0
BRDA:28,4,1,0
BRDA:36,5,0,0
BRDA:36,5,1,0
BRDA:37,6,0,0
BRDA:37,6,1,0
BRF:14
BRH:5
end_of_record
TN:
SF:src\utils\extensionErrorUtils.ts
FN:13,createExtensionRecoverHints
FN:28,formatExtensionErrorMessage
FN:40,showExtensionLoadResults
FN:45,(anonymous_3)
FN:62,(anonymous_4)
FNF:5
FNH:1
FNDA:0,createExtensionRecoverHints
FNDA:2,formatExtensionErrorMessage
FNDA:0,showExtensionLoadResults
FNDA:0,(anonymous_3)
FNDA:0,(anonymous_4)
DA:8,5
DA:14,0
DA:32,2
DA:41,0
DA:42,0
DA:45,0
DA:47,0
DA:48,0
DA:49,0
DA:50,0
DA:51,0
DA:53,0
DA:59,0
DA:62,0
DA:63,0
DA:64,0
DA:72,0
LF:17
LH:2
BRDA:30,0,0,2
BRDA:32,1,0,2
BRDA:32,1,1,0
BRDA:41,2,0,0
BRDA:41,2,1,0
BRDA:41,3,0,0
BRDA:41,3,1,0
BRDA:47,4,0,0
BRDA:47,4,1,0
BRDA:47,5,0,0
BRDA:47,5,1,0
BRDA:49,6,0,0
BRDA:49,6,1,0
BRDA:63,7,0,0
BRDA:63,7,1,0
BRDA:66,8,0,0
BRDA:66,8,1,0
BRDA:67,9,0,0
BRDA:67,9,1,0
BRDA:68,10,0,0
BRDA:68,10,1,0
BRF:21
BRH:2
end_of_record
TN:
SF:src\utils\githubUpdater.ts
FN:34,(anonymous_0)
FN:44,(anonymous_1)
FN:119,(anonymous_2)
FN:121,(anonymous_3)
FN:160,(anonymous_4)
FN:252,(anonymous_5)
FNF:6
FNH:0
FNDA:0,(anonymous_0)
FNDA:0,(anonymous_1)
FNDA:0,(anonymous_2)
FNDA:0,(anonymous_3)
FNDA:0,(anonymous_4)
FNDA:0,(anonymous_5)
DA:30,0
DA:31,0
DA:32,0
DA:35,0
DA:36,0
DA:37,0
DA:38,0
DA:39,0
DA:40,0
DA:42,0
DA:43,0
DA:44,0
DA:45,0
DA:46,0
DA:49,0
DA:57,0
DA:58,0
DA:59,0
DA:63,0
DA:64,0
DA:65,0
DA:66,0
DA:69,0
DA:73,0
DA:74,0
DA:75,0
DA:77,0
DA:78,0
DA:80,0
DA:85,0
DA:86,0
DA:88,0
DA:89,0
DA:96,0
DA:97,0
DA:101,0
DA:103,0
DA:105,0
DA:106,0
DA:108,0
DA:110,0
DA:112,0
DA:115,0
DA:118,0
DA:119,0
DA:121,0
DA:122,0
DA:123,0
DA:124,0
DA:125,0
DA:127,0
DA:130,0
DA:131,0
DA:136,0
DA:143,0
DA:144,0
DA:153,0
DA:165,0
DA:166,0
DA:167,0
DA:168,0
DA:169,0
DA:170,0
DA:172,0
DA:173,0
DA:174,0
DA:175,0
DA:179,0
DA:180,0
DA:184,0
DA:185,0
DA:186,0
DA:190,0
DA:191,0
DA:193,0
DA:194,0
DA:197,0
DA:198,0
DA:199,0
DA:200,0
DA:201,0
DA:203,0
DA:204,0
DA:205,0
DA:207,0
DA:208,0
DA:211,0
DA:212,0
DA:215,0
DA:216,0
DA:217,0
DA:220,0
DA:221,0
DA:222,0
DA:223,0
DA:226,0
DA:232,0
DA:233,0
DA:234,0
DA:237,0
DA:238,0
DA:239,0
DA:243,0
DA:244,0
DA:245,0
DA:250,0
DA:252,0
DA:253,0
DA:256,0
DA:257,0
DA:258,0
DA:260,0
DA:261,0
DA:263,0
DA:264,0
DA:265,0
DA:268,0
DA:270,0
DA:271,0
DA:272,0
DA:273,0
DA:278,0
DA:287,0
LF:123
LH:0
BRDA:30,0,0,0
BRDA:30,0,1,0
BRDA:31,1,0,0
BRDA:31,1,1,0
BRDA:63,2,0,0
BRDA:63,2,1,0
BRDA:88,3,0,0
BRDA:88,3,1,0
BRDA:103,4,0,0
BRDA:103,4,1,0
BRDA:105,5,0,0
BRDA:105,5,1,0
BRDA:110,6,0,0
BRDA:110,6,1,0
BRDA:122,7,0,0
BRDA:122,7,1,0
BRDA:130,8,0,0
BRDA:130,8,1,0
BRDA:146,9,0,0
BRDA:146,9,1,0
BRDA:147,10,0,0
BRDA:147,10,1,0
BRDA:149,11,0,0
BRDA:149,11,1,0
BRDA:149,12,0,0
BRDA:149,12,1,0
BRDA:179,13,0,0
BRDA:179,13,1,0
BRDA:185,14,0,0
BRDA:185,14,1,0
BRDA:190,15,0,0
BRDA:190,15,1,0
BRDA:205,16,0,0
BRDA:205,16,1,0
BRDA:211,17,0,0
BRDA:211,17,1,0
BRDA:211,18,0,0
BRDA:211,18,1,0
BRDA:215,19,0,0
BRDA:215,19,1,0
BRDA:220,20,0,0
BRDA:220,20,1,0
BRDA:220,21,0,0
BRDA:220,21,1,0
BRDA:233,22,0,0
BRDA:233,22,1,0
BRDA:238,23,0,0
BRDA:238,23,1,0
BRDA:275,24,0,0
BRDA:275,24,1,0
BRDA:276,25,0,0
BRDA:276,25,1,0
BRF:52
BRH:0
end_of_record
TN:
SF:src\utils\htmlSecurity.ts
FN:13,containsHTML
FN:34,wrapHTMLInCodeBlock
FN:38,(anonymous_2)
FNF:3
FNH:3
FNDA:159,containsHTML
FNDA:40,wrapHTMLInCodeBlock
FNDA:140,(anonymous_2)
DA:15,159
DA:18,159
DA:19,159
DA:23,159
DA:24,159
DA:26,159
DA:35,40
DA:36,40
DA:38,40
DA:40,140
DA:41,13
DA:42,13
DA:46,127
DA:47,9
DA:51,118
DA:52,13
DA:55,105
DA:58,40
LF:18
LH:18
BRDA:26,0,0,159
BRDA:26,0,1,154
BRDA:40,1,0,13
BRDA:40,1,1,127
BRDA:46,2,0,9
BRDA:46,2,1,118
BRDA:51,3,0,13
BRDA:51,3,1,105
BRF:8
BRH:8
end_of_record
TN:
SF:src\utils\interruptionDetector.ts
FN:56,detectInterruption
FN:116,isInterruptionCommand
FN:124,getInterruptionMessage
FNF:3
FNH:3
FNDA:30,detectInterruption
FNDA:8,isInterruptionCommand
FNDA:4,getInterruptionMessage
DA:13,2
DA:57,30
DA:58,1
DA:61,29
DA:64,29
DA:65,118
DA:66,652
DA:67,8
DA:78,21
DA:79,90
DA:80,502
DA:84,5
DA:95,16
DA:96,13
DA:97,44
DA:98,226
DA:99,7
DA:110,9
DA:117,8
DA:118,8
DA:125,4
DA:127,1
DA:129,1
DA:131,1
DA:133,1
LF:25
LH:25
BRDA:57,0,0,1
BRDA:57,0,1,29
BRDA:57,1,0,30
BRDA:57,1,1,29
BRDA:66,2,0,8
BRDA:66,2,1,644
BRDA:80,3,0,5
BRDA:80,3,1,497
BRDA:81,4,0,502
BRDA:81,4,1,499
BRDA:95,5,0,13
BRDA:95,5,1,3
BRDA:98,6,0,7
BRDA:98,6,1,219
BRDA:118,7,0,8
BRDA:118,7,1,3
BRDA:125,8,0,1
BRDA:125,8,1,1
BRDA:125,8,2,1
BRDA:125,8,3,1
BRF:20
BRH:20
end_of_record
TN:
SF:src\utils\keyboardShortcuts.ts
FN:1,isMac
FN:5,getNavigationShortcutText
FN:9,getSearchShortcutText
FNF:3
FNH:0
FNDA:0,isMac
FNDA:0,getNavigationShortcutText
FNDA:0,getSearchShortcutText
DA:2,0
DA:6,0
DA:10,0
LF:3
LH:0
BRDA:6,0,0,0
BRDA:6,0,1,0
BRDA:10,1,0,0
BRDA:10,1,1,0
BRF:4
BRH:0
end_of_record
TN:
SF:src\utils\localMessageStorage.ts
FN:11,(anonymous_0)
FN:22,(anonymous_1)
FN:37,(anonymous_2)
FN:45,(anonymous_3)
FN:67,(anonymous_4)
FN:69,(anonymous_5)
FN:73,(anonymous_6)
FNF:7
FNH:5
FNDA:1,(anonymous_0)
FNDA:0,(anonymous_1)
FNDA:1,(anonymous_2)
FNDA:1,(anonymous_3)
FNDA:1,(anonymous_4)
FNDA:0,(anonymous_5)
FNDA:1,(anonymous_6)
DA:6,1
DA:7,1
DA:8,1
DA:12,0
DA:13,0
DA:14,0
DA:16,0
DA:17,0
DA:18,0
DA:21,0
DA:22,0
DA:26,0
DA:27,0
DA:30,0
DA:32,0
DA:33,0
DA:38,0
DA:39,0
DA:41,0
DA:46,0
DA:48,0
DA:49,0
DA:52,0
DA:53,0
DA:56,0
DA:62,0
DA:64,0
DA:68,0
DA:69,0
DA:74,0
LF:30
LH:3
BRDA:14,0,0,0
BRDA:14,0,1,0
BRDA:26,1,0,0
BRDA:26,1,1,0
BRDA:46,2,0,0
BRDA:46,2,1,0
BRDA:52,3,0,0
BRDA:52,3,1,0
BRDA:52,4,0,0
BRDA:52,4,1,0
BRF:10
BRH:0
end_of_record
TN:
SF:src\utils\logger.ts
FN:5,(anonymous_0)
FNF:1
FNH:0
FNDA:0,(anonymous_0)
DA:5,0
DA:6,0
DA:9,0
DA:10,0
LF:4
LH:0
BRDA:9,0,0,0
BRDA:9,0,1,0
BRDA:10,1,0,0
BRDA:10,1,1,0
BRF:4
BRH:0
end_of_record
TN:
SF:src\utils\navigationUtils.ts
FN:39,(anonymous_0)
FN:40,(anonymous_1)
FNF:2
FNH:1
FNDA:18,(anonymous_0)
FNDA:0,(anonymous_1)
DA:39,5
DA:40,18
DA:41,0
DA:43,0
DA:44,0
DA:50,0
DA:51,0
DA:52,0
DA:54,0
DA:55,0
DA:56,0
DA:59,0
DA:60,0
DA:62,0
DA:63,0
DA:65,0
DA:66,0
DA:68,0
DA:69,0
DA:71,0
DA:72,0
DA:74,0
DA:75,0
DA:77,0
DA:78,0
DA:81,0
DA:82,0
DA:84,0
DA:85,0
DA:87,0
LF:30
LH:2
BRDA:41,0,0,0
BRDA:41,0,1,0
BRDA:41,0,2,0
BRDA:41,0,3,0
BRDA:41,0,4,0
BRDA:41,0,5,0
BRDA:41,0,6,0
BRDA:41,0,7,0
BRDA:41,0,8,0
BRDA:41,0,9,0
BRDA:41,0,10,0
BRDA:41,0,11,0
BRDA:51,1,0,0
BRDA:51,1,1,0
BRDA:54,2,0,0
BRDA:54,2,1,0
BRF:16
BRH:0
end_of_record
TN:
SF:src\utils\ollamaDetection.ts
FN:30,checkOllamaStatus
FN:34,(anonymous_1)
FN:65,getOllamaDownloadUrl
FN:72,getPreferredModel
FN:79,getOllamaModels
FN:82,(anonymous_5)
FN:111,hasModel
FN:113,(anonymous_7)
FN:119,pullOllamaModel
FN:153,(anonymous_9)
FN:181,pollForOllama
FN:188,(anonymous_11)
FN:198,(anonymous_12)
FNF:13
FNH:12
FNDA:7,checkOllamaStatus
FNDA:1,(anonymous_1)
FNDA:1,getOllamaDownloadUrl
FNDA:1,getPreferredModel
FNDA:5,getOllamaModels
FNDA:0,(anonymous_5)
FNDA:2,hasModel
FNDA:3,(anonymous_7)
FNDA:2,pullOllamaModel
FNDA:6,(anonymous_9)
FNDA:2,pollForOllama
FNDA:4,(anonymous_11)
FNDA:3,(anonymous_12)
DA:3,1
DA:4,1
DA:5,1
DA:31,7
DA:33,7
DA:34,7
DA:36,7
DA:38,7
DA:43,2
DA:45,2
DA:50,5
DA:51,5
DA:54,5
DA:66,1
DA:73,1
DA:80,5
DA:81,5
DA:82,5
DA:84,5
DA:85,5
DA:90,4
DA:92,4
DA:93,1
DA:96,3
DA:97,3
DA:99,2
DA:100,2
DA:103,2
DA:104,2
DA:112,2
DA:113,3
DA:123,2
DA:124,2
DA:135,2
DA:136,1
DA:139,1
DA:140,2
DA:141,0
DA:144,1
DA:145,1
DA:147,1
DA:148,4
DA:149,4
DA:151,4
DA:152,3
DA:153,6
DA:155,3
DA:156,3
DA:157,3
DA:158,3
DA:159,3
DA:168,1
DA:170,1
DA:171,1
DA:185,2
DA:186,2
DA:188,2
DA:189,4
DA:191,4
DA:192,4
DA:193,1
DA:194,1
DA:198,2
DA:199,3
DA:200,3
DA:201,2
DA:202,2
DA:207,2
DA:210,2
DA:212,2
LF:70
LH:69
BRDA:92,0,0,1
BRDA:92,0,1,3
BRDA:97,1,0,3
BRDA:97,1,1,0
BRDA:135,2,0,1
BRDA:135,2,1,1
BRDA:140,3,0,0
BRDA:140,3,1,2
BRDA:151,4,0,3
BRDA:151,4,1,1
BRDA:158,5,0,3
BRDA:158,5,1,0
BRDA:183,6,0,2
BRDA:189,7,0,0
BRDA:189,7,1,4
BRDA:192,8,0,1
BRDA:192,8,1,3
BRDA:200,9,0,2
BRDA:200,9,1,1
BRF:19
BRH:15
end_of_record
TN:
SF:src\utils\openRouterSetup.ts
FN:8,startOpenRouterSetup
FNF:1
FNH:0
FNDA:0,startOpenRouterSetup
DA:9,0
DA:10,0
DA:12,0
LF:3
LH:0
BRF:0
BRH:0
end_of_record
TN:
SF:src\utils\pathUtils.ts
FN:9,expandTilde
FNF:1
FNH:0
FNDA:0,expandTilde
DA:10,0
DA:12,0
DA:13,0
DA:15,0
DA:17,0
DA:18,0
DA:20,0
DA:22,0
DA:24,0
LF:9
LH:0
BRDA:10,0,0,0
BRDA:10,0,1,0
BRDA:10,1,0,0
BRDA:10,1,1,0
BRDA:12,2,0,0
BRDA:12,2,1,0
BRDA:15,3,0,0
BRDA:15,3,1,0
BRDA:15,4,0,0
BRDA:15,4,1,0
BRDA:15,4,2,0
BRDA:20,5,0,0
BRDA:20,5,1,0
BRF:13
BRH:0
end_of_record
TN:
SF:src\utils\platform_events.ts
FN:16,handleAppsEvent
FN:31,(anonymous_1)
FN:36,(anonymous_2)
FN:44,(anonymous_3)
FN:52,(anonymous_4)
FN:67,maybeHandlePlatformEvent
FN:80,registerPlatformEventHandlers
FN:81,(anonymous_7)
FN:87,(anonymous_8)
FN:94,(anonymous_9)
FNF:10
FNH:2
FNDA:0,handleAppsEvent
FNDA:0,(anonymous_1)
FNDA:0,(anonymous_2)
FNDA:0,(anonymous_3)
FNDA:0,(anonymous_4)
FNDA:0,maybeHandlePlatformEvent
FNDA:4,registerPlatformEventHandlers
FNDA:0,(anonymous_7)
FNDA:0,(anonymous_8)
FNDA:4,(anonymous_9)
DA:17,0
DA:19,0
DA:20,0
DA:21,0
DA:24,0
DA:29,0
DA:31,0
DA:33,0
DA:35,0
DA:36,0
DA:37,0
DA:40,0
DA:43,0
DA:44,0
DA:45,0
DA:48,0
DA:51,0
DA:52,0
DA:53,0
DA:56,0
DA:59,0
DA:63,1
DA:68,0
DA:69,0
DA:70,0
DA:71,0
DA:81,4
DA:82,0
DA:83,0
DA:85,0
DA:86,0
DA:87,0
DA:88,0
DA:93,4
DA:94,4
LF:35
LH:4
BRDA:19,0,0,0
BRDA:19,0,1,0
BRDA:29,1,0,0
BRDA:29,1,1,0
BRDA:33,2,0,0
BRDA:33,2,1,0
BRDA:33,2,2,0
BRDA:33,2,3,0
BRDA:35,3,0,0
BRDA:35,3,1,0
BRDA:43,4,0,0
BRDA:43,4,1,0
BRDA:51,5,0,0
BRDA:51,5,1,0
BRDA:68,6,0,0
BRDA:68,6,1,0
BRDA:68,7,0,0
BRDA:68,7,1,0
BRDA:68,7,2,0
BRDA:70,8,0,0
BRDA:70,8,1,0
BRDA:70,9,0,0
BRDA:70,9,1,0
BRDA:86,10,0,0
BRDA:86,10,1,0
BRF:25
BRH:0
end_of_record
TN:
SF:src\utils\pricing.ts
FN:6,fetchModelPricing
FNF:1
FNH:0
FNDA:0,fetchModelPricing
DA:10,0
DA:11,0
DA:16,0
DA:17,0
DA:20,0
DA:22,0
LF:6
LH:0
BRDA:16,0,0,0
BRDA:16,0,1,0
BRDA:20,1,0,0
BRDA:20,1,1,0
BRF:4
BRH:0
end_of_record
TN:
SF:src\utils\providerUtils.ts
FN:9,(anonymous_0)
FN:21,(anonymous_1)
FNF:2
FNH:1
FNDA:17,(anonymous_0)
FNDA:0,(anonymous_1)
DA:9,1
DA:10,17
DA:12,17
DA:14,25
DA:15,25
DA:18,17
DA:21,1
DA:32,0
DA:33,0
DA:41,0
DA:50,0
DA:51,0
DA:53,0
DA:60,0
DA:61,0
DA:62,0
DA:66,0
DA:68,0
DA:69,0
DA:71,0
DA:74,0
DA:75,0
LF:22
LH:7
BRDA:50,0,0,0
BRDA:50,0,1,0
BRDA:60,1,0,0
BRDA:60,1,1,0
BRDA:60,2,0,0
BRDA:60,2,1,0
BRDA:68,3,0,0
BRDA:68,3,1,0
BRF:8
BRH:0
end_of_record
TN:
SF:src\utils\recentDirs.ts
FN:12,loadRecentDirs
FN:19,(anonymous_1)
FN:53,addRecentDir
FN:76,(anonymous_3)
FNF:4
FNH:0
FNDA:0,loadRecentDirs
FNDA:0,(anonymous_1)
FNDA:0,addRecentDir
FNDA:0,(anonymous_3)
DA:5,0
DA:6,0
DA:13,0
DA:14,0
DA:15,0
DA:16,0
DA:19,0
DA:20,0
DA:22,0
DA:25,0
DA:26,0
DA:29,0
DA:32,0
DA:35,0
DA:36,0
DA:41,0
DA:42,0
DA:45,0
DA:48,0
DA:50,0
DA:54,0
DA:56,0
DA:57,0
DA:60,0
DA:61,0
DA:62,0
DA:65,0
DA:66,0
DA:67,0
DA:70,0
DA:71,0
DA:74,0
DA:76,0
DA:78,0
DA:80,0
DA:82,0
DA:84,0
LF:37
LH:0
BRDA:14,0,0,0
BRDA:14,0,1,0
BRDA:25,1,0,0
BRDA:25,1,1,0
BRDA:41,2,0,0
BRDA:41,2,1,0
BRDA:60,3,0,0
BRDA:60,3,1,0
BRDA:65,4,0,0
BRDA:65,4,1,0
BRF:10
BRH:0
end_of_record
TN:
SF:src\utils\recipeHash.ts
FN:6,calculateRecipeHash
FN:12,getRecipeHashesDir
FN:19,(anonymous_2)
FN:33,(anonymous_3)
FN:41,(anonymous_4)
FNF:5
FNH:0
FNDA:0,calculateRecipeHash
FNDA:0,getRecipeHashesDir
FNDA:0,(anonymous_2)
FNDA:0,(anonymous_3)
FNDA:0,(anonymous_4)
DA:7,0
DA:8,0
DA:9,0
DA:13,0
DA:14,0
DA:15,0
DA:16,0
DA:19,0
DA:20,0
DA:21,0
DA:22,0
DA:23,0
DA:24,0
DA:26,0
DA:27,0
DA:29,0
DA:33,0
DA:34,0
DA:35,0
DA:36,0
DA:37,0
DA:38,0
DA:41,0
DA:42,0
DA:43,0
DA:44,0
LF:26
LH:0
BRDA:26,0,0,0
BRDA:26,0,1,0
BRDA:26,1,0,0
BRDA:26,1,1,0
BRDA:26,1,2,0
BRDA:26,1,3,0
BRDA:43,2,0,0
BRDA:43,2,1,0
BRF:8
BRH:0
end_of_record
TN:
SF:src\utils\searchHighlighter.ts
FN:19,(anonymous_0)
FN:50,(anonymous_1)
FN:64,(anonymous_2)
FN:72,(anonymous_3)
FN:82,(anonymous_4)
FN:99,(anonymous_5)
FN:107,(anonymous_6)
FN:126,(anonymous_7)
FN:156,(anonymous_8)
FN:165,(anonymous_9)
FN:211,(anonymous_10)
FN:222,(anonymous_11)
FN:229,(anonymous_12)
FN:254,(anonymous_13)
FN:261,(anonymous_14)
FN:274,(anonymous_15)
FN:275,(anonymous_16)
FN:282,(anonymous_17)
FNF:18
FNH:0
FNDA:0,(anonymous_0)
FNDA:0,(anonymous_1)
FNDA:0,(anonymous_2)
FNDA:0,(anonymous_3)
FNDA:0,(anonymous_4)
FNDA:0,(anonymous_5)
FNDA:0,(anonymous_6)
FNDA:0,(anonymous_7)
FNDA:0,(anonymous_8)
FNDA:0,(anonymous_9)
FNDA:0,(anonymous_10)
FNDA:0,(anonymous_11)
FNDA:0,(anonymous_12)
FNDA:0,(anonymous_13)
FNDA:0,(anonymous_14)
FNDA:0,(anonymous_15)
FNDA:0,(anonymous_16)
FNDA:0,(anonymous_17)
DA:8,0
DA:11,0
DA:12,0
DA:13,0
DA:15,0
DA:16,0
DA:20,0
DA:21,0
DA:24,0
DA:25,0
DA:26,0
DA:37,0
DA:38,0
DA:43,0
DA:44,0
DA:45,0
DA:48,0
DA:51,0
DA:53,0
DA:59,0
DA:60,0
DA:64,0
DA:65,0
DA:66,0
DA:69,0
DA:72,0
DA:73,0
DA:74,0
DA:75,0
DA:77,0
DA:78,0
DA:81,0
DA:83,0
DA:87,0
DA:88,0
DA:90,0
DA:91,0
DA:94,0
DA:96,0
DA:97,0
DA:99,0
DA:100,0
DA:104,0
DA:109,0
DA:110,0
DA:112,0
DA:113,0
DA:114,0
DA:116,0
DA:118,0
DA:119,0
DA:125,0
DA:128,0
DA:129,0
DA:130,0
DA:132,0
DA:136,0
DA:140,0
DA:141,0
DA:145,0
DA:146,0
DA:147,0
DA:156,0
DA:157,0
DA:158,0
DA:160,0
DA:161,0
DA:162,0
DA:165,0
DA:166,0
DA:167,0
DA:170,0
DA:171,0
DA:172,0
DA:176,0
DA:177,0
DA:179,0
DA:187,0
DA:190,0
DA:191,0
DA:195,0
DA:196,0
DA:200,0
DA:201,0
DA:202,0
DA:205,0
DA:208,0
DA:212,0
DA:215,0
DA:219,0
DA:222,0
DA:223,0
DA:227,0
DA:228,0
DA:229,0
DA:230,0
DA:234,0
DA:235,0
DA:236,0
DA:238,0
DA:239,0
DA:243,0
DA:248,0
DA:251,0
DA:254,0
DA:255,0
DA:262,0
DA:263,0
DA:264,0
DA:265,0
DA:268,0
DA:269,0
DA:275,0
DA:276,0
DA:277,0
DA:278,0
DA:279,0
DA:283,0
DA:284,0
DA:286,0
DA:287,0
DA:288,0
LF:122
LH:0
BRDA:39,0,0,0
BRDA:39,0,1,0
BRDA:39,0,2,0
BRDA:43,1,0,0
BRDA:43,1,1,0
BRDA:51,2,0,0
BRDA:51,2,1,0
BRDA:65,3,0,0
BRDA:65,3,1,0
BRDA:75,4,0,0
BRDA:75,4,1,0
BRDA:75,5,0,0
BRDA:75,5,1,0
BRDA:77,6,0,0
BRDA:77,6,1,0
BRDA:77,7,0,0
BRDA:77,7,1,0
BRDA:83,8,0,0
BRDA:83,8,1,0
BRDA:83,8,2,0
BRDA:87,9,0,0
BRDA:87,9,1,0
BRDA:94,10,0,0
BRDA:94,10,1,0
BRDA:94,11,0,0
BRDA:94,11,1,0
BRDA:96,12,0,0
BRDA:96,12,1,0
BRDA:107,13,0,0
BRDA:116,14,0,0
BRDA:116,14,1,0
BRDA:121,15,0,0
BRDA:121,15,1,0
BRDA:129,16,0,0
BRDA:129,16,1,0
BRDA:141,17,0,0
BRDA:141,17,1,0
BRDA:170,18,0,0
BRDA:170,18,1,0
BRDA:171,19,0,0
BRDA:171,19,1,0
BRDA:172,20,0,0
BRDA:172,20,1,0
BRDA:195,21,0,0
BRDA:195,21,1,0
BRDA:200,22,0,0
BRDA:200,22,1,0
BRDA:200,23,0,0
BRDA:200,23,1,0
BRDA:202,24,0,0
BRDA:202,24,1,0
BRDA:211,25,0,0
BRDA:212,26,0,0
BRDA:212,26,1,0
BRDA:234,27,0,0
BRDA:234,27,1,0
BRDA:234,28,0,0
BRDA:234,28,1,0
BRDA:236,29,0,0
BRDA:236,29,1,0
BRDA:262,30,0,0
BRDA:262,30,1,0
BRDA:268,31,0,0
BRDA:268,31,1,0
BRDA:268,32,0,0
BRDA:268,32,1,0
BRDA:283,33,0,0
BRDA:283,33,1,0
BRF:68
BRH:0
end_of_record
TN:
SF:src\utils\sessionCache.ts
FN:26,loadSession
FN:35,(anonymous_1)
FN:52,(anonymous_2)
FN:79,clearSessionCache
FN:87,clearAllSessionCache
FN:97,isSessionCached
FN:108,getCachedSession
FN:118,preloadSession
FN:128,getCacheSize
FNF:9
FNH:0
FNDA:0,loadSession
FNDA:0,(anonymous_1)
FNDA:0,(anonymous_2)
FNDA:0,clearSessionCache
FNDA:0,clearAllSessionCache
FNDA:0,isSessionCached
FNDA:0,getCachedSession
FNDA:0,preloadSession
FNDA:0,getCacheSize
DA:9,0
DA:15,0
DA:27,0
DA:28,0
DA:31,0
DA:32,0
DA:35,0
DA:36,0
DA:37,0
DA:38,0
DA:40,0
DA:51,0
DA:52,0
DA:53,0
DA:56,0
DA:57,0
DA:59,0
DA:61,0
DA:65,0
DA:69,0
DA:70,0
DA:80,0
DA:88,0
DA:98,0
DA:109,0
DA:119,0
DA:129,0
LF:27
LH:0
BRDA:26,0,0,0
BRDA:27,1,0,0
BRDA:27,1,1,0
BRDA:27,2,0,0
BRDA:27,2,1,0
BRDA:31,3,0,0
BRDA:31,3,1,0
BRDA:51,4,0,0
BRDA:51,4,1,0
BRF:9
BRH:0
end_of_record
TN:
SF:src\utils\settings.ts
FN:47,getKeyboardShortcuts
FNF:1
FNH:0
FNDA:0,getKeyboardShortcuts
DA:34,1
DA:48,0
DA:49,0
DA:50,0
DA:52,0
DA:53,0
DA:54,0
DA:56,0
DA:60,0
DA:66,0
LF:10
LH:1
BRDA:48,0,0,0
BRDA:48,0,1,0
BRDA:48,1,0,0
BRDA:48,1,1,0
BRDA:52,2,0,0
BRDA:52,2,1,0
BRDA:53,3,0,0
BRDA:53,3,1,0
BRDA:66,4,0,0
BRDA:66,4,1,0
BRF:10
BRH:0
end_of_record
TN:
SF:src\utils\tetrateSetup.ts
FN:8,startTetrateSetup
FNF:1
FNH:0
FNDA:0,startTetrateSetup
DA:9,0
DA:10,0
DA:12,0
LF:3
LH:0
BRF:0
BRH:0
end_of_record
TN:
SF:src\utils\timeUtils.ts
FN:1,formatMessageTimestamp
FNF:1
FNH:0
FNDA:0,formatMessageTimestamp
DA:2,0
DA:3,0
DA:6,0
DA:13,0
DA:18,0
DA:22,0
DA:28,0
LF:7
LH:0
BRDA:2,0,0,0
BRDA:2,0,1,0
BRDA:13,1,0,0
BRDA:13,1,1,0
BRDA:14,2,0,0
BRDA:14,2,1,0
BRDA:14,2,2,0
BRF:7
BRH:0
end_of_record
TN:
SF:src\utils\toolCallChaining.ts
FN:4,identifyConsecutiveToolCalls
FN:50,shouldHideTimestamp
FN:60,isInChain
FN:61,(anonymous_3)
FNF:4
FNH:0
FNDA:0,identifyConsecutiveToolCalls
FNDA:0,shouldHideTimestamp
FNDA:0,isInChain
FNDA:0,(anonymous_3)
DA:5,0
DA:6,0
DA:8,0
DA:9,0
DA:10,0
DA:11,0
DA:12,0
DA:13,0
DA:15,0
DA:16,0
DA:19,0
DA:20,0
DA:21,0
DA:22,0
DA:23,0
DA:26,0
DA:28,0
DA:30,0
DA:31,0
DA:32,0
DA:34,0
DA:36,0
DA:37,0
DA:39,0
DA:43,0
DA:44,0
DA:47,0
DA:51,0
DA:52,0
DA:54,0
DA:57,0
DA:61,0
LF:32
LH:0
BRDA:15,0,0,0
BRDA:15,0,1,0
BRDA:15,1,0,0
BRDA:15,1,1,0
BRDA:19,2,0,0
BRDA:19,2,1,0
BRDA:20,3,0,0
BRDA:20,3,1,0
BRDA:21,4,0,0
BRDA:21,4,1,0
BRDA:22,5,0,0
BRDA:22,5,1,0
BRDA:30,6,0,0
BRDA:30,6,1,0
BRDA:31,7,0,0
BRDA:31,7,1,0
BRDA:36,8,0,0
BRDA:36,8,1,0
BRDA:43,9,0,0
BRDA:43,9,1,0
BRDA:52,10,0,0
BRDA:52,10,1,0
BRF:22
BRH:0
end_of_record
TN:
SF:src\utils\toolIconMapping.tsx
FN:30,(anonymous_0)
FN:93,(anonymous_1)
FN:111,(anonymous_2)
FN:121,(anonymous_3)
FN:132,(anonymous_4)
FNF:5
FNH:0
FNDA:0,(anonymous_0)
FNDA:0,(anonymous_1)
FNDA:0,(anonymous_2)
FNDA:0,(anonymous_3)
FNDA:0,(anonymous_4)
DA:30,1
DA:31,0
DA:34,0
DA:36,0
DA:40,0
DA:42,0
DA:46,0
DA:48,0
DA:50,0
DA:52,0
DA:54,0
DA:56,0
DA:58,0
DA:60,0
DA:64,0
DA:66,0
DA:68,0
DA:70,0
DA:74,0
DA:76,0
DA:80,0
DA:84,0
DA:93,1
DA:94,0
DA:96,0
DA:98,0
DA:100,0
DA:102,0
DA:111,1
DA:112,0
DA:113,0
DA:121,1
DA:122,0
DA:123,0
DA:132,1
DA:136,0
DA:137,0
DA:138,0
DA:141,0
DA:142,0
LF:40
LH:5
BRDA:31,0,0,0
BRDA:31,0,1,0
BRDA:31,0,2,0
BRDA:31,0,3,0
BRDA:31,0,4,0
BRDA:31,0,5,0
BRDA:31,0,6,0
BRDA:31,0,7,0
BRDA:31,0,8,0
BRDA:31,0,9,0
BRDA:31,0,10,0
BRDA:31,0,11,0
BRDA:31,0,12,0
BRDA:31,0,13,0
BRDA:31,0,14,0
BRDA:31,0,15,0
BRDA:31,0,16,0
BRDA:31,0,17,0
BRDA:31,0,18,0
BRDA:31,0,19,0
BRDA:94,1,0,0
BRDA:94,1,1,0
BRDA:94,1,2,0
BRDA:94,1,3,0
BRDA:113,2,0,0
BRDA:113,2,1,0
BRDA:123,3,0,0
BRDA:123,3,1,0
BRDA:134,4,0,0
BRDA:136,5,0,0
BRDA:136,5,1,0
BRF:31
BRH:0
end_of_record
TN:
SF:src\utils\urlSecurity.ts
FN:73,(anonymous_0)
FN:85,(anonymous_1)
FNF:2
FNH:0
FNDA:0,(anonymous_0)
FNDA:0,(anonymous_1)
DA:4,2
DA:7,2
DA:19,2
DA:73,2
DA:74,0
DA:75,0
DA:76,0
DA:78,0
DA:85,2
DA:86,0
DA:87,0
DA:89,0
LF:12
LH:5
BRF:0
BRH:0
end_of_record
TN:
SF:src\utils\winShims.ts
FN:10,ensureWinShims
FN:27,(anonymous_1)
FN:50,(anonymous_2)
FNF:3
FNH:0
FNDA:0,ensureWinShims
FNDA:0,(anonymous_1)
FNDA:0,(anonymous_2)
DA:11,0
DA:13,0
DA:14,0
DA:20,0
DA:21,0
DA:24,0
DA:26,0
DA:28,0
DA:29,0
DA:30,0
DA:32,0
DA:33,0
DA:34,0
DA:36,0
DA:43,0
DA:44,0
DA:45,0
DA:46,0
DA:49,0
DA:50,0
DA:52,0
DA:54,0
DA:55,0
DA:56,0
DA:60,0
LF:25
LH:0
BRDA:11,0,0,0
BRDA:11,0,1,0
BRDA:15,1,0,0
BRDA:15,1,1,0
BRDA:43,2,0,0
BRDA:43,2,1,0
BRDA:44,3,0,0
BRDA:44,3,1,0
BRDA:52,4,0,0
BRDA:52,4,1,0
BRF:10
BRH:0
end_of_record
TN:
SF:src\utils\workingDir.ts
FN:1,(anonymous_0)
FNF:1
FNH:0
FNDA:0,(anonymous_0)
DA:1,5
DA:3,0
LF:2
LH:1
BRDA:3,0,0,0
BRDA:3,0,1,0
BRF:2
BRH:0
end_of_record
